{"C:\\Users\\steff\\Desktop\\eduhu-test\\src\\app\\page.tsx": {"path":"C:\\Users\\steff\\Desktop\\eduhu-test\\src\\app\\page.tsx","statementMap":{"0":{"start":{"line":6,"column":24},"end":{"line":6,"column":null}},"1":{"start":{"line":3,"column":25},"end":{"line":3,"column":null}},"2":{"start":{"line":4,"column":26},"end":{"line":4,"column":null}},"3":{"start":{"line":7,"column":17},"end":{"line":7,"column":null}},"4":{"start":{"line":8,"column":36},"end":{"line":8,"column":null}},"5":{"start":{"line":10,"column":26},"end":{"line":15,"column":null}},"6":{"start":{"line":11,"column":4},"end":{"line":11,"column":null}},"7":{"start":{"line":13,"column":25},"end":{"line":13,"column":null}},"8":{"start":{"line":14,"column":4},"end":{"line":14,"column":null}}},"fnMap":{"0":{"name":"HomePage","decl":{"start":{"line":6,"column":24},"end":{"line":6,"column":null}},"loc":{"start":{"line":6,"column":24},"end":{"line":122,"column":null}}},"1":{"name":"(anonymous_2)","decl":{"start":{"line":10,"column":26},"end":{"line":10,"column":null}},"loc":{"start":{"line":10,"column":26},"end":{"line":15,"column":null}}}},"branchMap":{"0":{"loc":{"start":{"line":50,"column":15},"end":{"line":50,"column":null}},"type":"cond-expr","locations":[{"start":{"line":50,"column":27},"end":{"line":50,"column":43}},{"start":{"line":50,"column":43},"end":{"line":50,"column":null}}]}},"s":{"0":0,"1":0,"2":0,"3":0,"4":0,"5":0,"6":0,"7":0,"8":0},"f":{"0":0,"1":0},"b":{"0":[0,0]}}
,"C:\\Users\\steff\\Desktop\\eduhu-test\\src\\app\\api\\chat\\route.ts": {"path":"C:\\Users\\steff\\Desktop\\eduhu-test\\src\\app\\api\\chat\\route.ts","statementMap":{"0":{"start":{"line":354,"column":22},"end":{"line":354,"column":null}},"1":{"start":{"line":12,"column":22},"end":{"line":12,"column":27}},"2":{"start":{"line":10,"column":13},"end":{"line":10,"column":23}},"3":{"start":{"line":9,"column":13},"end":{"line":9,"column":23}},"4":{"start":{"line":1,"column":49},"end":{"line":1,"column":null}},"5":{"start":{"line":3,"column":75},"end":{"line":3,"column":null}},"6":{"start":{"line":6,"column":55},"end":{"line":6,"column":null}},"7":{"start":{"line":7,"column":25},"end":{"line":7,"column":null}},"8":{"start":{"line":9,"column":23},"end":{"line":9,"column":30}},"9":{"start":{"line":10,"column":23},"end":{"line":10,"column":null}},"10":{"start":{"line":13,"column":2},"end":{"line":350,"column":null}},"11":{"start":{"line":14,"column":17},"end":{"line":14,"column":null}},"12":{"start":{"line":15,"column":64},"end":{"line":15,"column":null}},"13":{"start":{"line":18,"column":42},"end":{"line":18,"column":44}},"14":{"start":{"line":19,"column":4},"end":{"line":41,"column":null}},"15":{"start":{"line":21,"column":6},"end":{"line":40,"column":null}},"16":{"start":{"line":22,"column":26},"end":{"line":29,"column":null}},"17":{"start":{"line":25,"column":56},"end":{"line":25,"column":72}},"18":{"start":{"line":31,"column":8},"end":{"line":34,"column":null}},"19":{"start":{"line":32,"column":10},"end":{"line":33,"column":null}},"20":{"start":{"line":33,"column":28},"end":{"line":33,"column":null}},"21":{"start":{"line":36,"column":8},"end":{"line":36,"column":null}},"22":{"start":{"line":38,"column":8},"end":{"line":38,"column":null}},"23":{"start":{"line":44,"column":4},"end":{"line":46,"column":null}},"24":{"start":{"line":45,"column":6},"end":{"line":45,"column":null}},"25":{"start":{"line":49,"column":4},"end":{"line":51,"column":null}},"26":{"start":{"line":50,"column":6},"end":{"line":50,"column":null}},"27":{"start":{"line":54,"column":4},"end":{"line":59,"column":null}},"28":{"start":{"line":55,"column":24},"end":{"line":55,"column":null}},"29":{"start":{"line":56,"column":6},"end":{"line":58,"column":null}},"30":{"start":{"line":57,"column":8},"end":{"line":57,"column":null}},"31":{"start":{"line":62,"column":4},"end":{"line":64,"column":null}},"32":{"start":{"line":63,"column":6},"end":{"line":63,"column":null}},"33":{"start":{"line":67,"column":41},"end":{"line":85,"column":null}},"34":{"start":{"line":68,"column":6},"end":{"line":70,"column":null}},"35":{"start":{"line":69,"column":8},"end":{"line":69,"column":null}},"36":{"start":{"line":73,"column":6},"end":{"line":79,"column":null}},"37":{"start":{"line":74,"column":8},"end":{"line":77,"column":null}},"38":{"start":{"line":81,"column":6},"end":{"line":84,"column":null}},"39":{"start":{"line":88,"column":31},"end":{"line":88,"column":null}},"40":{"start":{"line":89,"column":34},"end":{"line":92,"column":null}},"41":{"start":{"line":94,"column":4},"end":{"line":132,"column":null}},"42":{"start":{"line":95,"column":6},"end":{"line":131,"column":null}},"43":{"start":{"line":127,"column":8},"end":{"line":127,"column":null}},"44":{"start":{"line":129,"column":8},"end":{"line":129,"column":null}},"45":{"start":{"line":135,"column":22},"end":{"line":135,"column":null}},"46":{"start":{"line":136,"column":19},"end":{"line":136,"column":null}},"47":{"start":{"line":138,"column":20},"end":{"line":138,"column":null}},"48":{"start":{"line":141,"column":23},"end":{"line":141,"column":null}},"49":{"start":{"line":142,"column":22},"end":{"line":142,"column":null}},"50":{"start":{"line":144,"column":27},"end":{"line":304,"column":null}},"51":{"start":{"line":146,"column":8},"end":{"line":302,"column":null}},"52":{"start":{"line":147,"column":10},"end":{"line":292,"column":null}},"53":{"start":{"line":148,"column":28},"end":{"line":148,"column":null}},"54":{"start":{"line":150,"column":12},"end":{"line":160,"column":null}},"55":{"start":{"line":151,"column":14},"end":{"line":151,"column":null}},"56":{"start":{"line":154,"column":27},"end":{"line":158,"column":null}},"57":{"start":{"line":159,"column":14},"end":{"line":159,"column":null}},"58":{"start":{"line":163,"column":12},"end":{"line":165,"column":null}},"59":{"start":{"line":164,"column":14},"end":{"line":164,"column":null}},"60":{"start":{"line":168,"column":12},"end":{"line":291,"column":null}},"61":{"start":{"line":169,"column":30},"end":{"line":169,"column":null}},"62":{"start":{"line":170,"column":35},"end":{"line":170,"column":null}},"63":{"start":{"line":173,"column":14},"end":{"line":277,"column":null}},"64":{"start":{"line":174,"column":16},"end":{"line":276,"column":null}},"65":{"start":{"line":176,"column":38},"end":{"line":176,"column":77}},"66":{"start":{"line":177,"column":18},"end":{"line":251,"column":null}},"67":{"start":{"line":179,"column":40},"end":{"line":181,"column":null}},"68":{"start":{"line":181,"column":57},"end":{"line":181,"column":80}},"69":{"start":{"line":183,"column":42},"end":{"line":199,"column":null}},"70":{"start":{"line":191,"column":78},"end":{"line":197,"column":null}},"71":{"start":{"line":203,"column":20},"end":{"line":217,"column":null}},"72":{"start":{"line":204,"column":22},"end":{"line":216,"column":null}},"73":{"start":{"line":205,"column":44},"end":{"line":209,"column":null}},"74":{"start":{"line":206,"column":26},"end":{"line":209,"column":null}},"75":{"start":{"line":212,"column":24},"end":{"line":212,"column":null}},"76":{"start":{"line":213,"column":24},"end":{"line":213,"column":null}},"77":{"start":{"line":215,"column":24},"end":{"line":215,"column":null}},"78":{"start":{"line":220,"column":20},"end":{"line":250,"column":null}},"79":{"start":{"line":221,"column":47},"end":{"line":229,"column":null}},"80":{"start":{"line":232,"column":22},"end":{"line":243,"column":null}},"81":{"start":{"line":233,"column":24},"end":{"line":241,"column":null}},"82":{"start":{"line":245,"column":22},"end":{"line":247,"column":null}},"83":{"start":{"line":246,"column":24},"end":{"line":246,"column":null}},"84":{"start":{"line":249,"column":22},"end":{"line":249,"column":null}},"85":{"start":{"line":254,"column":18},"end":{"line":266,"column":null}},"86":{"start":{"line":255,"column":20},"end":{"line":264,"column":null}},"87":{"start":{"line":268,"column":18},"end":{"line":272,"column":null}},"88":{"start":{"line":274,"column":18},"end":{"line":274,"column":null}},"89":{"start":{"line":279,"column":30},"end":{"line":288,"column":null}},"90":{"start":{"line":289,"column":14},"end":{"line":289,"column":null}},"91":{"start":{"line":290,"column":14},"end":{"line":290,"column":null}},"92":{"start":{"line":294,"column":10},"end":{"line":294,"column":null}},"93":{"start":{"line":295,"column":28},"end":{"line":298,"column":null}},"94":{"start":{"line":299,"column":10},"end":{"line":299,"column":null}},"95":{"start":{"line":301,"column":10},"end":{"line":301,"column":null}},"96":{"start":{"line":306,"column":4},"end":{"line":315,"column":null}},"97":{"start":{"line":318,"column":4},"end":{"line":318,"column":null}},"98":{"start":{"line":321,"column":17},"end":{"line":321,"column":null}},"99":{"start":{"line":322,"column":18},"end":{"line":322,"column":null}},"100":{"start":{"line":324,"column":4},"end":{"line":334,"column":null}},"101":{"start":{"line":325,"column":6},"end":{"line":333,"column":null}},"102":{"start":{"line":326,"column":8},"end":{"line":326,"column":null}},"103":{"start":{"line":327,"column":8},"end":{"line":327,"column":null}},"104":{"start":{"line":328,"column":13},"end":{"line":333,"column":null}},"105":{"start":{"line":329,"column":8},"end":{"line":329,"column":null}},"106":{"start":{"line":330,"column":8},"end":{"line":330,"column":null}},"107":{"start":{"line":332,"column":8},"end":{"line":332,"column":null}},"108":{"start":{"line":337,"column":4},"end":{"line":348,"column":null}},"109":{"start":{"line":355,"column":2},"end":{"line":362,"column":null}}},"fnMap":{"0":{"name":"POST","decl":{"start":{"line":12,"column":22},"end":{"line":12,"column":27}},"loc":{"start":{"line":12,"column":43},"end":{"line":351,"column":null}}},"1":{"name":"(anonymous_6)","decl":{"start":{"line":25,"column":44},"end":{"line":25,"column":45}},"loc":{"start":{"line":25,"column":56},"end":{"line":25,"column":72}}},"2":{"name":"(anonymous_7)","decl":{"start":{"line":33,"column":20},"end":{"line":33,"column":28}},"loc":{"start":{"line":33,"column":28},"end":{"line":33,"column":null}}},"3":{"name":"(anonymous_8)","decl":{"start":{"line":67,"column":54},"end":{"line":67,"column":55}},"loc":{"start":{"line":67,"column":65},"end":{"line":85,"column":null}}},"4":{"name":"(anonymous_9)","decl":{"start":{"line":145,"column":6},"end":{"line":145,"column":12}},"loc":{"start":{"line":145,"column":28},"end":{"line":303,"column":null}}},"5":{"name":"(anonymous_10)","decl":{"start":{"line":181,"column":49},"end":{"line":181,"column":57}},"loc":{"start":{"line":181,"column":57},"end":{"line":181,"column":80}}},"6":{"name":"(anonymous_11)","decl":{"start":{"line":191,"column":72},"end":{"line":191,"column":78}},"loc":{"start":{"line":191,"column":78},"end":{"line":197,"column":null}}},"7":{"name":"(anonymous_12)","decl":{"start":{"line":205,"column":73},"end":{"line":205,"column":null}},"loc":{"start":{"line":206,"column":26},"end":{"line":209,"column":null}}},"8":{"name":"OPTIONS","decl":{"start":{"line":354,"column":22},"end":{"line":354,"column":null}},"loc":{"start":{"line":354,"column":22},"end":{"line":363,"column":null}}}},"branchMap":{"0":{"loc":{"start":{"line":19,"column":4},"end":{"line":41,"column":null}},"type":"if","locations":[{"start":{"line":19,"column":4},"end":{"line":41,"column":null}}]},"1":{"loc":{"start":{"line":19,"column":8},"end":{"line":19,"column":89}},"type":"binary-expr","locations":[{"start":{"line":19,"column":8},"end":{"line":19,"column":27}},{"start":{"line":19,"column":27},"end":{"line":19,"column":61}},{"start":{"line":19,"column":61},"end":{"line":19,"column":89}}]},"2":{"loc":{"start":{"line":25,"column":56},"end":{"line":25,"column":72}},"type":"binary-expr","locations":[{"start":{"line":25,"column":56},"end":{"line":25,"column":60}},{"start":{"line":25,"column":64},"end":{"line":25,"column":72}}]},"3":{"loc":{"start":{"line":31,"column":8},"end":{"line":34,"column":null}},"type":"if","locations":[{"start":{"line":31,"column":8},"end":{"line":34,"column":null}}]},"4":{"loc":{"start":{"line":44,"column":4},"end":{"line":46,"column":null}},"type":"if","locations":[{"start":{"line":44,"column":4},"end":{"line":46,"column":null}}]},"5":{"loc":{"start":{"line":44,"column":8},"end":{"line":44,"column":47}},"type":"binary-expr","locations":[{"start":{"line":44,"column":8},"end":{"line":44,"column":21}},{"start":{"line":44,"column":21},"end":{"line":44,"column":47}}]},"6":{"loc":{"start":{"line":49,"column":4},"end":{"line":51,"column":null}},"type":"if","locations":[{"start":{"line":49,"column":4},"end":{"line":51,"column":null}}]},"7":{"loc":{"start":{"line":49,"column":8},"end":{"line":49,"column":33}},"type":"binary-expr","locations":[{"start":{"line":49,"column":8},"end":{"line":49,"column":21}},{"start":{"line":49,"column":21},"end":{"line":49,"column":33}}]},"8":{"loc":{"start":{"line":54,"column":4},"end":{"line":59,"column":null}},"type":"if","locations":[{"start":{"line":54,"column":4},"end":{"line":59,"column":null}}]},"9":{"loc":{"start":{"line":54,"column":8},"end":{"line":54,"column":32}},"type":"binary-expr","locations":[{"start":{"line":54,"column":8},"end":{"line":54,"column":21}},{"start":{"line":54,"column":21},"end":{"line":54,"column":32}}]},"10":{"loc":{"start":{"line":56,"column":6},"end":{"line":58,"column":null}},"type":"if","locations":[{"start":{"line":56,"column":6},"end":{"line":58,"column":null}}]},"11":{"loc":{"start":{"line":62,"column":4},"end":{"line":64,"column":null}},"type":"if","locations":[{"start":{"line":62,"column":4},"end":{"line":64,"column":null}}]},"12":{"loc":{"start":{"line":68,"column":6},"end":{"line":70,"column":null}},"type":"if","locations":[{"start":{"line":68,"column":6},"end":{"line":70,"column":null}}]},"13":{"loc":{"start":{"line":68,"column":10},"end":{"line":68,"column":82}},"type":"binary-expr","locations":[{"start":{"line":68,"column":10},"end":{"line":68,"column":22}},{"start":{"line":68,"column":26},"end":{"line":68,"column":35}},{"start":{"line":68,"column":39},"end":{"line":68,"column":82}}]},"14":{"loc":{"start":{"line":73,"column":6},"end":{"line":79,"column":null}},"type":"if","locations":[{"start":{"line":73,"column":6},"end":{"line":79,"column":null}}]},"15":{"loc":{"start":{"line":73,"column":10},"end":{"line":73,"column":131}},"type":"binary-expr","locations":[{"start":{"line":73,"column":10},"end":{"line":73,"column":33}},{"start":{"line":73,"column":33},"end":{"line":73,"column":66}},{"start":{"line":73,"column":66},"end":{"line":73,"column":94}},{"start":{"line":73,"column":94},"end":{"line":73,"column":131}}]},"16":{"loc":{"start":{"line":94,"column":4},"end":{"line":132,"column":null}},"type":"if","locations":[{"start":{"line":94,"column":4},"end":{"line":132,"column":null}}]},"17":{"loc":{"start":{"line":94,"column":8},"end":{"line":94,"column":32}},"type":"binary-expr","locations":[{"start":{"line":94,"column":8},"end":{"line":94,"column":21}},{"start":{"line":94,"column":21},"end":{"line":94,"column":32}}]},"18":{"loc":{"start":{"line":148,"column":28},"end":{"line":148,"column":null}},"type":"binary-expr","locations":[{"start":{"line":148,"column":28},"end":{"line":148,"column":64}},{"start":{"line":148,"column":64},"end":{"line":148,"column":null}}]},"19":{"loc":{"start":{"line":150,"column":12},"end":{"line":160,"column":null}},"type":"if","locations":[{"start":{"line":150,"column":12},"end":{"line":160,"column":null}}]},"20":{"loc":{"start":{"line":163,"column":12},"end":{"line":165,"column":null}},"type":"if","locations":[{"start":{"line":163,"column":12},"end":{"line":165,"column":null}}]},"21":{"loc":{"start":{"line":164,"column":28},"end":{"line":164,"column":null}},"type":"binary-expr","locations":[{"start":{"line":164,"column":28},"end":{"line":164,"column":52}},{"start":{"line":164,"column":56},"end":{"line":164,"column":null}}]},"22":{"loc":{"start":{"line":168,"column":12},"end":{"line":291,"column":null}},"type":"if","locations":[{"start":{"line":168,"column":12},"end":{"line":291,"column":null}}]},"23":{"loc":{"start":{"line":173,"column":14},"end":{"line":277,"column":null}},"type":"if","locations":[{"start":{"line":173,"column":14},"end":{"line":277,"column":null}}]},"24":{"loc":{"start":{"line":173,"column":18},"end":{"line":173,"column":70}},"type":"binary-expr","locations":[{"start":{"line":173,"column":18},"end":{"line":173,"column":31}},{"start":{"line":173,"column":31},"end":{"line":173,"column":44}},{"start":{"line":173,"column":44},"end":{"line":173,"column":70}}]},"25":{"loc":{"start":{"line":177,"column":18},"end":{"line":251,"column":null}},"type":"if","locations":[{"start":{"line":177,"column":18},"end":{"line":251,"column":null}}]},"26":{"loc":{"start":{"line":177,"column":22},"end":{"line":177,"column":66}},"type":"binary-expr","locations":[{"start":{"line":177,"column":22},"end":{"line":177,"column":37}},{"start":{"line":177,"column":37},"end":{"line":177,"column":66}}]},"27":{"loc":{"start":{"line":179,"column":40},"end":{"line":181,"column":null}},"type":"cond-expr","locations":[{"start":{"line":180,"column":24},"end":{"line":180,"column":43}},{"start":{"line":181,"column":24},"end":{"line":181,"column":null}}]},"28":{"loc":{"start":{"line":181,"column":24},"end":{"line":181,"column":null}},"type":"binary-expr","locations":[{"start":{"line":181,"column":24},"end":{"line":181,"column":88}},{"start":{"line":181,"column":88},"end":{"line":181,"column":null}}]},"29":{"loc":{"start":{"line":189,"column":37},"end":{"line":189,"column":null}},"type":"cond-expr","locations":[{"start":{"line":189,"column":75},"end":{"line":189,"column":95}},{"start":{"line":189,"column":95},"end":{"line":189,"column":null}}]},"30":{"loc":{"start":{"line":190,"column":34},"end":{"line":198,"column":null}},"type":"cond-expr","locations":[{"start":{"line":190,"column":72},"end":{"line":198,"column":28}},{"start":{"line":198,"column":28},"end":{"line":198,"column":null}}]},"31":{"loc":{"start":{"line":203,"column":20},"end":{"line":217,"column":null}},"type":"if","locations":[{"start":{"line":203,"column":20},"end":{"line":217,"column":null}}]},"32":{"loc":{"start":{"line":245,"column":22},"end":{"line":247,"column":null}},"type":"if","locations":[{"start":{"line":245,"column":22},"end":{"line":247,"column":null}}]},"33":{"loc":{"start":{"line":254,"column":18},"end":{"line":266,"column":null}},"type":"if","locations":[{"start":{"line":254,"column":18},"end":{"line":266,"column":null}}]},"34":{"loc":{"start":{"line":286,"column":25},"end":{"line":286,"column":null}},"type":"cond-expr","locations":[{"start":{"line":286,"column":37},"end":{"line":286,"column":44}},{"start":{"line":286,"column":44},"end":{"line":286,"column":null}}]},"35":{"loc":{"start":{"line":324,"column":4},"end":{"line":334,"column":null}},"type":"if","locations":[{"start":{"line":324,"column":4},"end":{"line":334,"column":null}}]},"36":{"loc":{"start":{"line":325,"column":6},"end":{"line":333,"column":null}},"type":"if","locations":[{"start":{"line":325,"column":6},"end":{"line":333,"column":null}},{"start":{"line":328,"column":13},"end":{"line":333,"column":null}}]},"37":{"loc":{"start":{"line":328,"column":13},"end":{"line":333,"column":null}},"type":"if","locations":[{"start":{"line":328,"column":13},"end":{"line":333,"column":null}},{"start":{"line":331,"column":13},"end":{"line":333,"column":null}}]},"38":{"loc":{"start":{"line":328,"column":17},"end":{"line":328,"column":90}},"type":"binary-expr","locations":[{"start":{"line":328,"column":17},"end":{"line":328,"column":54}},{"start":{"line":328,"column":54},"end":{"line":328,"column":90}}]}},"s":{"0":0,"1":0,"2":0,"3":0,"4":0,"5":0,"6":0,"7":0,"8":0,"9":0,"10":0,"11":0,"12":0,"13":0,"14":0,"15":0,"16":0,"17":0,"18":0,"19":0,"20":0,"21":0,"22":0,"23":0,"24":0,"25":0,"26":0,"27":0,"28":0,"29":0,"30":0,"31":0,"32":0,"33":0,"34":0,"35":0,"36":0,"37":0,"38":0,"39":0,"40":0,"41":0,"42":0,"43":0,"44":0,"45":0,"46":0,"47":0,"48":0,"49":0,"50":0,"51":0,"52":0,"53":0,"54":0,"55":0,"56":0,"57":0,"58":0,"59":0,"60":0,"61":0,"62":0,"63":0,"64":0,"65":0,"66":0,"67":0,"68":0,"69":0,"70":0,"71":0,"72":0,"73":0,"74":0,"75":0,"76":0,"77":0,"78":0,"79":0,"80":0,"81":0,"82":0,"83":0,"84":0,"85":0,"86":0,"87":0,"88":0,"89":0,"90":0,"91":0,"92":0,"93":0,"94":0,"95":0,"96":0,"97":0,"98":0,"99":0,"100":0,"101":0,"102":0,"103":0,"104":0,"105":0,"106":0,"107":0,"108":0,"109":0},"f":{"0":0,"1":0,"2":0,"3":0,"4":0,"5":0,"6":0,"7":0,"8":0},"b":{"0":[0],"1":[0,0,0],"2":[0,0],"3":[0],"4":[0],"5":[0,0],"6":[0],"7":[0,0],"8":[0],"9":[0,0],"10":[0],"11":[0],"12":[0],"13":[0,0,0],"14":[0],"15":[0,0,0,0],"16":[0],"17":[0,0],"18":[0,0],"19":[0],"20":[0],"21":[0,0],"22":[0],"23":[0],"24":[0,0,0],"25":[0],"26":[0,0],"27":[0,0],"28":[0,0],"29":[0,0],"30":[0,0],"31":[0],"32":[0],"33":[0],"34":[0,0],"35":[0],"36":[0,0],"37":[0,0],"38":[0,0]}}
,"C:\\Users\\steff\\Desktop\\eduhu-test\\src\\app\\api\\files\\[...path]\\route.ts": {"path":"C:\\Users\\steff\\Desktop\\eduhu-test\\src\\app\\api\\files\\[...path]\\route.ts","statementMap":{"0":{"start":{"line":14,"column":22},"end":{"line":14,"column":null}},"1":{"start":{"line":337,"column":22},"end":{"line":337,"column":null}},"2":{"start":{"line":1,"column":42},"end":{"line":1,"column":null}},"3":{"start":{"line":2,"column":31},"end":{"line":2,"column":null}},"4":{"start":{"line":3,"column":17},"end":{"line":3,"column":null}},"5":{"start":{"line":4,"column":19},"end":{"line":4,"column":null}},"6":{"start":{"line":10,"column":7},"end":{"line":10,"column":null}},"7":{"start":{"line":11,"column":19},"end":{"line":11,"column":null}},"8":{"start":{"line":12,"column":38},"end":{"line":12,"column":null}},"9":{"start":{"line":18,"column":20},"end":{"line":18,"column":null}},"10":{"start":{"line":19,"column":33},"end":{"line":19,"column":null}},"11":{"start":{"line":20,"column":24},"end":{"line":20,"column":null}},"12":{"start":{"line":22,"column":2},"end":{"line":333,"column":null}},"13":{"start":{"line":24,"column":21},"end":{"line":24,"column":null}},"14":{"start":{"line":26,"column":4},"end":{"line":31,"column":null}},"15":{"start":{"line":27,"column":6},"end":{"line":29,"column":null}},"16":{"start":{"line":34,"column":4},"end":{"line":39,"column":null}},"17":{"start":{"line":35,"column":6},"end":{"line":37,"column":null}},"18":{"start":{"line":42,"column":23},"end":{"line":42,"column":null}},"19":{"start":{"line":43,"column":27},"end":{"line":43,"column":null}},"20":{"start":{"line":44,"column":27},"end":{"line":44,"column":null}},"21":{"start":{"line":47,"column":4},"end":{"line":47,"column":null}},"22":{"start":{"line":50,"column":4},"end":{"line":59,"column":null}},"23":{"start":{"line":51,"column":31},"end":{"line":51,"column":null}},"24":{"start":{"line":52,"column":6},"end":{"line":58,"column":null}},"25":{"start":{"line":53,"column":8},"end":{"line":53,"column":null}},"26":{"start":{"line":54,"column":8},"end":{"line":56,"column":null}},"27":{"start":{"line":62,"column":4},"end":{"line":86,"column":null}},"28":{"start":{"line":63,"column":24},"end":{"line":71,"column":null}},"29":{"start":{"line":73,"column":6},"end":{"line":73,"column":null}},"30":{"start":{"line":76,"column":6},"end":{"line":82,"column":null}},"31":{"start":{"line":77,"column":8},"end":{"line":77,"column":null}},"32":{"start":{"line":78,"column":8},"end":{"line":80,"column":null}},"33":{"start":{"line":84,"column":6},"end":{"line":84,"column":null}},"34":{"start":{"line":89,"column":24},"end":{"line":89,"column":null}},"35":{"start":{"line":90,"column":23},"end":{"line":92,"column":null}},"36":{"start":{"line":95,"column":27},"end":{"line":95,"column":null}},"37":{"start":{"line":98,"column":19},"end":{"line":98,"column":null}},"38":{"start":{"line":99,"column":21},"end":{"line":99,"column":null}},"39":{"start":{"line":102,"column":22},"end":{"line":106,"column":null}},"40":{"start":{"line":109,"column":26},"end":{"line":109,"column":null}},"41":{"start":{"line":110,"column":23},"end":{"line":110,"column":null}},"42":{"start":{"line":112,"column":4},"end":{"line":302,"column":null}},"43":{"start":{"line":114,"column":6},"end":{"line":171,"column":null}},"44":{"start":{"line":115,"column":31},"end":{"line":115,"column":null}},"45":{"start":{"line":117,"column":8},"end":{"line":119,"column":null}},"46":{"start":{"line":118,"column":10},"end":{"line":118,"column":null}},"47":{"start":{"line":121,"column":8},"end":{"line":121,"column":null}},"48":{"start":{"line":122,"column":8},"end":{"line":126,"column":null}},"49":{"start":{"line":127,"column":8},"end":{"line":127,"column":null}},"50":{"start":{"line":128,"column":8},"end":{"line":128,"column":null}},"51":{"start":{"line":132,"column":8},"end":{"line":170,"column":null}},"52":{"start":{"line":133,"column":10},"end":{"line":133,"column":null}},"53":{"start":{"line":135,"column":10},"end":{"line":166,"column":null}},"54":{"start":{"line":137,"column":30},"end":{"line":137,"column":null}},"55":{"start":{"line":140,"column":31},"end":{"line":140,"column":null}},"56":{"start":{"line":141,"column":12},"end":{"line":143,"column":null}},"57":{"start":{"line":142,"column":14},"end":{"line":142,"column":null}},"58":{"start":{"line":145,"column":32},"end":{"line":145,"column":null}},"59":{"start":{"line":146,"column":12},"end":{"line":146,"column":null}},"60":{"start":{"line":149,"column":31},"end":{"line":149,"column":null}},"61":{"start":{"line":150,"column":12},"end":{"line":158,"column":null}},"62":{"start":{"line":151,"column":14},"end":{"line":155,"column":null}},"63":{"start":{"line":157,"column":14},"end":{"line":157,"column":null}},"64":{"start":{"line":160,"column":12},"end":{"line":160,"column":null}},"65":{"start":{"line":161,"column":12},"end":{"line":161,"column":null}},"66":{"start":{"line":164,"column":12},"end":{"line":164,"column":null}},"67":{"start":{"line":165,"column":12},"end":{"line":165,"column":null}},"68":{"start":{"line":169,"column":10},"end":{"line":169,"column":null}},"69":{"start":{"line":174,"column":24},"end":{"line":174,"column":null}},"70":{"start":{"line":176,"column":6},"end":{"line":208,"column":null}},"71":{"start":{"line":179,"column":10},"end":{"line":179,"column":null}},"72":{"start":{"line":180,"column":10},"end":{"line":180,"column":null}},"73":{"start":{"line":182,"column":10},"end":{"line":182,"column":null}},"74":{"start":{"line":183,"column":10},"end":{"line":183,"column":null}},"75":{"start":{"line":185,"column":10},"end":{"line":185,"column":null}},"76":{"start":{"line":186,"column":10},"end":{"line":186,"column":null}},"77":{"start":{"line":188,"column":10},"end":{"line":188,"column":null}},"78":{"start":{"line":189,"column":10},"end":{"line":189,"column":null}},"79":{"start":{"line":191,"column":10},"end":{"line":191,"column":null}},"80":{"start":{"line":192,"column":10},"end":{"line":192,"column":null}},"81":{"start":{"line":194,"column":10},"end":{"line":194,"column":null}},"82":{"start":{"line":195,"column":10},"end":{"line":195,"column":null}},"83":{"start":{"line":197,"column":10},"end":{"line":197,"column":null}},"84":{"start":{"line":198,"column":10},"end":{"line":198,"column":null}},"85":{"start":{"line":200,"column":10},"end":{"line":200,"column":null}},"86":{"start":{"line":201,"column":10},"end":{"line":201,"column":null}},"87":{"start":{"line":203,"column":10},"end":{"line":203,"column":null}},"88":{"start":{"line":204,"column":10},"end":{"line":204,"column":null}},"89":{"start":{"line":206,"column":10},"end":{"line":206,"column":null}},"90":{"start":{"line":207,"column":10},"end":{"line":207,"column":null}},"91":{"start":{"line":211,"column":22},"end":{"line":211,"column":null}},"92":{"start":{"line":214,"column":6},"end":{"line":214,"column":null}},"93":{"start":{"line":217,"column":6},"end":{"line":217,"column":null}},"94":{"start":{"line":218,"column":6},"end":{"line":218,"column":null}},"95":{"start":{"line":221,"column":6},"end":{"line":246,"column":null}},"96":{"start":{"line":222,"column":8},"end":{"line":245,"column":null}},"97":{"start":{"line":223,"column":30},"end":{"line":223,"column":97}},"98":{"start":{"line":224,"column":10},"end":{"line":242,"column":null}},"99":{"start":{"line":244,"column":10},"end":{"line":244,"column":null}},"100":{"start":{"line":249,"column":6},"end":{"line":252,"column":null}},"101":{"start":{"line":255,"column":6},"end":{"line":255,"column":null}},"102":{"start":{"line":258,"column":6},"end":{"line":279,"column":null}},"103":{"start":{"line":259,"column":8},"end":{"line":278,"column":null}},"104":{"start":{"line":260,"column":30},"end":{"line":260,"column":97}},"105":{"start":{"line":261,"column":10},"end":{"line":275,"column":null}},"106":{"start":{"line":277,"column":10},"end":{"line":277,"column":null}},"107":{"start":{"line":282,"column":6},"end":{"line":288,"column":null}},"108":{"start":{"line":284,"column":8},"end":{"line":286,"column":null}},"109":{"start":{"line":290,"column":6},"end":{"line":295,"column":null}},"110":{"start":{"line":291,"column":8},"end":{"line":293,"column":null}},"111":{"start":{"line":298,"column":6},"end":{"line":300,"column":null}},"112":{"start":{"line":305,"column":4},"end":{"line":305,"column":null}},"113":{"start":{"line":308,"column":4},"end":{"line":327,"column":null}},"114":{"start":{"line":309,"column":6},"end":{"line":326,"column":null}},"115":{"start":{"line":310,"column":28},"end":{"line":310,"column":95}},"116":{"start":{"line":311,"column":8},"end":{"line":323,"column":null}},"117":{"start":{"line":325,"column":8},"end":{"line":325,"column":null}},"118":{"start":{"line":329,"column":4},"end":{"line":331,"column":null}},"119":{"start":{"line":341,"column":20},"end":{"line":341,"column":null}},"120":{"start":{"line":342,"column":33},"end":{"line":342,"column":null}},"121":{"start":{"line":344,"column":2},"end":{"line":483,"column":null}},"122":{"start":{"line":345,"column":21},"end":{"line":345,"column":null}},"123":{"start":{"line":347,"column":4},"end":{"line":349,"column":null}},"124":{"start":{"line":348,"column":6},"end":{"line":348,"column":null}},"125":{"start":{"line":352,"column":4},"end":{"line":354,"column":null}},"126":{"start":{"line":353,"column":6},"end":{"line":353,"column":null}},"127":{"start":{"line":357,"column":27},"end":{"line":357,"column":null}},"128":{"start":{"line":358,"column":27},"end":{"line":358,"column":null}},"129":{"start":{"line":359,"column":4},"end":{"line":359,"column":null}},"130":{"start":{"line":362,"column":4},"end":{"line":367,"column":null}},"131":{"start":{"line":363,"column":31},"end":{"line":363,"column":null}},"132":{"start":{"line":364,"column":6},"end":{"line":366,"column":null}},"133":{"start":{"line":365,"column":8},"end":{"line":365,"column":null}},"134":{"start":{"line":369,"column":24},"end":{"line":369,"column":null}},"135":{"start":{"line":370,"column":23},"end":{"line":372,"column":null}},"136":{"start":{"line":375,"column":27},"end":{"line":375,"column":null}},"137":{"start":{"line":377,"column":26},"end":{"line":377,"column":null}},"138":{"start":{"line":378,"column":23},"end":{"line":378,"column":null}},"139":{"start":{"line":381,"column":22},"end":{"line":385,"column":null}},"140":{"start":{"line":388,"column":4},"end":{"line":478,"column":null}},"141":{"start":{"line":389,"column":6},"end":{"line":420,"column":null}},"142":{"start":{"line":390,"column":31},"end":{"line":390,"column":null}},"143":{"start":{"line":392,"column":8},"end":{"line":394,"column":null}},"144":{"start":{"line":393,"column":10},"end":{"line":393,"column":null}},"145":{"start":{"line":396,"column":8},"end":{"line":400,"column":null}},"146":{"start":{"line":401,"column":8},"end":{"line":401,"column":null}},"147":{"start":{"line":405,"column":8},"end":{"line":419,"column":null}},"148":{"start":{"line":406,"column":29},"end":{"line":406,"column":null}},"149":{"start":{"line":407,"column":10},"end":{"line":416,"column":null}},"150":{"start":{"line":408,"column":12},"end":{"line":412,"column":null}},"151":{"start":{"line":413,"column":12},"end":{"line":413,"column":null}},"152":{"start":{"line":415,"column":12},"end":{"line":415,"column":null}},"153":{"start":{"line":418,"column":10},"end":{"line":418,"column":null}},"154":{"start":{"line":422,"column":23},"end":{"line":422,"column":null}},"155":{"start":{"line":423,"column":24},"end":{"line":423,"column":null}},"156":{"start":{"line":426,"column":21},"end":{"line":426,"column":null}},"157":{"start":{"line":427,"column":6},"end":{"line":459,"column":null}},"158":{"start":{"line":430,"column":10},"end":{"line":430,"column":null}},"159":{"start":{"line":431,"column":10},"end":{"line":431,"column":null}},"160":{"start":{"line":433,"column":10},"end":{"line":433,"column":null}},"161":{"start":{"line":434,"column":10},"end":{"line":434,"column":null}},"162":{"start":{"line":436,"column":10},"end":{"line":436,"column":null}},"163":{"start":{"line":437,"column":10},"end":{"line":437,"column":null}},"164":{"start":{"line":439,"column":10},"end":{"line":439,"column":null}},"165":{"start":{"line":440,"column":10},"end":{"line":440,"column":null}},"166":{"start":{"line":442,"column":10},"end":{"line":442,"column":null}},"167":{"start":{"line":443,"column":10},"end":{"line":443,"column":null}},"168":{"start":{"line":445,"column":10},"end":{"line":445,"column":null}},"169":{"start":{"line":446,"column":10},"end":{"line":446,"column":null}},"170":{"start":{"line":448,"column":10},"end":{"line":448,"column":null}},"171":{"start":{"line":449,"column":10},"end":{"line":449,"column":null}},"172":{"start":{"line":451,"column":10},"end":{"line":451,"column":null}},"173":{"start":{"line":452,"column":10},"end":{"line":452,"column":null}},"174":{"start":{"line":454,"column":10},"end":{"line":454,"column":null}},"175":{"start":{"line":455,"column":10},"end":{"line":455,"column":null}},"176":{"start":{"line":457,"column":10},"end":{"line":457,"column":null}},"177":{"start":{"line":458,"column":10},"end":{"line":458,"column":null}},"178":{"start":{"line":461,"column":22},"end":{"line":461,"column":null}},"179":{"start":{"line":462,"column":6},"end":{"line":462,"column":null}},"180":{"start":{"line":463,"column":6},"end":{"line":463,"column":null}},"181":{"start":{"line":464,"column":6},"end":{"line":464,"column":null}},"182":{"start":{"line":466,"column":6},"end":{"line":469,"column":null}},"183":{"start":{"line":472,"column":6},"end":{"line":475,"column":null}},"184":{"start":{"line":474,"column":8},"end":{"line":474,"column":null}},"185":{"start":{"line":477,"column":6},"end":{"line":477,"column":null}},"186":{"start":{"line":481,"column":4},"end":{"line":481,"column":null}},"187":{"start":{"line":482,"column":4},"end":{"line":482,"column":null}}},"fnMap":{"0":{"name":"GET","decl":{"start":{"line":14,"column":22},"end":{"line":14,"column":null}},"loc":{"start":{"line":16,"column":44},"end":{"line":334,"column":null}}},"1":{"name":"HEAD","decl":{"start":{"line":337,"column":22},"end":{"line":337,"column":null}},"loc":{"start":{"line":339,"column":44},"end":{"line":484,"column":null}}}},"branchMap":{"0":{"loc":{"start":{"line":26,"column":4},"end":{"line":31,"column":null}},"type":"if","locations":[{"start":{"line":26,"column":4},"end":{"line":31,"column":null}}]},"1":{"loc":{"start":{"line":34,"column":4},"end":{"line":39,"column":null}},"type":"if","locations":[{"start":{"line":34,"column":4},"end":{"line":39,"column":null}}]},"2":{"loc":{"start":{"line":34,"column":8},"end":{"line":34,"column":59}},"type":"binary-expr","locations":[{"start":{"line":34,"column":8},"end":{"line":34,"column":35}},{"start":{"line":34,"column":35},"end":{"line":34,"column":59}}]},"3":{"loc":{"start":{"line":50,"column":4},"end":{"line":59,"column":null}},"type":"if","locations":[{"start":{"line":50,"column":4},"end":{"line":59,"column":null}}]},"4":{"loc":{"start":{"line":50,"column":8},"end":{"line":50,"column":37}},"type":"binary-expr","locations":[{"start":{"line":50,"column":8},"end":{"line":50,"column":26}},{"start":{"line":50,"column":26},"end":{"line":50,"column":37}}]},"5":{"loc":{"start":{"line":52,"column":6},"end":{"line":58,"column":null}},"type":"if","locations":[{"start":{"line":52,"column":6},"end":{"line":58,"column":null}}]},"6":{"loc":{"start":{"line":67,"column":24},"end":{"line":67,"column":null}},"type":"binary-expr","locations":[{"start":{"line":67,"column":24},"end":{"line":67,"column":53}},{"start":{"line":67,"column":53},"end":{"line":67,"column":null}}]},"7":{"loc":{"start":{"line":76,"column":6},"end":{"line":82,"column":null}},"type":"if","locations":[{"start":{"line":76,"column":6},"end":{"line":82,"column":null}}]},"8":{"loc":{"start":{"line":76,"column":10},"end":{"line":76,"column":74}},"type":"binary-expr","locations":[{"start":{"line":76,"column":10},"end":{"line":76,"column":24}},{"start":{"line":76,"column":24},"end":{"line":76,"column":37}},{"start":{"line":76,"column":37},"end":{"line":76,"column":74}}]},"9":{"loc":{"start":{"line":90,"column":23},"end":{"line":92,"column":null}},"type":"cond-expr","locations":[{"start":{"line":91,"column":8},"end":{"line":91,"column":null}},{"start":{"line":92,"column":8},"end":{"line":92,"column":null}}]},"10":{"loc":{"start":{"line":105,"column":6},"end":{"line":105,"column":null}},"type":"cond-expr","locations":[{"start":{"line":105,"column":20},"end":{"line":105,"column":35}},{"start":{"line":105,"column":35},"end":{"line":105,"column":null}}]},"11":{"loc":{"start":{"line":117,"column":8},"end":{"line":119,"column":null}},"type":"if","locations":[{"start":{"line":117,"column":8},"end":{"line":119,"column":null}}]},"12":{"loc":{"start":{"line":132,"column":8},"end":{"line":170,"column":null}},"type":"if","locations":[{"start":{"line":132,"column":8},"end":{"line":170,"column":null}},{"start":{"line":167,"column":15},"end":{"line":170,"column":null}}]},"13":{"loc":{"start":{"line":132,"column":12},"end":{"line":132,"column":72}},"type":"binary-expr","locations":[{"start":{"line":132,"column":12},"end":{"line":132,"column":30}},{"start":{"line":132,"column":30},"end":{"line":132,"column":72}}]},"14":{"loc":{"start":{"line":141,"column":12},"end":{"line":143,"column":null}},"type":"if","locations":[{"start":{"line":141,"column":12},"end":{"line":143,"column":null}}]},"15":{"loc":{"start":{"line":150,"column":12},"end":{"line":158,"column":null}},"type":"if","locations":[{"start":{"line":150,"column":12},"end":{"line":158,"column":null}},{"start":{"line":156,"column":19},"end":{"line":158,"column":null}}]},"16":{"loc":{"start":{"line":176,"column":6},"end":{"line":208,"column":null}},"type":"switch","locations":[{"start":{"line":177,"column":8},"end":{"line":177,"column":null}},{"start":{"line":178,"column":8},"end":{"line":180,"column":null}},{"start":{"line":181,"column":8},"end":{"line":183,"column":null}},{"start":{"line":184,"column":8},"end":{"line":186,"column":null}},{"start":{"line":187,"column":8},"end":{"line":189,"column":null}},{"start":{"line":190,"column":8},"end":{"line":192,"column":null}},{"start":{"line":193,"column":8},"end":{"line":195,"column":null}},{"start":{"line":196,"column":8},"end":{"line":198,"column":null}},{"start":{"line":199,"column":8},"end":{"line":201,"column":null}},{"start":{"line":202,"column":8},"end":{"line":204,"column":null}},{"start":{"line":205,"column":8},"end":{"line":207,"column":null}}]},"17":{"loc":{"start":{"line":217,"column":33},"end":{"line":217,"column":null}},"type":"cond-expr","locations":[{"start":{"line":217,"column":51},"end":{"line":217,"column":62}},{"start":{"line":217,"column":62},"end":{"line":217,"column":null}}]},"18":{"loc":{"start":{"line":217,"column":62},"end":{"line":217,"column":null}},"type":"cond-expr","locations":[{"start":{"line":217,"column":77},"end":{"line":217,"column":84}},{"start":{"line":217,"column":84},"end":{"line":217,"column":null}}]},"19":{"loc":{"start":{"line":221,"column":6},"end":{"line":246,"column":null}},"type":"if","locations":[{"start":{"line":221,"column":6},"end":{"line":246,"column":null}}]},"20":{"loc":{"start":{"line":221,"column":10},"end":{"line":221,"column":35}},"type":"binary-expr","locations":[{"start":{"line":221,"column":10},"end":{"line":221,"column":23}},{"start":{"line":221,"column":23},"end":{"line":221,"column":35}}]},"21":{"loc":{"start":{"line":223,"column":30},"end":{"line":223,"column":97}},"type":"cond-expr","locations":[{"start":{"line":223,"column":50},"end":{"line":223,"column":72}},{"start":{"line":223,"column":72},"end":{"line":223,"column":97}}]},"22":{"loc":{"start":{"line":229,"column":26},"end":{"line":229,"column":null}},"type":"binary-expr","locations":[{"start":{"line":229,"column":26},"end":{"line":229,"column":44}},{"start":{"line":229,"column":44},"end":{"line":229,"column":null}}]},"23":{"loc":{"start":{"line":234,"column":29},"end":{"line":234,"column":null}},"type":"cond-expr","locations":[{"start":{"line":234,"column":47},"end":{"line":234,"column":58}},{"start":{"line":234,"column":58},"end":{"line":234,"column":null}}]},"24":{"loc":{"start":{"line":234,"column":58},"end":{"line":234,"column":null}},"type":"cond-expr","locations":[{"start":{"line":234,"column":73},"end":{"line":234,"column":80}},{"start":{"line":234,"column":80},"end":{"line":234,"column":null}}]},"25":{"loc":{"start":{"line":258,"column":6},"end":{"line":279,"column":null}},"type":"if","locations":[{"start":{"line":258,"column":6},"end":{"line":279,"column":null}}]},"26":{"loc":{"start":{"line":260,"column":30},"end":{"line":260,"column":97}},"type":"cond-expr","locations":[{"start":{"line":260,"column":50},"end":{"line":260,"column":72}},{"start":{"line":260,"column":72},"end":{"line":260,"column":97}}]},"27":{"loc":{"start":{"line":266,"column":26},"end":{"line":266,"column":null}},"type":"binary-expr","locations":[{"start":{"line":266,"column":26},"end":{"line":266,"column":44}},{"start":{"line":266,"column":44},"end":{"line":266,"column":null}}]},"28":{"loc":{"start":{"line":269,"column":31},"end":{"line":269,"column":null}},"type":"cond-expr","locations":[{"start":{"line":269,"column":60},"end":{"line":269,"column":77}},{"start":{"line":269,"column":80},"end":{"line":269,"column":null}}]},"29":{"loc":{"start":{"line":282,"column":6},"end":{"line":288,"column":null}},"type":"if","locations":[{"start":{"line":282,"column":6},"end":{"line":288,"column":null}}]},"30":{"loc":{"start":{"line":282,"column":10},"end":{"line":283,"column":83}},"type":"binary-expr","locations":[{"start":{"line":282,"column":10},"end":{"line":282,"column":null}},{"start":{"line":283,"column":11},"end":{"line":283,"column":41}},{"start":{"line":283,"column":41},"end":{"line":283,"column":83}}]},"31":{"loc":{"start":{"line":290,"column":6},"end":{"line":295,"column":null}},"type":"if","locations":[{"start":{"line":290,"column":6},"end":{"line":295,"column":null}}]},"32":{"loc":{"start":{"line":290,"column":10},"end":{"line":290,"column":85}},"type":"binary-expr","locations":[{"start":{"line":290,"column":10},"end":{"line":290,"column":40}},{"start":{"line":290,"column":40},"end":{"line":290,"column":85}}]},"33":{"loc":{"start":{"line":308,"column":4},"end":{"line":327,"column":null}},"type":"if","locations":[{"start":{"line":308,"column":4},"end":{"line":327,"column":null}}]},"34":{"loc":{"start":{"line":310,"column":28},"end":{"line":310,"column":95}},"type":"cond-expr","locations":[{"start":{"line":310,"column":48},"end":{"line":310,"column":70}},{"start":{"line":310,"column":70},"end":{"line":310,"column":95}}]},"35":{"loc":{"start":{"line":317,"column":29},"end":{"line":317,"column":null}},"type":"cond-expr","locations":[{"start":{"line":317,"column":54},"end":{"line":317,"column":67}},{"start":{"line":317,"column":70},"end":{"line":317,"column":null}}]},"36":{"loc":{"start":{"line":347,"column":4},"end":{"line":349,"column":null}},"type":"if","locations":[{"start":{"line":347,"column":4},"end":{"line":349,"column":null}}]},"37":{"loc":{"start":{"line":352,"column":4},"end":{"line":354,"column":null}},"type":"if","locations":[{"start":{"line":352,"column":4},"end":{"line":354,"column":null}}]},"38":{"loc":{"start":{"line":352,"column":8},"end":{"line":352,"column":59}},"type":"binary-expr","locations":[{"start":{"line":352,"column":8},"end":{"line":352,"column":35}},{"start":{"line":352,"column":35},"end":{"line":352,"column":59}}]},"39":{"loc":{"start":{"line":362,"column":4},"end":{"line":367,"column":null}},"type":"if","locations":[{"start":{"line":362,"column":4},"end":{"line":367,"column":null}}]},"40":{"loc":{"start":{"line":362,"column":8},"end":{"line":362,"column":37}},"type":"binary-expr","locations":[{"start":{"line":362,"column":8},"end":{"line":362,"column":26}},{"start":{"line":362,"column":26},"end":{"line":362,"column":37}}]},"41":{"loc":{"start":{"line":364,"column":6},"end":{"line":366,"column":null}},"type":"if","locations":[{"start":{"line":364,"column":6},"end":{"line":366,"column":null}}]},"42":{"loc":{"start":{"line":370,"column":23},"end":{"line":372,"column":null}},"type":"cond-expr","locations":[{"start":{"line":371,"column":8},"end":{"line":371,"column":null}},{"start":{"line":372,"column":8},"end":{"line":372,"column":null}}]},"43":{"loc":{"start":{"line":384,"column":6},"end":{"line":384,"column":null}},"type":"cond-expr","locations":[{"start":{"line":384,"column":20},"end":{"line":384,"column":35}},{"start":{"line":384,"column":35},"end":{"line":384,"column":null}}]},"44":{"loc":{"start":{"line":392,"column":8},"end":{"line":394,"column":null}},"type":"if","locations":[{"start":{"line":392,"column":8},"end":{"line":394,"column":null}}]},"45":{"loc":{"start":{"line":405,"column":8},"end":{"line":419,"column":null}},"type":"if","locations":[{"start":{"line":405,"column":8},"end":{"line":419,"column":null}},{"start":{"line":417,"column":15},"end":{"line":419,"column":null}}]},"46":{"loc":{"start":{"line":405,"column":12},"end":{"line":405,"column":72}},"type":"binary-expr","locations":[{"start":{"line":405,"column":12},"end":{"line":405,"column":30}},{"start":{"line":405,"column":30},"end":{"line":405,"column":72}}]},"47":{"loc":{"start":{"line":407,"column":10},"end":{"line":416,"column":null}},"type":"if","locations":[{"start":{"line":407,"column":10},"end":{"line":416,"column":null}},{"start":{"line":414,"column":17},"end":{"line":416,"column":null}}]},"48":{"loc":{"start":{"line":427,"column":6},"end":{"line":459,"column":null}},"type":"switch","locations":[{"start":{"line":428,"column":8},"end":{"line":428,"column":null}},{"start":{"line":429,"column":8},"end":{"line":431,"column":null}},{"start":{"line":432,"column":8},"end":{"line":434,"column":null}},{"start":{"line":435,"column":8},"end":{"line":437,"column":null}},{"start":{"line":438,"column":8},"end":{"line":440,"column":null}},{"start":{"line":441,"column":8},"end":{"line":443,"column":null}},{"start":{"line":444,"column":8},"end":{"line":446,"column":null}},{"start":{"line":447,"column":8},"end":{"line":449,"column":null}},{"start":{"line":450,"column":8},"end":{"line":452,"column":null}},{"start":{"line":453,"column":8},"end":{"line":455,"column":null}},{"start":{"line":456,"column":8},"end":{"line":458,"column":null}}]},"49":{"loc":{"start":{"line":463,"column":33},"end":{"line":463,"column":null}},"type":"cond-expr","locations":[{"start":{"line":463,"column":51},"end":{"line":463,"column":62}},{"start":{"line":463,"column":62},"end":{"line":463,"column":null}}]},"50":{"loc":{"start":{"line":463,"column":62},"end":{"line":463,"column":null}},"type":"cond-expr","locations":[{"start":{"line":463,"column":77},"end":{"line":463,"column":84}},{"start":{"line":463,"column":84},"end":{"line":463,"column":null}}]},"51":{"loc":{"start":{"line":472,"column":6},"end":{"line":475,"column":null}},"type":"if","locations":[{"start":{"line":472,"column":6},"end":{"line":475,"column":null}}]},"52":{"loc":{"start":{"line":472,"column":10},"end":{"line":473,"column":83}},"type":"binary-expr","locations":[{"start":{"line":472,"column":10},"end":{"line":472,"column":null}},{"start":{"line":473,"column":11},"end":{"line":473,"column":41}},{"start":{"line":473,"column":41},"end":{"line":473,"column":83}}]}},"s":{"0":0,"1":0,"2":0,"3":0,"4":0,"5":0,"6":0,"7":0,"8":0,"9":0,"10":0,"11":0,"12":0,"13":0,"14":0,"15":0,"16":0,"17":0,"18":0,"19":0,"20":0,"21":0,"22":0,"23":0,"24":0,"25":0,"26":0,"27":0,"28":0,"29":0,"30":0,"31":0,"32":0,"33":0,"34":0,"35":0,"36":0,"37":0,"38":0,"39":0,"40":0,"41":0,"42":0,"43":0,"44":0,"45":0,"46":0,"47":0,"48":0,"49":0,"50":0,"51":0,"52":0,"53":0,"54":0,"55":0,"56":0,"57":0,"58":0,"59":0,"60":0,"61":0,"62":0,"63":0,"64":0,"65":0,"66":0,"67":0,"68":0,"69":0,"70":0,"71":0,"72":0,"73":0,"74":0,"75":0,"76":0,"77":0,"78":0,"79":0,"80":0,"81":0,"82":0,"83":0,"84":0,"85":0,"86":0,"87":0,"88":0,"89":0,"90":0,"91":0,"92":0,"93":0,"94":0,"95":0,"96":0,"97":0,"98":0,"99":0,"100":0,"101":0,"102":0,"103":0,"104":0,"105":0,"106":0,"107":0,"108":0,"109":0,"110":0,"111":0,"112":0,"113":0,"114":0,"115":0,"116":0,"117":0,"118":0,"119":0,"120":0,"121":0,"122":0,"123":0,"124":0,"125":0,"126":0,"127":0,"128":0,"129":0,"130":0,"131":0,"132":0,"133":0,"134":0,"135":0,"136":0,"137":0,"138":0,"139":0,"140":0,"141":0,"142":0,"143":0,"144":0,"145":0,"146":0,"147":0,"148":0,"149":0,"150":0,"151":0,"152":0,"153":0,"154":0,"155":0,"156":0,"157":0,"158":0,"159":0,"160":0,"161":0,"162":0,"163":0,"164":0,"165":0,"166":0,"167":0,"168":0,"169":0,"170":0,"171":0,"172":0,"173":0,"174":0,"175":0,"176":0,"177":0,"178":0,"179":0,"180":0,"181":0,"182":0,"183":0,"184":0,"185":0,"186":0,"187":0},"f":{"0":0,"1":0},"b":{"0":[0],"1":[0],"2":[0,0],"3":[0],"4":[0,0],"5":[0],"6":[0,0],"7":[0],"8":[0,0,0],"9":[0,0],"10":[0,0],"11":[0],"12":[0,0],"13":[0,0],"14":[0],"15":[0,0],"16":[0,0,0,0,0,0,0,0,0,0,0],"17":[0,0],"18":[0,0],"19":[0],"20":[0,0],"21":[0,0],"22":[0,0],"23":[0,0],"24":[0,0],"25":[0],"26":[0,0],"27":[0,0],"28":[0,0],"29":[0],"30":[0,0,0],"31":[0],"32":[0,0],"33":[0],"34":[0,0],"35":[0,0],"36":[0],"37":[0],"38":[0,0],"39":[0],"40":[0,0],"41":[0],"42":[0,0],"43":[0,0],"44":[0],"45":[0,0],"46":[0,0],"47":[0,0],"48":[0,0,0,0,0,0,0,0,0,0,0],"49":[0,0],"50":[0,0],"51":[0],"52":[0,0,0]}}
,"C:\\Users\\steff\\Desktop\\eduhu-test\\src\\app\\api\\health\\route.ts": {"path":"C:\\Users\\steff\\Desktop\\eduhu-test\\src\\app\\api\\health\\route.ts","statementMap":{"0":{"start":{"line":4,"column":22},"end":{"line":4,"column":26}},"1":{"start":{"line":1,"column":42},"end":{"line":1,"column":null}},"2":{"start":{"line":5,"column":17},"end":{"line":20,"column":null}},"3":{"start":{"line":23,"column":21},"end":{"line":24,"column":null}},"4":{"start":{"line":26,"column":2},"end":{"line":26,"column":null}},"5":{"start":{"line":30,"column":2},"end":{"line":58,"column":null}},"6":{"start":{"line":32,"column":18},"end":{"line":32,"column":58}},"7":{"start":{"line":33,"column":4},"end":{"line":38,"column":null}},"8":{"start":{"line":34,"column":6},"end":{"line":37,"column":null}},"9":{"start":{"line":41,"column":23},"end":{"line":41,"column":null}},"10":{"start":{"line":42,"column":4},"end":{"line":47,"column":null}},"11":{"start":{"line":43,"column":6},"end":{"line":46,"column":null}},"12":{"start":{"line":49,"column":4},"end":{"line":52,"column":null}},"13":{"start":{"line":54,"column":4},"end":{"line":57,"column":null}},"14":{"start":{"line":62,"column":2},"end":{"line":81,"column":null}},"15":{"start":{"line":63,"column":19},"end":{"line":63,"column":45}},"16":{"start":{"line":64,"column":4},"end":{"line":69,"column":null}},"17":{"start":{"line":65,"column":6},"end":{"line":68,"column":null}},"18":{"start":{"line":71,"column":4},"end":{"line":75,"column":null}},"19":{"start":{"line":77,"column":4},"end":{"line":80,"column":null}},"20":{"start":{"line":85,"column":16},"end":{"line":85,"column":null}},"21":{"start":{"line":86,"column":2},"end":{"line":91,"column":null}}},"fnMap":{"0":{"name":"GET","decl":{"start":{"line":4,"column":22},"end":{"line":4,"column":26}},"loc":{"start":{"line":4,"column":46},"end":{"line":27,"column":null}}},"1":{"name":"checkInstantDB","decl":{"start":{"line":29,"column":15},"end":{"line":29,"column":null}},"loc":{"start":{"line":29,"column":15},"end":{"line":59,"column":null}}},"2":{"name":"checkOpenAI","decl":{"start":{"line":61,"column":9},"end":{"line":61,"column":null}},"loc":{"start":{"line":61,"column":9},"end":{"line":82,"column":null}}},"3":{"name":"getMemoryUsage","decl":{"start":{"line":84,"column":9},"end":{"line":84,"column":null}},"loc":{"start":{"line":84,"column":9},"end":{"line":92,"column":null}}}},"branchMap":{"0":{"loc":{"start":{"line":8,"column":13},"end":{"line":8,"column":null}},"type":"binary-expr","locations":[{"start":{"line":8,"column":13},"end":{"line":8,"column":46}},{"start":{"line":8,"column":50},"end":{"line":8,"column":null}}]},"1":{"loc":{"start":{"line":9,"column":17},"end":{"line":9,"column":null}},"type":"binary-expr","locations":[{"start":{"line":9,"column":17},"end":{"line":9,"column":37}},{"start":{"line":9,"column":41},"end":{"line":9,"column":null}}]},"2":{"loc":{"start":{"line":17,"column":14},"end":{"line":17,"column":null}},"type":"binary-expr","locations":[{"start":{"line":17,"column":14},"end":{"line":17,"column":39}},{"start":{"line":17,"column":43},"end":{"line":17,"column":null}}]},"3":{"loc":{"start":{"line":18,"column":11},"end":{"line":18,"column":null}},"type":"binary-expr","locations":[{"start":{"line":18,"column":11},"end":{"line":18,"column":33}},{"start":{"line":18,"column":37},"end":{"line":18,"column":null}}]},"4":{"loc":{"start":{"line":23,"column":21},"end":{"line":24,"column":null}},"type":"cond-expr","locations":[{"start":{"line":24,"column":63},"end":{"line":24,"column":69}},{"start":{"line":24,"column":69},"end":{"line":24,"column":null}}]},"5":{"loc":{"start":{"line":23,"column":21},"end":{"line":24,"column":63}},"type":"binary-expr","locations":[{"start":{"line":23,"column":21},"end":{"line":23,"column":null}},{"start":{"line":24,"column":21},"end":{"line":24,"column":63}}]},"6":{"loc":{"start":{"line":33,"column":4},"end":{"line":38,"column":null}},"type":"if","locations":[{"start":{"line":33,"column":4},"end":{"line":38,"column":null}}]},"7":{"loc":{"start":{"line":33,"column":8},"end":{"line":33,"column":58}},"type":"binary-expr","locations":[{"start":{"line":33,"column":8},"end":{"line":33,"column":18}},{"start":{"line":33,"column":18},"end":{"line":33,"column":58}}]},"8":{"loc":{"start":{"line":42,"column":4},"end":{"line":47,"column":null}},"type":"if","locations":[{"start":{"line":42,"column":4},"end":{"line":47,"column":null}}]},"9":{"loc":{"start":{"line":56,"column":13},"end":{"line":56,"column":null}},"type":"cond-expr","locations":[{"start":{"line":56,"column":38},"end":{"line":56,"column":51}},{"start":{"line":56,"column":54},"end":{"line":56,"column":null}}]},"10":{"loc":{"start":{"line":64,"column":4},"end":{"line":69,"column":null}},"type":"if","locations":[{"start":{"line":64,"column":4},"end":{"line":69,"column":null}}]},"11":{"loc":{"start":{"line":64,"column":8},"end":{"line":64,"column":58}},"type":"binary-expr","locations":[{"start":{"line":64,"column":8},"end":{"line":64,"column":19}},{"start":{"line":64,"column":19},"end":{"line":64,"column":58}}]},"12":{"loc":{"start":{"line":73,"column":13},"end":{"line":73,"column":null}},"type":"binary-expr","locations":[{"start":{"line":73,"column":13},"end":{"line":73,"column":45}},{"start":{"line":73,"column":49},"end":{"line":73,"column":null}}]},"13":{"loc":{"start":{"line":79,"column":13},"end":{"line":79,"column":null}},"type":"cond-expr","locations":[{"start":{"line":79,"column":38},"end":{"line":79,"column":51}},{"start":{"line":79,"column":54},"end":{"line":79,"column":null}}]}},"s":{"0":0,"1":0,"2":0,"3":0,"4":0,"5":0,"6":0,"7":0,"8":0,"9":0,"10":0,"11":0,"12":0,"13":0,"14":0,"15":0,"16":0,"17":0,"18":0,"19":0,"20":0,"21":0},"f":{"0":0,"1":0,"2":0,"3":0},"b":{"0":[0,0],"1":[0,0],"2":[0,0],"3":[0,0],"4":[0,0],"5":[0,0],"6":[0],"7":[0,0],"8":[0],"9":[0,0],"10":[0],"11":[0,0],"12":[0,0],"13":[0,0]}}
,"C:\\Users\\steff\\Desktop\\eduhu-test\\src\\app\\api\\monitor\\route.ts": {"path":"C:\\Users\\steff\\Desktop\\eduhu-test\\src\\app\\api\\monitor\\route.ts","statementMap":{"0":{"start":{"line":4,"column":22},"end":{"line":4,"column":26}},"1":{"start":{"line":41,"column":22},"end":{"line":41,"column":27}},"2":{"start":{"line":1,"column":42},"end":{"line":1,"column":null}},"3":{"start":{"line":5,"column":18},"end":{"line":29,"column":null}},"4":{"start":{"line":31,"column":2},"end":{"line":37,"column":null}},"5":{"start":{"line":42,"column":2},"end":{"line":67,"column":null}},"6":{"start":{"line":43,"column":26},"end":{"line":43,"column":null}},"7":{"start":{"line":46,"column":29},"end":{"line":51,"column":null}},"8":{"start":{"line":55,"column":4},"end":{"line":55,"column":null}},"9":{"start":{"line":57,"column":4},"end":{"line":60,"column":null}},"10":{"start":{"line":62,"column":4},"end":{"line":62,"column":null}},"11":{"start":{"line":63,"column":4},"end":{"line":65,"column":null}},"12":{"start":{"line":71,"column":16},"end":{"line":71,"column":null}},"13":{"start":{"line":72,"column":2},"end":{"line":78,"column":null}},"14":{"start":{"line":82,"column":18},"end":{"line":86,"column":null}},"15":{"start":{"line":88,"column":2},"end":{"line":92,"column":null}},"16":{"start":{"line":96,"column":20},"end":{"line":96,"column":null}},"17":{"start":{"line":98,"column":2},"end":{"line":123,"column":null}},"18":{"start":{"line":99,"column":18},"end":{"line":99,"column":58}},"19":{"start":{"line":100,"column":4},"end":{"line":106,"column":null}},"20":{"start":{"line":101,"column":6},"end":{"line":105,"column":null}},"21":{"start":{"line":109,"column":24},"end":{"line":109,"column":null}},"22":{"start":{"line":111,"column":4},"end":{"line":116,"column":null}},"23":{"start":{"line":118,"column":4},"end":{"line":122,"column":null}},"24":{"start":{"line":127,"column":20},"end":{"line":127,"column":null}},"25":{"start":{"line":129,"column":2},"end":{"line":155,"column":null}},"26":{"start":{"line":130,"column":19},"end":{"line":130,"column":45}},"27":{"start":{"line":131,"column":4},"end":{"line":137,"column":null}},"28":{"start":{"line":132,"column":6},"end":{"line":136,"column":null}},"29":{"start":{"line":140,"column":23},"end":{"line":140,"column":null}},"30":{"start":{"line":142,"column":4},"end":{"line":148,"column":null}},"31":{"start":{"line":150,"column":4},"end":{"line":154,"column":null}},"32":{"start":{"line":159,"column":20},"end":{"line":159,"column":null}},"33":{"start":{"line":161,"column":2},"end":{"line":176,"column":null}},"34":{"start":{"line":164,"column":4},"end":{"line":169,"column":null}},"35":{"start":{"line":171,"column":4},"end":{"line":175,"column":null}},"36":{"start":{"line":181,"column":20},"end":{"line":181,"column":null}},"37":{"start":{"line":184,"column":2},"end":{"line":194,"column":null}},"38":{"start":{"line":198,"column":2},"end":{"line":211,"column":null}},"39":{"start":{"line":200,"column":23},"end":{"line":200,"column":null}},"40":{"start":{"line":201,"column":4},"end":{"line":208,"column":null}},"41":{"start":{"line":202,"column":18},"end":{"line":202,"column":null}},"42":{"start":{"line":203,"column":6},"end":{"line":207,"column":null}},"43":{"start":{"line":213,"column":2},"end":{"line":213,"column":null}},"44":{"start":{"line":218,"column":20},"end":{"line":218,"column":null}},"45":{"start":{"line":219,"column":17},"end":{"line":219,"column":null}},"46":{"start":{"line":220,"column":19},"end":{"line":220,"column":null}},"47":{"start":{"line":222,"column":2},"end":{"line":224,"column":null}},"48":{"start":{"line":223,"column":4},"end":{"line":223,"column":null}},"49":{"start":{"line":226,"column":2},"end":{"line":226,"column":null}}},"fnMap":{"0":{"name":"GET","decl":{"start":{"line":4,"column":22},"end":{"line":4,"column":26}},"loc":{"start":{"line":4,"column":46},"end":{"line":38,"column":null}}},"1":{"name":"POST","decl":{"start":{"line":41,"column":22},"end":{"line":41,"column":27}},"loc":{"start":{"line":41,"column":47},"end":{"line":68,"column":null}}},"2":{"name":"getMemoryMetrics","decl":{"start":{"line":70,"column":9},"end":{"line":70,"column":null}},"loc":{"start":{"line":70,"column":9},"end":{"line":79,"column":null}}},"3":{"name":"getServiceMetrics","decl":{"start":{"line":81,"column":15},"end":{"line":81,"column":null}},"loc":{"start":{"line":81,"column":15},"end":{"line":93,"column":null}}},"4":{"name":"checkInstantDB","decl":{"start":{"line":95,"column":15},"end":{"line":95,"column":null}},"loc":{"start":{"line":95,"column":15},"end":{"line":124,"column":null}}},"5":{"name":"checkOpenAI","decl":{"start":{"line":126,"column":15},"end":{"line":126,"column":null}},"loc":{"start":{"line":126,"column":15},"end":{"line":156,"column":null}}},"6":{"name":"checkInternalServices","decl":{"start":{"line":158,"column":15},"end":{"line":158,"column":null}},"loc":{"start":{"line":158,"column":15},"end":{"line":177,"column":null}}},"7":{"name":"getPerformanceMetrics","decl":{"start":{"line":179,"column":9},"end":{"line":179,"column":null}},"loc":{"start":{"line":179,"column":9},"end":{"line":195,"column":null}}},"8":{"name":"getEventLoopUtilization","decl":{"start":{"line":197,"column":9},"end":{"line":197,"column":null}},"loc":{"start":{"line":197,"column":9},"end":{"line":214,"column":null}}},"9":{"name":"getClientIP","decl":{"start":{"line":216,"column":9},"end":{"line":216,"column":21}},"loc":{"start":{"line":216,"column":41},"end":{"line":227,"column":null}}}},"branchMap":{"0":{"loc":{"start":{"line":14,"column":19},"end":{"line":14,"column":null}},"type":"binary-expr","locations":[{"start":{"line":14,"column":19},"end":{"line":14,"column":39}},{"start":{"line":14,"column":43},"end":{"line":14,"column":null}}]},"1":{"loc":{"start":{"line":89,"column":15},"end":{"line":89,"column":null}},"type":"cond-expr","locations":[{"start":{"line":89,"column":51},"end":{"line":89,"column":67}},{"start":{"line":89,"column":70},"end":{"line":89,"column":null}}]},"2":{"loc":{"start":{"line":90,"column":12},"end":{"line":90,"column":null}},"type":"cond-expr","locations":[{"start":{"line":90,"column":48},"end":{"line":90,"column":64}},{"start":{"line":90,"column":67},"end":{"line":90,"column":null}}]},"3":{"loc":{"start":{"line":91,"column":14},"end":{"line":91,"column":null}},"type":"cond-expr","locations":[{"start":{"line":91,"column":50},"end":{"line":91,"column":66}},{"start":{"line":91,"column":69},"end":{"line":91,"column":null}}]},"4":{"loc":{"start":{"line":100,"column":4},"end":{"line":106,"column":null}},"type":"if","locations":[{"start":{"line":100,"column":4},"end":{"line":106,"column":null}}]},"5":{"loc":{"start":{"line":100,"column":8},"end":{"line":100,"column":58}},"type":"binary-expr","locations":[{"start":{"line":100,"column":8},"end":{"line":100,"column":18}},{"start":{"line":100,"column":18},"end":{"line":100,"column":58}}]},"6":{"loc":{"start":{"line":112,"column":14},"end":{"line":112,"column":null}},"type":"cond-expr","locations":[{"start":{"line":112,"column":28},"end":{"line":112,"column":40}},{"start":{"line":112,"column":40},"end":{"line":112,"column":null}}]},"7":{"loc":{"start":{"line":121,"column":13},"end":{"line":121,"column":null}},"type":"cond-expr","locations":[{"start":{"line":121,"column":38},"end":{"line":121,"column":51}},{"start":{"line":121,"column":54},"end":{"line":121,"column":null}}]},"8":{"loc":{"start":{"line":131,"column":4},"end":{"line":137,"column":null}},"type":"if","locations":[{"start":{"line":131,"column":4},"end":{"line":137,"column":null}}]},"9":{"loc":{"start":{"line":131,"column":8},"end":{"line":131,"column":58}},"type":"binary-expr","locations":[{"start":{"line":131,"column":8},"end":{"line":131,"column":19}},{"start":{"line":131,"column":19},"end":{"line":131,"column":58}}]},"10":{"loc":{"start":{"line":140,"column":23},"end":{"line":140,"column":null}},"type":"binary-expr","locations":[{"start":{"line":140,"column":23},"end":{"line":140,"column":51}},{"start":{"line":140,"column":51},"end":{"line":140,"column":null}}]},"11":{"loc":{"start":{"line":143,"column":14},"end":{"line":143,"column":null}},"type":"cond-expr","locations":[{"start":{"line":143,"column":27},"end":{"line":143,"column":39}},{"start":{"line":143,"column":39},"end":{"line":143,"column":null}}]},"12":{"loc":{"start":{"line":145,"column":13},"end":{"line":145,"column":null}},"type":"binary-expr","locations":[{"start":{"line":145,"column":13},"end":{"line":145,"column":45}},{"start":{"line":145,"column":49},"end":{"line":145,"column":null}}]},"13":{"loc":{"start":{"line":153,"column":13},"end":{"line":153,"column":null}},"type":"cond-expr","locations":[{"start":{"line":153,"column":38},"end":{"line":153,"column":51}},{"start":{"line":153,"column":54},"end":{"line":153,"column":null}}]},"14":{"loc":{"start":{"line":174,"column":13},"end":{"line":174,"column":null}},"type":"cond-expr","locations":[{"start":{"line":174,"column":38},"end":{"line":174,"column":51}},{"start":{"line":174,"column":54},"end":{"line":174,"column":null}}]},"15":{"loc":{"start":{"line":192,"column":20},"end":{"line":192,"column":null}},"type":"binary-expr","locations":[{"start":{"line":192,"column":20},"end":{"line":192,"column":70}},{"start":{"line":192,"column":70},"end":{"line":192,"column":null}}]},"16":{"loc":{"start":{"line":193,"column":21},"end":{"line":193,"column":null}},"type":"binary-expr","locations":[{"start":{"line":193,"column":21},"end":{"line":193,"column":72}},{"start":{"line":193,"column":72},"end":{"line":193,"column":null}}]},"17":{"loc":{"start":{"line":201,"column":4},"end":{"line":208,"column":null}},"type":"if","locations":[{"start":{"line":201,"column":4},"end":{"line":208,"column":null}}]},"18":{"loc":{"start":{"line":222,"column":2},"end":{"line":224,"column":null}},"type":"if","locations":[{"start":{"line":222,"column":2},"end":{"line":224,"column":null}}]},"19":{"loc":{"start":{"line":226,"column":9},"end":{"line":226,"column":null}},"type":"binary-expr","locations":[{"start":{"line":226,"column":9},"end":{"line":226,"column":19}},{"start":{"line":226,"column":19},"end":{"line":226,"column":31}},{"start":{"line":226,"column":31},"end":{"line":226,"column":null}}]}},"s":{"0":0,"1":0,"2":0,"3":0,"4":0,"5":0,"6":0,"7":0,"8":0,"9":0,"10":0,"11":0,"12":0,"13":0,"14":0,"15":0,"16":0,"17":0,"18":0,"19":0,"20":0,"21":0,"22":0,"23":0,"24":0,"25":0,"26":0,"27":0,"28":0,"29":0,"30":0,"31":0,"32":0,"33":0,"34":0,"35":0,"36":0,"37":0,"38":0,"39":0,"40":0,"41":0,"42":0,"43":0,"44":0,"45":0,"46":0,"47":0,"48":0,"49":0},"f":{"0":0,"1":0,"2":0,"3":0,"4":0,"5":0,"6":0,"7":0,"8":0,"9":0},"b":{"0":[0,0],"1":[0,0],"2":[0,0],"3":[0,0],"4":[0],"5":[0,0],"6":[0,0],"7":[0,0],"8":[0],"9":[0,0],"10":[0,0],"11":[0,0],"12":[0,0],"13":[0,0],"14":[0,0],"15":[0,0],"16":[0,0],"17":[0],"18":[0],"19":[0,0,0]}}
,"C:\\Users\\steff\\Desktop\\eduhu-test\\src\\app\\api\\storage\\analytics\\route.ts": {"path":"C:\\Users\\steff\\Desktop\\eduhu-test\\src\\app\\api\\storage\\analytics\\route.ts","statementMap":{"0":{"start":{"line":5,"column":22},"end":{"line":5,"column":26}},"1":{"start":{"line":219,"column":22},"end":{"line":219,"column":30}},"2":{"start":{"line":125,"column":22},"end":{"line":125,"column":27}},"3":{"start":{"line":1,"column":42},"end":{"line":1,"column":null}},"4":{"start":{"line":2,"column":53},"end":{"line":2,"column":null}},"5":{"start":{"line":3,"column":31},"end":{"line":3,"column":null}},"6":{"start":{"line":6,"column":2},"end":{"line":122,"column":null}},"7":{"start":{"line":8,"column":4},"end":{"line":13,"column":null}},"8":{"start":{"line":9,"column":6},"end":{"line":11,"column":null}},"9":{"start":{"line":16,"column":25},"end":{"line":16,"column":53}},"10":{"start":{"line":17,"column":22},"end":{"line":17,"column":60}},"11":{"start":{"line":18,"column":19},"end":{"line":18,"column":null}},"12":{"start":{"line":21,"column":23},"end":{"line":21,"column":null}},"13":{"start":{"line":22,"column":28},"end":{"line":23,"column":91}},"14":{"start":{"line":25,"column":4},"end":{"line":30,"column":null}},"15":{"start":{"line":26,"column":6},"end":{"line":28,"column":null}},"16":{"start":{"line":32,"column":27},"end":{"line":32,"column":null}},"17":{"start":{"line":33,"column":4},"end":{"line":38,"column":null}},"18":{"start":{"line":34,"column":6},"end":{"line":36,"column":null}},"19":{"start":{"line":41,"column":52},"end":{"line":45,"column":null}},"20":{"start":{"line":42,"column":66},"end":{"line":42,"column":null}},"21":{"start":{"line":43,"column":54},"end":{"line":43,"column":null}},"22":{"start":{"line":47,"column":22},"end":{"line":84,"column":null}},"23":{"start":{"line":87,"column":4},"end":{"line":101,"column":null}},"24":{"start":{"line":89,"column":23},"end":{"line":89,"column":null}},"25":{"start":{"line":91,"column":6},"end":{"line":93,"column":null}},"26":{"start":{"line":92,"column":8},"end":{"line":92,"column":null}},"27":{"start":{"line":95,"column":6},"end":{"line":100,"column":null}},"28":{"start":{"line":104,"column":4},"end":{"line":110,"column":null}},"29":{"start":{"line":113,"column":4},"end":{"line":113,"column":null}},"30":{"start":{"line":115,"column":4},"end":{"line":120,"column":null}},"31":{"start":{"line":126,"column":2},"end":{"line":215,"column":null}},"32":{"start":{"line":128,"column":4},"end":{"line":133,"column":null}},"33":{"start":{"line":129,"column":6},"end":{"line":131,"column":null}},"34":{"start":{"line":136,"column":23},"end":{"line":136,"column":null}},"35":{"start":{"line":137,"column":28},"end":{"line":138,"column":107}},"36":{"start":{"line":140,"column":4},"end":{"line":145,"column":null}},"37":{"start":{"line":141,"column":6},"end":{"line":143,"column":null}},"38":{"start":{"line":148,"column":17},"end":{"line":148,"column":null}},"39":{"start":{"line":149,"column":34},"end":{"line":149,"column":null}},"40":{"start":{"line":151,"column":4},"end":{"line":203,"column":null}},"41":{"start":{"line":154,"column":8},"end":{"line":159,"column":null}},"42":{"start":{"line":155,"column":10},"end":{"line":157,"column":null}},"43":{"start":{"line":161,"column":8},"end":{"line":171,"column":null}},"44":{"start":{"line":173,"column":8},"end":{"line":173,"column":null}},"45":{"start":{"line":177,"column":29},"end":{"line":177,"column":null}},"46":{"start":{"line":178,"column":8},"end":{"line":181,"column":null}},"47":{"start":{"line":186,"column":8},"end":{"line":191,"column":null}},"48":{"start":{"line":187,"column":10},"end":{"line":189,"column":null}},"49":{"start":{"line":193,"column":8},"end":{"line":196,"column":null}},"50":{"start":{"line":199,"column":8},"end":{"line":201,"column":null}},"51":{"start":{"line":206,"column":4},"end":{"line":206,"column":null}},"52":{"start":{"line":208,"column":4},"end":{"line":213,"column":null}},"53":{"start":{"line":220,"column":2},"end":{"line":227,"column":null}}},"fnMap":{"0":{"name":"GET","decl":{"start":{"line":5,"column":22},"end":{"line":5,"column":26}},"loc":{"start":{"line":5,"column":46},"end":{"line":123,"column":null}}},"1":{"name":"(anonymous_5)","decl":{"start":{"line":42,"column":60},"end":{"line":42,"column":66}},"loc":{"start":{"line":42,"column":66},"end":{"line":42,"column":null}}},"2":{"name":"(anonymous_6)","decl":{"start":{"line":43,"column":48},"end":{"line":43,"column":54}},"loc":{"start":{"line":43,"column":54},"end":{"line":43,"column":null}}},"3":{"name":"(anonymous_7)","decl":{"start":{"line":91,"column":56},"end":{"line":91,"column":57}},"loc":{"start":{"line":91,"column":75},"end":{"line":93,"column":null}}},"4":{"name":"POST","decl":{"start":{"line":125,"column":22},"end":{"line":125,"column":27}},"loc":{"start":{"line":125,"column":47},"end":{"line":216,"column":null}}},"5":{"name":"OPTIONS","decl":{"start":{"line":219,"column":22},"end":{"line":219,"column":30}},"loc":{"start":{"line":219,"column":50},"end":{"line":228,"column":null}}}},"branchMap":{"0":{"loc":{"start":{"line":8,"column":4},"end":{"line":13,"column":null}},"type":"if","locations":[{"start":{"line":8,"column":4},"end":{"line":13,"column":null}}]},"1":{"loc":{"start":{"line":17,"column":22},"end":{"line":17,"column":60}},"type":"binary-expr","locations":[{"start":{"line":17,"column":22},"end":{"line":17,"column":55}},{"start":{"line":17,"column":55},"end":{"line":17,"column":60}}]},"2":{"loc":{"start":{"line":18,"column":19},"end":{"line":18,"column":null}},"type":"binary-expr","locations":[{"start":{"line":18,"column":19},"end":{"line":18,"column":49}},{"start":{"line":18,"column":49},"end":{"line":18,"column":null}}]},"3":{"loc":{"start":{"line":22,"column":28},"end":{"line":23,"column":91}},"type":"binary-expr","locations":[{"start":{"line":22,"column":28},"end":{"line":22,"column":null}},{"start":{"line":23,"column":27},"end":{"line":23,"column":91}}]},"4":{"loc":{"start":{"line":25,"column":4},"end":{"line":30,"column":null}},"type":"if","locations":[{"start":{"line":25,"column":4},"end":{"line":30,"column":null}}]},"5":{"loc":{"start":{"line":25,"column":8},"end":{"line":25,"column":67}},"type":"binary-expr","locations":[{"start":{"line":25,"column":8},"end":{"line":25,"column":28}},{"start":{"line":25,"column":28},"end":{"line":25,"column":67}}]},"6":{"loc":{"start":{"line":33,"column":4},"end":{"line":38,"column":null}},"type":"if","locations":[{"start":{"line":33,"column":4},"end":{"line":38,"column":null}}]},"7":{"loc":{"start":{"line":33,"column":8},"end":{"line":33,"column":77}},"type":"binary-expr","locations":[{"start":{"line":33,"column":8},"end":{"line":33,"column":33}},{"start":{"line":33,"column":33},"end":{"line":33,"column":55}},{"start":{"line":33,"column":55},"end":{"line":33,"column":77}}]},"8":{"loc":{"start":{"line":59,"column":13},"end":{"line":68,"column":null}},"type":"binary-expr","locations":[{"start":{"line":59,"column":13},"end":{"line":59,"column":27}},{"start":{"line":59,"column":27},"end":{"line":68,"column":null}}]},"9":{"loc":{"start":{"line":69,"column":14},"end":{"line":78,"column":null}},"type":"binary-expr","locations":[{"start":{"line":69,"column":14},"end":{"line":69,"column":30}},{"start":{"line":69,"column":30},"end":{"line":78,"column":null}}]},"10":{"loc":{"start":{"line":82,"column":26},"end":{"line":82,"column":89}},"type":"binary-expr","locations":[{"start":{"line":82,"column":26},"end":{"line":82,"column":55}},{"start":{"line":82,"column":59},"end":{"line":82,"column":89}}]},"11":{"loc":{"start":{"line":87,"column":4},"end":{"line":101,"column":null}},"type":"if","locations":[{"start":{"line":87,"column":4},"end":{"line":101,"column":null}}]},"12":{"loc":{"start":{"line":118,"column":17},"end":{"line":118,"column":null}},"type":"cond-expr","locations":[{"start":{"line":118,"column":42},"end":{"line":118,"column":55}},{"start":{"line":118,"column":58},"end":{"line":118,"column":null}}]},"13":{"loc":{"start":{"line":128,"column":4},"end":{"line":133,"column":null}},"type":"if","locations":[{"start":{"line":128,"column":4},"end":{"line":133,"column":null}}]},"14":{"loc":{"start":{"line":137,"column":28},"end":{"line":138,"column":107}},"type":"binary-expr","locations":[{"start":{"line":137,"column":28},"end":{"line":137,"column":null}},{"start":{"line":138,"column":27},"end":{"line":138,"column":107}}]},"15":{"loc":{"start":{"line":140,"column":4},"end":{"line":145,"column":null}},"type":"if","locations":[{"start":{"line":140,"column":4},"end":{"line":145,"column":null}}]},"16":{"loc":{"start":{"line":140,"column":8},"end":{"line":140,"column":67}},"type":"binary-expr","locations":[{"start":{"line":140,"column":8},"end":{"line":140,"column":28}},{"start":{"line":140,"column":28},"end":{"line":140,"column":67}}]},"17":{"loc":{"start":{"line":151,"column":4},"end":{"line":203,"column":null}},"type":"switch","locations":[{"start":{"line":152,"column":6},"end":{"line":173,"column":null}},{"start":{"line":175,"column":6},"end":{"line":181,"column":null}},{"start":{"line":183,"column":6},"end":{"line":196,"column":null}},{"start":{"line":198,"column":6},"end":{"line":201,"column":null}}]},"18":{"loc":{"start":{"line":154,"column":8},"end":{"line":159,"column":null}},"type":"if","locations":[{"start":{"line":154,"column":8},"end":{"line":159,"column":null}}]},"19":{"loc":{"start":{"line":154,"column":12},"end":{"line":154,"column":56}},"type":"binary-expr","locations":[{"start":{"line":154,"column":12},"end":{"line":154,"column":29}},{"start":{"line":154,"column":33},"end":{"line":154,"column":56}}]},"20":{"loc":{"start":{"line":163,"column":19},"end":{"line":163,"column":null}},"type":"binary-expr","locations":[{"start":{"line":163,"column":19},"end":{"line":163,"column":33}},{"start":{"line":163,"column":37},"end":{"line":163,"column":null}}]},"21":{"loc":{"start":{"line":164,"column":24},"end":{"line":164,"column":null}},"type":"binary-expr","locations":[{"start":{"line":164,"column":24},"end":{"line":164,"column":43}},{"start":{"line":164,"column":47},"end":{"line":164,"column":null}}]},"22":{"loc":{"start":{"line":186,"column":8},"end":{"line":191,"column":null}},"type":"if","locations":[{"start":{"line":186,"column":8},"end":{"line":191,"column":null}}]},"23":{"loc":{"start":{"line":211,"column":17},"end":{"line":211,"column":null}},"type":"cond-expr","locations":[{"start":{"line":211,"column":42},"end":{"line":211,"column":55}},{"start":{"line":211,"column":58},"end":{"line":211,"column":null}}]}},"s":{"0":0,"1":0,"2":0,"3":0,"4":0,"5":0,"6":0,"7":0,"8":0,"9":0,"10":0,"11":0,"12":0,"13":0,"14":0,"15":0,"16":0,"17":0,"18":0,"19":0,"20":0,"21":0,"22":0,"23":0,"24":0,"25":0,"26":0,"27":0,"28":0,"29":0,"30":0,"31":0,"32":0,"33":0,"34":0,"35":0,"36":0,"37":0,"38":0,"39":0,"40":0,"41":0,"42":0,"43":0,"44":0,"45":0,"46":0,"47":0,"48":0,"49":0,"50":0,"51":0,"52":0,"53":0},"f":{"0":0,"1":0,"2":0,"3":0,"4":0,"5":0},"b":{"0":[0],"1":[0,0],"2":[0,0],"3":[0,0],"4":[0],"5":[0,0],"6":[0],"7":[0,0,0],"8":[0,0],"9":[0,0],"10":[0,0],"11":[0],"12":[0,0],"13":[0],"14":[0,0],"15":[0],"16":[0,0],"17":[0,0,0,0],"18":[0],"19":[0,0],"20":[0,0],"21":[0,0],"22":[0],"23":[0,0]}}
,"C:\\Users\\steff\\Desktop\\eduhu-test\\src\\app\\api\\storage\\info\\route.ts": {"path":"C:\\Users\\steff\\Desktop\\eduhu-test\\src\\app\\api\\storage\\info\\route.ts","statementMap":{"0":{"start":{"line":12,"column":22},"end":{"line":12,"column":26}},"1":{"start":{"line":118,"column":22},"end":{"line":118,"column":null}},"2":{"start":{"line":75,"column":22},"end":{"line":75,"column":27}},"3":{"start":{"line":6,"column":13},"end":{"line":6,"column":23}},"4":{"start":{"line":5,"column":13},"end":{"line":5,"column":23}},"5":{"start":{"line":1,"column":42},"end":{"line":1,"column":null}},"6":{"start":{"line":2,"column":31},"end":{"line":2,"column":null}},"7":{"start":{"line":3,"column":34},"end":{"line":3,"column":null}},"8":{"start":{"line":5,"column":23},"end":{"line":5,"column":null}},"9":{"start":{"line":6,"column":23},"end":{"line":6,"column":null}},"10":{"start":{"line":13,"column":2},"end":{"line":68,"column":null}},"11":{"start":{"line":14,"column":24},"end":{"line":14,"column":null}},"12":{"start":{"line":17,"column":24},"end":{"line":22,"column":null}},"13":{"start":{"line":25,"column":17},"end":{"line":49,"column":null}},"14":{"start":{"line":51,"column":4},"end":{"line":55,"column":null}},"15":{"start":{"line":58,"column":4},"end":{"line":58,"column":null}},"16":{"start":{"line":60,"column":4},"end":{"line":66,"column":null}},"17":{"start":{"line":76,"column":2},"end":{"line":114,"column":null}},"18":{"start":{"line":77,"column":17},"end":{"line":77,"column":null}},"19":{"start":{"line":78,"column":21},"end":{"line":78,"column":null}},"20":{"start":{"line":80,"column":4},"end":{"line":97,"column":null}},"21":{"start":{"line":82,"column":26},"end":{"line":82,"column":null}},"22":{"start":{"line":84,"column":25},"end":{"line":92,"column":null}},"23":{"start":{"line":94,"column":6},"end":{"line":96,"column":null}},"24":{"start":{"line":99,"column":4},"end":{"line":101,"column":null}},"25":{"start":{"line":105,"column":4},"end":{"line":105,"column":null}},"26":{"start":{"line":107,"column":4},"end"
[...]
rt":{"line":224,"column":4},"end":{"line":226,"column":null}},"66":{"start":{"line":225,"column":6},"end":{"line":225,"column":null}},"67":{"start":{"line":230,"column":26},"end":{"line":230,"column":null}},"68":{"start":{"line":231,"column":26},"end":{"line":231,"column":62}},"69":{"start":{"line":233,"column":2},"end":{"line":235,"column":null}},"70":{"start":{"line":234,"column":4},"end":{"line":234,"column":null}},"71":{"start":{"line":238,"column":2},"end":{"line":240,"column":null}},"72":{"start":{"line":239,"column":4},"end":{"line":239,"column":null}},"73":{"start":{"line":242,"column":2},"end":{"line":246,"column":null}},"74":{"start":{"line":253,"column":2},"end":{"line":255,"column":null}},"75":{"start":{"line":254,"column":4},"end":{"line":254,"column":null}},"76":{"start":{"line":258,"column":2},"end":{"line":260,"column":null}},"77":{"start":{"line":259,"column":4},"end":{"line":259,"column":null}},"78":{"start":{"line":263,"column":2},"end":{"line":270,"column":null}},"79":{"start":{"line":264,"column":4},"end":{"line":268,"column":null}},"80":{"start":{"line":265,"column":22},"end":{"line":265,"column":null}},"81":{"start":{"line":266,"column":20},"end":{"line":266,"column":null}},"82":{"start":{"line":267,"column":6},"end":{"line":267,"column":null}},"83":{"start":{"line":269,"column":4},"end":{"line":269,"column":null}},"84":{"start":{"line":277,"column":31},"end":{"line":302,"column":null}},"85":{"start":{"line":304,"column":2},"end":{"line":304,"column":null}},"86":{"start":{"line":311,"column":31},"end":{"line":311,"column":null}},"87":{"start":{"line":313,"column":2},"end":{"line":319,"column":null}},"88":{"start":{"line":314,"column":4},"end":{"line":314,"column":null}},"89":{"start":{"line":315,"column":4},"end":{"line":315,"column":null}},"90":{"start":{"line":316,"column":4},"end":{"line":316,"column":null}},"91":{"start":{"line":317,"column":4},"end":{"line":317,"column":null}},"92":{"start":{"line":318,"column":4},"end":{"line":318,"column":null}},"93":{"start":{"line":321,"column":2},"end":{"line":321,"column":null}},"94":{"start":{"line":342,"column":22},"end":{"line":342,"column":null}},"95":{"start":{"line":343,"column":21},"end":{"line":343,"column":null}},"96":{"start":{"line":344,"column":20},"end":{"line":344,"column":null}},"97":{"start":{"line":345,"column":2},"end":{"line":345,"column":null}},"98":{"start":{"line":345,"column":28},"end":{"line":345,"column":61}},"99":{"start":{"line":352,"column":17},"end":{"line":352,"column":null}},"100":{"start":{"line":353,"column":26},"end":{"line":353,"column":null}},"101":{"start":{"line":354,"column":26},"end":{"line":354,"column":53}},"102":{"start":{"line":357,"column":16},"end":{"line":357,"column":null}},"103":{"start":{"line":358,"column":16},"end":{"line":358,"column":null}},"104":{"start":{"line":359,"column":20},"end":{"line":359,"column":null}},"105":{"start":{"line":361,"column":4},"end":{"line":370,"column":null}},"106":{"start":{"line":363,"column":24},"end":{"line":363,"column":44}},"107":{"start":{"line":364,"column":6},"end":{"line":364,"column":null}},"108":{"start":{"line":365,"column":6},"end":{"line":369,"column":null}},"109":{"start":{"line":372,"column":4},"end":{"line":378,"column":null}},"110":{"start":{"line":373,"column":6},"end":{"line":377,"column":null}},"111":{"start":{"line":381,"column":4},"end":{"line":381,"column":null}},"112":{"start":{"line":382,"column":4},"end":{"line":382,"column":null}},"113":{"start":{"line":384,"column":4},"end":{"line":388,"column":null}},"114":{"start":{"line":394,"column":23},"end":{"line":394,"column":null}},"115":{"start":{"line":395,"column":2},"end":{"line":395,"column":null}},"116":{"start":{"line":399,"column":2},"end":{"line":399,"column":null}},"117":{"start":{"line":399,"column":19},"end":{"line":399,"column":null}},"118":{"start":{"line":400,"column":12},"end":{"line":400,"column":null}},"119":{"start":{"line":401,"column":16},"end":{"line":401,"column":null}},"120":{"start":{"line":402,"column":12},"end":{"line":402,"column":null}},"121":{"start":{"line":403,"column":2},"end":{"line":403,"column":null}}},"fnMap":{"0":{"name":"generateFileAccessToken","decl":{"start":{"line":48,"column":16},"end":{"line":48,"column":40}},"loc":{"start":{"line":53,"column":1},"end":{"line":84,"column":null}}},"1":{"name":"verifyFileAccessToken","decl":{"start":{"line":89,"column":16},"end":{"line":89,"column":38}},"loc":{"start":{"line":89,"column":51},"end":{"line":157,"column":null}}},"2":{"name":"generateSecureFilename","decl":{"start":{"line":162,"column":16},"end":{"line":162,"column":39}},"loc":{"start":{"line":162,"column":82},"end":{"line":175,"column":null}}},"3":{"name":"validateFileUploadSecurity","decl":{"start":{"line":180,"column":16},"end":{"line":180,"column":null}},"loc":{"start":{"line":183,"column":38},"end":{"line":247,"column":null}}},"4":{"name":"(anonymous_17)","decl":{"start":{"line":223,"column":29},"end":{"line":223,"column":null}},"loc":{"start":{"line":223,"column":29},"end":{"line":227,"column":null}}},"5":{"name":"validateCORSOrigin","decl":{"start":{"line":252,"column":16},"end":{"line":252,"column":35}},"loc":{"start":{"line":252,"column":56},"end":{"line":271,"column":null}}},"6":{"name":"(anonymous_19)","decl":{"start":{"line":263,"column":59},"end":{"line":263,"column":null}},"loc":{"start":{"line":263,"column":59},"end":{"line":270,"column":null}}},"7":{"name":"getSecurityHeaders","decl":{"start":{"line":276,"column":16},"end":{"line":276,"column":35}},"loc":{"start":{"line":276,"column":52},"end":{"line":305,"column":null}}},"8":{"name":"getCORSPreflightHeaders","decl":{"start":{"line":310,"column":16},"end":{"line":310,"column":40}},"loc":{"start":{"line":310,"column":61},"end":{"line":322,"column":null}}},"9":{"name":"sanitizeFilename","decl":{"start":{"line":327,"column":16},"end":{"line":327,"column":33}},"loc":{"start":{"line":327,"column":49},"end":{"line":336,"column":null}}},"10":{"name":"calculateFileHash","decl":{"start":{"line":341,"column":22},"end":{"line":341,"column":40}},"loc":{"start":{"line":341,"column":50},"end":{"line":346,"column":null}}},"11":{"name":"(anonymous_24)","decl":{"start":{"line":345,"column":23},"end":{"line":345,"column":28}},"loc":{"start":{"line":345,"column":28},"end":{"line":345,"column":61}}},"12":{"name":"(anonymous_25)","decl":{"start":{"line":356,"column":2},"end":{"line":356,"column":9}},"loc":{"start":{"line":356,"column":99},"end":{"line":389,"column":null}}},"13":{"name":"getFileExtension","decl":{"start":{"line":393,"column":9},"end":{"line":393,"column":26}},"loc":{"start":{"line":393,"column":42},"end":{"line":396,"column":null}}},"14":{"name":"formatBytes","decl":{"start":{"line":398,"column":9},"end":{"line":398,"column":21}},"loc":{"start":{"line":398,"column":34},"end":{"line":404,"column":null}}}},"branchMap":{"0":{"loc":{"start":{"line":14,"column":23},"end":{"line":14,"column":null}},"type":"binary-expr","locations":[{"start":{"line":14,"column":23},"end":{"line":14,"column":59}},{"start":{"line":14,"column":63},"end":{"line":14,"column":null}}]},"1":{"loc":{"start":{"line":15,"column":27},"end":{"line":17,"column":null}},"type":"cond-expr","locations":[{"start":{"line":16,"column":4},"end":{"line":16,"column":null}},{"start":{"line":17,"column":4},"end":{"line":17,"column":null}}]},"2":{"loc":{"start":{"line":20,"column":24},"end":{"line":22,"column":null}},"type":"cond-expr","locations":[{"start":{"line":21,"column":4},"end":{"line":21,"column":null}},{"start":{"line":22,"column":4},"end":{"line":22,"column":null}}]},"3":{"loc":{"start":{"line":25,"column":20},"end":{"line":27,"column":null}},"type":"cond-expr","locations":[{"start":{"line":26,"column":4},"end":{"line":26,"column":null}},{"start":{"line":27,"column":4},"end":{"line":27,"column":null}}]},"4":{"loc":{"start":{"line":29,"column":27},"end":{"line":31,"column":null}},"type":"cond-expr","locations":[{"start":{"line":30,"column":4},"end":{"line":30,"column":null}},{"start":{"line":31,"column":4},"end":{"line":31,"column":null}}]},"5":{"loc":{"start":{"line":34,"column":30},"end":{"line":36,"column":null}},"type":"cond-expr","locations":[{"start":{"line":35,"column":4},"end":{"line":35,"column":null}},{"start":{"line":36,"column":4},"end":{"line":36,"column":null}}]},"6":{"loc":{"start":{"line":39,"column":27},"end":{"line":41,"column":null}},"type":"cond-expr","locations":[{"start":{"line":40,"column":4},"end":{"line":40,"column":null}},{"start":{"line":41,"column":4},"end":{"line":41,"column":null}}]},"7":{"loc":{"start":{"line":60,"column":42},"end":{"line":60,"column":109}},"type":"binary-expr","locations":[{"start":{"line":60,"column":42},"end":{"line":60,"column":59}},{"start":{"line":60,"column":63},"end":{"line":60,"column":109}}]},"8":{"loc":{"start":{"line":63,"column":2},"end":{"line":83,"column":null}},"type":"if","locations":[{"start":{"line":63,"column":2},"end":{"line":83,"column":null}},{"start":{"line":74,"column":9},"end":{"line":83,"column":null}}]},"9":{"loc":{"start":{"line":69,"column":19},"end":{"line":69,"column":87}},"type":"binary-expr","locations":[{"start":{"line":69,"column":19},"end":{"line":69,"column":36}},{"start":{"line":69,"column":40},"end":{"line":69,"column":87}}]},"10":{"loc":{"start":{"line":96,"column":4},"end":{"line":153,"column":null}},"type":"if","locations":[{"start":{"line":96,"column":4},"end":{"line":153,"column":null}},{"start":{"line":117,"column":11},"end":{"line":153,"column":null}}]},"11":{"loc":{"start":{"line":107,"column":6},"end":{"line":109,"column":null}},"type":"if","locations":[{"start":{"line":107,"column":6},"end":{"line":109,"column":null}}]},"12":{"loc":{"start":{"line":122,"column":6},"end":{"line":124,"column":null}},"type":"if","locations":[{"start":{"line":122,"column":6},"end":{"line":124,"column":null}}]},"13":{"loc":{"start":{"line":122,"column":10},"end":{"line":122,"column":46}},"type":"binary-expr","locations":[{"start":{"line":122,"column":10},"end":{"line":122,"column":26}},{"start":{"line":122,"column":26},"end":{"line":122,"column":46}}]},"14":{"loc":{"start":{"line":132,"column":6},"end":{"line":134,"column":null}},"type":"if","locations":[{"start":{"line":132,"column":6},"end":{"line":134,"column":null}}]},"15":{"loc":{"start":{"line":139,"column":6},"end":{"line":141,"column":null}},"type":"if","locations":[{"start":{"line":139,"column":6},"end":{"line":141,"column":null}}]},"16":{"loc":{"start":{"line":139,"column":10},"end":{"line":139,"column":56}},"type":"binary-expr","locations":[{"start":{"line":139,"column":10},"end":{"line":139,"column":21}},{"start":{"line":139,"column":25},"end":{"line":139,"column":56}}]},"17":{"loc":{"start":{"line":143,"column":6},"end":{"line":145,"column":null}},"type":"if","locations":[{"start":{"line":143,"column":6},"end":{"line":145,"column":null}}]},"18":{"loc":{"start":{"line":155,"column":50},"end":{"line":155,"column":108}},"type":"cond-expr","locations":[{"start":{"line":155,"column":75},"end":{"line":155,"column":88}},{"start":{"line":155,"column":91},"end":{"line":155,"column":108}}]},"19":{"loc":{"start":{"line":183,"column":2},"end":{"line":183,"column":38}},"type":"default-arg","locations":[{"start":{"line":183,"column":37},"end":{"line":183,"column":38}}]},"20":{"loc":{"start":{"line":194,"column":2},"end":{"line":196,"column":null}},"type":"if","locations":[{"start":{"line":194,"column":2},"end":{"line":196,"column":null}}]},"21":{"loc":{"start":{"line":200,"column":2},"end":{"line":202,"column":null}},"type":"if","locations":[{"start":{"line":200,"column":2},"end":{"line":202,"column":null}}]},"22":{"loc":{"start":{"line":207,"column":2},"end":{"line":209,"column":null}},"type":"if","locations":[{"start":{"line":207,"column":2},"end":{"line":209,"column":null}}]},"23":{"loc":{"start":{"line":212,"column":2},"end":{"line":214,"column":null}},"type":"if","locations":[{"start":{"line":212,"column":2},"end":{"line":214,"column":null}}]},"24":{"loc":{"start":{"line":224,"column":4},"end":{"line":226,"column":null}},"type":"if","locations":[{"start":{"line":224,"column":4},"end":{"line":226,"column":null}}]},"25":{"loc":{"start":{"line":233,"column":2},"end":{"line":235,"column":null}},"type":"if","locations":[{"start":{"line":233,"column":2},"end":{"line":235,"column":null}}]},"26":{"loc":{"start":{"line":238,"column":2},"end":{"line":240,"column":null}},"type":"if","locations":[{"start":{"line":238,"column":2},"end":{"line":240,"column":null}}]},"27":{"loc":{"start":{"line":253,"column":2},"end":{"line":255,"column":null}},"type":"if","locations":[{"start":{"line":253,"column":2},"end":{"line":255,"column":null}}]},"28":{"loc":{"start":{"line":258,"column":2},"end":{"line":260,"column":null}},"type":"if","locations":[{"start":{"line":258,"column":2},"end":{"line":260,"column":null}}]},"29":{"loc":{"start":{"line":264,"column":4},"end":{"line":268,"column":null}},"type":"if","locations":[{"start":{"line":264,"column":4},"end":{"line":268,"column":null}}]},"30":{"loc":{"start":{"line":295,"column":21},"end":{"line":295,"column":null}},"type":"cond-expr","locations":[{"start":{"line":295,"column":53},"end":{"line":295,"column":75}},{"start":{"line":295,"column":75},"end":{"line":295,"column":null}}]},"31":{"loc":{"start":{"line":298,"column":35},"end":{"line":298,"column":null}},"type":"binary-expr","locations":[{"start":{"line":298,"column":35},"end":{"line":298,"column":82}},{"start":{"line":298,"column":86},"end":{"line":298,"column":null}}]},"32":{"loc":{"start":{"line":313,"column":2},"end":{"line":319,"column":null}},"type":"if","locations":[{"start":{"line":313,"column":2},"end":{"line":319,"column":null}}]},"33":{"loc":{"start":{"line":313,"column":6},"end":{"line":313,"column":44}},"type":"binary-expr","locations":[{"start":{"line":313,"column":6},"end":{"line":313,"column":16}},{"start":{"line":313,"column":16},"end":{"line":313,"column":44}}]},"34":{"loc":{"start":{"line":361,"column":4},"end":{"line":370,"column":null}},"type":"if","locations":[{"start":{"line":361,"column":4},"end":{"line":370,"column":null}}]},"35":{"loc":{"start":{"line":361,"column":8},"end":{"line":361,"column":43}},"type":"binary-expr","locations":[{"start":{"line":361,"column":8},"end":{"line":361,"column":20}},{"start":{"line":361,"column":20},"end":{"line":361,"column":43}}]},"36":{"loc":{"start":{"line":372,"column":4},"end":{"line":378,"column":null}},"type":"if","locations":[{"start":{"line":372,"column":4},"end":{"line":378,"column":null}}]},"37":{"loc":{"start":{"line":395,"column":9},"end":{"line":395,"column":null}},"type":"cond-expr","locations":[{"start":{"line":395,"column":31},"end":{"line":395,"column":36}},{"start":{"line":395,"column":36},"end":{"line":395,"column":null}}]},"38":{"loc":{"start":{"line":399,"column":2},"end":{"line":399,"column":null}},"type":"if","locations":[{"start":{"line":399,"column":2},"end":{"line":399,"column":null}}]}},"s":{"0":0,"1":0,"2":0,"3":0,"4":0,"5":0,"6":0,"7":0,"8":0,"9":0,"10":0,"11":0,"12":0,"13":0,"14":0,"15":0,"16":0,"17":0,"18":0,"19":0,"20":0,"21":0,"22":0,"23":0,"24":0,"25":0,"26":0,"27":0,"28":0,"29":0,"30":0,"31":0,"32":0,"33":0,"34":0,"35":0,"36":0,"37":0,"38":0,"39":0,"40":0,"41":0,"42":0,"43":0,"44":0,"45":0,"46":0,"47":0,"48":0,"49":0,"50":0,"51":0,"52":0,"53":0,"54":0,"55":0,"56":0,"57":0,"58":0,"59":0,"60":0,"61":0,"62":0,"63":0,"64":0,"65":0,"66":0,"67":0,"68":0,"69":0,"70":0,"71":0,"72":0,"73":0,"74":0,"75":0,"76":0,"77":0,"78":0,"79":0,"80":0,"81":0,"82":0,"83":0,"84":0,"85":0,"86":0,"87":0,"88":0,"89":0,"90":0,"91":0,"92":0,"93":0,"94":0,"95":0,"96":0,"97":0,"98":0,"99":0,"100":0,"101":0,"102":0,"103":0,"104":0,"105":0,"106":0,"107":0,"108":0,"109":0,"110":0,"111":0,"112":0,"113":0,"114":0,"115":0,"116":0,"117":0,"118":0,"119":0,"120":0,"121":0},"f":{"0":0,"1":0,"2":0,"3":0,"4":0,"5":0,"6":0,"7":0,"8":0,"9":0,"10":0,"11":0,"12":0,"13":0,"14":0},"b":{"0":[0,0],"1":[0,0],"2":[0,0],"3":[0,0],"4":[0,0],"5":[0,0],"6":[0,0],"7":[0,0],"8":[0,0],"9":[0,0],"10":[0,0],"11":[0],"12":[0],"13":[0,0],"14":[0],"15":[0],"16":[0,0],"17":[0],"18":[0,0],"19":[0],"20":[0],"21":[0],"22":[0],"23":[0],"24":[0],"25":[0],"26":[0],"27":[0],"28":[0],"29":[0],"30":[0,0],"31":[0,0],"32":[0],"33":[0,0],"34":[0],"35":[0,0],"36":[0],"37":[0,0],"38":[0]}}
,"C:\\Users\\steff\\Desktop\\eduhu-test\\src\\lib\\test-db-connection.ts": {"path":"C:\\Users\\steff\\Desktop\\eduhu-test\\src\\lib\\test-db-connection.ts","statementMap":{"0":{"start":{"line":4,"column":13},"end":{"line":4,"column":39}},"1":{"start":{"line":38,"column":13},"end":{"line":38,"column":35}},"2":{"start":{"line":2,"column":19},"end":{"line":2,"column":null}},"3":{"start":{"line":4,"column":39},"end":{"line":35,"column":null}},"4":{"start":{"line":9,"column":16},"end":{"line":9,"column":null}},"5":{"start":{"line":11,"column":2},"end":{"line":34,"column":null}},"6":{"start":{"line":13,"column":22},"end":{"line":13,"column":null}},"7":{"start":{"line":15,"column":4},"end":{"line":21,"column":null}},"8":{"start":{"line":16,"column":6},"end":{"line":20,"column":null}},"9":{"start":{"line":23,"column":4},"end":{"line":27,"column":null}},"10":{"start":{"line":29,"column":4},"end":{"line":33,"column":null}},"11":{"start":{"line":38,"column":35},"end":{"line":46,"column":null}},"12":{"start":{"line":39,"column":16},"end":{"line":39,"column":null}},"13":{"start":{"line":41,"column":2},"end":{"line":45,"column":null}}},"fnMap":{"0":{"name":"(anonymous_3)","decl":{"start":{"line":4,"column":39},"end":{"line":4,"column":null}},"loc":{"start":{"line":4,"column":39},"end":{"line":35,"column":null}}},"1":{"name":"(anonymous_4)","decl":{"start":{"line":38,"column":35},"end":{"line":38,"column":null}},"loc":{"start":{"line":38,"column":35},"end":{"line":46,"column":null}}}},"branchMap":{"0":{"loc":{"start":{"line":9,"column":16},"end":{"line":9,"column":null}},"type":"binary-expr","locations":[{"start":{"line":9,"column":16},"end":{"line":9,"column":56}},{"start":{"line":9,"column":60},"end":{"line":9,"column":null}}]},"1":{"loc":{"start":{"line":15,"column":4},"end":{"line":21,"column":null}},"type":"if","locations":[{"start":{"line":15,"column":4},"end":{"line":21,"column":null}}]},"2":{"loc":{"start":{"line":31,"column":39},"end":{"line":31,"column":97}},"type":"cond-expr","locations":[{"start":{"line":31,"column":64},"end":{"line":31,"column":77}},{"start":{"line":31,"column":80},"end":{"line":31,"column":97}}]},"3":{"loc":{"start":{"line":39,"column":16},"end":{"line":39,"column":null}},"type":"binary-expr","locations":[{"start":{"line":39,"column":16},"end":{"line":39,"column":56}},{"start":{"line":39,"column":60},"end":{"line":39,"column":null}}]},"4":{"loc":{"start":{"line":43,"column":11},"end":{"line":43,"column":76}},"type":"cond-expr","locations":[{"start":{"line":43,"column":37},"end":{"line":43,"column":45}},{"start":{"line":43,"column":45},"end":{"line":43,"column":76}}]},"5":{"loc":{"start":{"line":44,"column":12},"end":{"line":44,"column":null}},"type":"cond-expr","locations":[{"start":{"line":44,"column":38},"end":{"line":44,"column":50}},{"start":{"line":44,"column":50},"end":{"line":44,"column":null}}]}},"s":{"0":0,"1":0,"2":0,"3":0,"4":0,"5":0,"6":0,"7":0,"8":0,"9":0,"10":0,"11":0,"12":0,"13":0},"f":{"0":0,"1":0},"b":{"0":[0,0],"1":[0],"2":[0,0],"3":[0,0],"4":[0,0],"5":[0,0]}}
,"C:\\Users\\steff\\Desktop\\eduhu-test\\src\\lib\\utils.ts": {"path":"C:\\Users\\steff\\Desktop\\eduhu-test\\src\\lib\\utils.ts","statementMap":{"0":{"start":{"line":4,"column":16},"end":{"line":4,"column":19}},"1":{"start":{"line":1,"column":38},"end":{"line":1,"column":null}},"2":{"start":{"line":2,"column":24},"end":{"line":2,"column":null}},"3":{"start":{"line":5,"column":2},"end":{"line":5,"column":null}}},"fnMap":{"0":{"name":"cn","decl":{"start":{"line":4,"column":16},"end":{"line":4,"column":19}},"loc":{"start":{"line":4,"column":42},"end":{"line":6,"column":null}}}},"branchMap":{},"s":{"0":5,"1":1,"2":1,"3":5},"f":{"0":5},"b":{}}
}
