TN:
SF:src\app\page.tsx
FN:6,HomePage
FN:10,(anonymous_2)
FNF:2
FNH:0
FNDA:0,HomePage
FNDA:0,(anonymous_2)
DA:3,0
DA:4,0
DA:6,0
DA:7,0
DA:8,0
DA:10,0
DA:11,0
DA:13,0
DA:14,0
LF:9
LH:0
BRDA:50,0,0,0
BRDA:50,0,1,0
BRF:2
BRH:0
end_of_record
TN:
SF:src\app\api\chat\route.ts
FN:12,POST
FN:25,(anonymous_6)
FN:33,(anonymous_7)
FN:67,(anonymous_8)
FN:145,(anonymous_9)
FN:181,(anonymous_10)
FN:191,(anonymous_11)
FN:205,(anonymous_12)
FN:354,OPTIONS
FNF:9
FNH:0
FNDA:0,POST
FNDA:0,(anonymous_6)
FNDA:0,(anonymous_7)
FNDA:0,(anonymous_8)
FNDA:0,(anonymous_9)
FNDA:0,(anonymous_10)
FNDA:0,(anonymous_11)
FNDA:0,(anonymous_12)
FNDA:0,OPTIONS
DA:1,0
DA:3,0
DA:6,0
DA:7,0
DA:9,0
DA:10,0
DA:12,0
DA:13,0
DA:14,0
DA:15,0
DA:18,0
DA:19,0
DA:21,0
DA:22,0
DA:25,0
DA:31,0
DA:32,0
DA:33,0
DA:36,0
DA:38,0
DA:44,0
DA:45,0
DA:49,0
DA:50,0
DA:54,0
DA:55,0
DA:56,0
DA:57,0
DA:62,0
DA:63,0
DA:67,0
DA:68,0
DA:69,0
DA:73,0
DA:74,0
DA:81,0
DA:88,0
DA:89,0
DA:94,0
DA:95,0
DA:127,0
DA:129,0
DA:135,0
DA:136,0
DA:138,0
DA:141,0
DA:142,0
DA:144,0
DA:146,0
DA:147,0
DA:148,0
DA:150,0
DA:151,0
DA:154,0
DA:159,0
DA:163,0
DA:164,0
DA:168,0
DA:169,0
DA:170,0
DA:173,0
DA:174,0
DA:176,0
DA:177,0
DA:179,0
DA:181,0
DA:183,0
DA:191,0
DA:203,0
DA:204,0
DA:205,0
DA:206,0
DA:212,0
DA:213,0
DA:215,0
DA:220,0
DA:221,0
DA:232,0
DA:233,0
DA:245,0
DA:246,0
DA:249,0
DA:254,0
DA:255,0
DA:268,0
DA:274,0
DA:279,0
DA:289,0
DA:290,0
DA:294,0
DA:295,0
DA:299,0
DA:301,0
DA:306,0
DA:318,0
DA:321,0
DA:322,0
DA:324,0
DA:325,0
DA:326,0
DA:327,0
DA:328,0
DA:329,0
DA:330,0
DA:332,0
DA:337,0
DA:354,0
DA:355,0
LF:108
LH:0
BRDA:19,0,0,0
BRDA:19,1,0,0
BRDA:19,1,1,0
BRDA:19,1,2,0
BRDA:25,2,0,0
BRDA:25,2,1,0
BRDA:31,3,0,0
BRDA:44,4,0,0
BRDA:44,5,0,0
BRDA:44,5,1,0
BRDA:49,6,0,0
BRDA:49,7,0,0
BRDA:49,7,1,0
BRDA:54,8,0,0
BRDA:54,9,0,0
BRDA:54,9,1,0
BRDA:56,10,0,0
BRDA:62,11,0,0
BRDA:68,12,0,0
BRDA:68,13,0,0
BRDA:68,13,1,0
BRDA:68,13,2,0
BRDA:73,14,0,0
BRDA:73,15,0,0
BRDA:73,15,1,0
BRDA:73,15,2,0
BRDA:73,15,3,0
BRDA:94,16,0,0
BRDA:94,17,0,0
BRDA:94,17,1,0
BRDA:148,18,0,0
BRDA:148,18,1,0
BRDA:150,19,0,0
BRDA:163,20,0,0
BRDA:164,21,0,0
BRDA:164,21,1,0
BRDA:168,22,0,0
BRDA:173,23,0,0
BRDA:173,24,0,0
BRDA:173,24,1,0
BRDA:173,24,2,0
BRDA:177,25,0,0
BRDA:177,26,0,0
BRDA:177,26,1,0
BRDA:179,27,0,0
BRDA:179,27,1,0
BRDA:181,28,0,0
BRDA:181,28,1,0
BRDA:189,29,0,0
BRDA:189,29,1,0
BRDA:190,30,0,0
BRDA:190,30,1,0
BRDA:203,31,0,0
BRDA:245,32,0,0
BRDA:254,33,0,0
BRDA:286,34,0,0
BRDA:286,34,1,0
BRDA:324,35,0,0
BRDA:325,36,0,0
BRDA:325,36,1,0
BRDA:328,37,0,0
BRDA:328,37,1,0
BRDA:328,38,0,0
BRDA:328,38,1,0
BRF:64
BRH:0
end_of_record
TN:
SF:src\app\api\files\[...path]\route.ts
FN:14,GET
FN:337,HEAD
FNF:2
FNH:0
FNDA:0,GET
FNDA:0,HEAD
DA:1,0
DA:2,0
DA:3,0
DA:4,0
DA:10,0
DA:11,0
DA:12,0
DA:14,0
DA:18,0
DA:19,0
DA:20,0
DA:22,0
DA:24,0
DA:26,0
DA:27,0
DA:34,0
DA:35,0
DA:42,0
DA:43,0
DA:44,0
DA:47,0
DA:50,0
DA:51,0
DA:52,0
DA:53,0
DA:54,0
DA:62,0
DA:63,0
DA:73,0
DA:76,0
DA:77,0
DA:78,0
DA:84,0
DA:89,0
DA:90,0
DA:95,0
DA:98,0
DA:99,0
DA:102,0
DA:109,0
DA:110,0
DA:112,0
DA:114,0
DA:115,0
DA:117,0
DA:118,0
DA:121,0
DA:122,0
DA:127,0
DA:128,0
DA:132,0
DA:133,0
DA:135,0
DA:137,0
DA:140,0
DA:141,0
DA:142,0
DA:145,0
DA:146,0
DA:149,0
DA:150,0
DA:151,0
DA:157,0
DA:160,0
DA:161,0
DA:164,0
DA:165,0
DA:169,0
DA:174,0
DA:176,0
DA:179,0
DA:180,0
DA:182,0
DA:183,0
DA:185,0
DA:186,0
DA:188,0
DA:189,0
DA:191,0
DA:192,0
DA:194,0
DA:195,0
DA:197,0
DA:198,0
DA:200,0
DA:201,0
DA:203,0
DA:204,0
DA:206,0
DA:207,0
DA:211,0
DA:214,0
DA:217,0
DA:218,0
DA:221,0
DA:222,0
DA:223,0
DA:224,0
DA:244,0
DA:249,0
DA:255,0
DA:258,0
DA:259,0
DA:260,0
DA:261,0
DA:277,0
DA:282,0
DA:284,0
DA:290,0
DA:291,0
DA:298,0
DA:305,0
DA:308,0
DA:309,0
DA:310,0
DA:311,0
DA:325,0
DA:329,0
DA:337,0
DA:341,0
DA:342,0
DA:344,0
DA:345,0
DA:347,0
DA:348,0
DA:352,0
DA:353,0
DA:357,0
DA:358,0
DA:359,0
DA:362,0
DA:363,0
DA:364,0
DA:365,0
DA:369,0
DA:370,0
DA:375,0
DA:377,0
DA:378,0
DA:381,0
DA:388,0
DA:389,0
DA:390,0
DA:392,0
DA:393,0
DA:396,0
DA:401,0
DA:405,0
DA:406,0
DA:407,0
DA:408,0
DA:413,0
DA:415,0
DA:418,0
DA:422,0
DA:423,0
DA:426,0
DA:427,0
DA:430,0
DA:431,0
DA:433,0
DA:434,0
DA:436,0
DA:437,0
DA:439,0
DA:440,0
DA:442,0
DA:443,0
DA:445,0
DA:446,0
DA:448,0
DA:449,0
DA:451,0
DA:452,0
DA:454,0
DA:455,0
DA:457,0
DA:458,0
DA:461,0
DA:462,0
DA:463,0
DA:464,0
DA:466,0
DA:472,0
DA:474,0
DA:477,0
DA:481,0
DA:482,0
LF:188
LH:0
BRDA:26,0,0,0
BRDA:34,1,0,0
BRDA:34,2,0,0
BRDA:34,2,1,0
BRDA:50,3,0,0
BRDA:50,4,0,0
BRDA:50,4,1,0
BRDA:52,5,0,0
BRDA:67,6,0,0
BRDA:67,6,1,0
BRDA:76,7,0,0
BRDA:76,8,0,0
BRDA:76,8,1,0
BRDA:76,8,2,0
BRDA:90,9,0,0
BRDA:90,9,1,0
BRDA:105,10,0,0
BRDA:105,10,1,0
BRDA:117,11,0,0
BRDA:132,12,0,0
BRDA:132,12,1,0
BRDA:132,13,0,0
BRDA:132,13,1,0
BRDA:141,14,0,0
BRDA:150,15,0,0
BRDA:150,15,1,0
BRDA:176,16,0,0
BRDA:176,16,1,0
BRDA:176,16,2,0
BRDA:176,16,3,0
BRDA:176,16,4,0
BRDA:176,16,5,0
BRDA:176,16,6,0
BRDA:176,16,7,0
BRDA:176,16,8,0
BRDA:176,16,9,0
BRDA:176,16,10,0
BRDA:217,17,0,0
BRDA:217,17,1,0
BRDA:217,18,0,0
BRDA:217,18,1,0
BRDA:221,19,0,0
BRDA:221,20,0,0
BRDA:221,20,1,0
BRDA:223,21,0,0
BRDA:223,21,1,0
BRDA:229,22,0,0
BRDA:229,22,1,0
BRDA:234,23,0,0
BRDA:234,23,1,0
BRDA:234,24,0,0
BRDA:234,24,1,0
BRDA:258,25,0,0
BRDA:260,26,0,0
BRDA:260,26,1,0
BRDA:266,27,0,0
BRDA:266,27,1,0
BRDA:269,28,0,0
BRDA:269,28,1,0
BRDA:282,29,0,0
BRDA:282,30,0,0
BRDA:282,30,1,0
BRDA:282,30,2,0
BRDA:290,31,0,0
BRDA:290,32,0,0
BRDA:290,32,1,0
BRDA:308,33,0,0
BRDA:310,34,0,0
BRDA:310,34,1,0
BRDA:317,35,0,0
BRDA:317,35,1,0
BRDA:347,36,0,0
BRDA:352,37,0,0
BRDA:352,38,0,0
BRDA:352,38,1,0
BRDA:362,39,0,0
BRDA:362,40,0,0
BRDA:362,40,1,0
BRDA:364,41,0,0
BRDA:370,42,0,0
BRDA:370,42,1,0
BRDA:384,43,0,0
BRDA:384,43,1,0
BRDA:392,44,0,0
BRDA:405,45,0,0
BRDA:405,45,1,0
BRDA:405,46,0,0
BRDA:405,46,1,0
BRDA:407,47,0,0
BRDA:407,47,1,0
BRDA:427,48,0,0
BRDA:427,48,1,0
BRDA:427,48,2,0
BRDA:427,48,3,0
BRDA:427,48,4,0
BRDA:427,48,5,0
BRDA:427,48,6,0
BRDA:427,48,7,0
BRDA:427,48,8,0
BRDA:427,48,9,0
BRDA:427,48,10,0
BRDA:463,49,0,0
BRDA:463,49,1,0
BRDA:463,50,0,0
BRDA:463,50,1,0
BRDA:472,51,0,0
BRDA:472,52,0,0
BRDA:472,52,1,0
BRDA:472,52,2,0
BRF:109
BRH:0
end_of_record
TN:
SF:src\app\api\health\route.ts
FN:4,GET
FN:29,checkInstantDB
FN:61,checkOpenAI
FN:84,getMemoryUsage
FNF:4
FNH:0
FNDA:0,GET
FNDA:0,checkInstantDB
FNDA:0,checkOpenAI
FNDA:0,getMemoryUsage
DA:1,0
DA:4,0
DA:5,0
DA:23,0
DA:26,0
DA:30,0
DA:32,0
DA:33,0
DA:34,0
DA:41,0
DA:42,0
DA:43,0
DA:49,0
DA:54,0
DA:62,0
DA:63,0
DA:64,0
DA:65,0
DA:71,0
DA:77,0
DA:85,0
DA:86,0
LF:22
LH:0
BRDA:8,0,0,0
BRDA:8,0,1,0
BRDA:9,1,0,0
BRDA:9,1,1,0
BRDA:17,2,0,0
BRDA:17,2,1,0
BRDA:18,3,0,0
BRDA:18,3,1,0
BRDA:23,4,0,0
BRDA:23,4,1,0
BRDA:23,5,0,0
BRDA:23,5,1,0
BRDA:33,6,0,0
BRDA:33,7,0,0
BRDA:33,7,1,0
BRDA:42,8,0,0
BRDA:56,9,0,0
BRDA:56,9,1,0
BRDA:64,10,0,0
BRDA:64,11,0,0
BRDA:64,11,1,0
BRDA:73,12,0,0
BRDA:73,12,1,0
BRDA:79,13,0,0
BRDA:79,13,1,0
BRF:25
BRH:0
end_of_record
TN:
SF:src\app\api\monitor\route.ts
FN:4,GET
FN:41,POST
FN:70,getMemoryMetrics
FN:81,getServiceMetrics
FN:95,checkInstantDB
FN:126,checkOpenAI
FN:158,checkInternalServices
FN:179,getPerformanceMetrics
FN:197,getEventLoopUtilization
FN:216,getClientIP
FNF:10
FNH:0
FNDA:0,GET
FNDA:0,POST
FNDA:0,getMemoryMetrics
FNDA:0,getServiceMetrics
FNDA:0,checkInstantDB
FNDA:0,checkOpenAI
FNDA:0,checkInternalServices
FNDA:0,getPerformanceMetrics
FNDA:0,getEventLoopUtilization
FNDA:0,getClientIP
DA:1,0
DA:4,0
DA:5,0
DA:31,0
DA:41,0
DA:42,0
DA:43,0
DA:46,0
DA:55,0
DA:57,0
DA:62,0
DA:63,0
DA:71,0
DA:72,0
DA:82,0
DA:88,0
DA:96,0
DA:98,0
DA:99,0
DA:100,0
DA:101,0
DA:109,0
DA:111,0
DA:118,0
DA:127,0
DA:129,0
DA:130,0
DA:131,0
DA:132,0
DA:140,0
DA:142,0
DA:150,0
DA:159,0
DA:161,0
DA:164,0
DA:171,0
DA:181,0
DA:184,0
DA:198,0
DA:200,0
DA:201,0
DA:202,0
DA:203,0
DA:213,0
DA:218,0
DA:219,0
DA:220,0
DA:222,0
DA:223,0
DA:226,0
LF:50
LH:0
BRDA:14,0,0,0
BRDA:14,0,1,0
BRDA:89,1,0,0
BRDA:89,1,1,0
BRDA:90,2,0,0
BRDA:90,2,1,0
BRDA:91,3,0,0
BRDA:91,3,1,0
BRDA:100,4,0,0
BRDA:100,5,0,0
BRDA:100,5,1,0
BRDA:112,6,0,0
BRDA:112,6,1,0
BRDA:121,7,0,0
BRDA:121,7,1,0
BRDA:131,8,0,0
BRDA:131,9,0,0
BRDA:131,9,1,0
BRDA:140,10,0,0
BRDA:140,10,1,0
BRDA:143,11,0,0
BRDA:143,11,1,0
BRDA:145,12,0,0
BRDA:145,12,1,0
BRDA:153,13,0,0
BRDA:153,13,1,0
BRDA:174,14,0,0
BRDA:174,14,1,0
BRDA:192,15,0,0
BRDA:192,15,1,0
BRDA:193,16,0,0
BRDA:193,16,1,0
BRDA:201,17,0,0
BRDA:222,18,0,0
BRDA:226,19,0,0
BRDA:226,19,1,0
BRDA:226,19,2,0
BRF:37
BRH:0
end_of_record
TN:
SF:src\app\api\storage\analytics\route.ts
FN:5,GET
FN:42,(anonymous_5)
FN:43,(anonymous_6)
FN:91,(anonymous_7)
FN:125,POST
FN:219,OPTIONS
FNF:6
FNH:0
FNDA:0,GET
FNDA:0,(anonymous_5)
FNDA:0,(anonymous_6)
FNDA:0,(anonymous_7)
FNDA:0,POST
FNDA:0,OPTIONS
DA:1,0
DA:2,0
DA:3,0
DA:5,0
DA:6,0
DA:8,0
DA:9,0
DA:16,0
DA:17,0
DA:18,0
DA:21,0
DA:22,0
DA:25,0
DA:26,0
DA:32,0
DA:33,0
DA:34,0
DA:41,0
DA:42,0
DA:43,0
DA:47,0
DA:87,0
DA:89,0
DA:91,0
DA:92,0
DA:95,0
DA:104,0
DA:113,0
DA:115,0
DA:125,0
DA:126,0
DA:128,0
DA:129,0
DA:136,0
DA:137,0
DA:140,0
DA:141,0
DA:148,0
DA:149,0
DA:151,0
DA:154,0
DA:155,0
DA:161,0
DA:173,0
DA:177,0
DA:178,0
DA:186,0
DA:187,0
DA:193,0
DA:199,0
DA:206,0
DA:208,0
DA:219,0
DA:220,0
LF:54
LH:0
BRDA:8,0,0,0
BRDA:17,1,0,0
BRDA:17,1,1,0
BRDA:18,2,0,0
BRDA:18,2,1,0
BRDA:22,3,0,0
BRDA:22,3,1,0
BRDA:25,4,0,0
BRDA:25,5,0,0
BRDA:25,5,1,0
BRDA:33,6,0,0
BRDA:33,7,0,0
BRDA:33,7,1,0
BRDA:33,7,2,0
BRDA:59,8,0,0
BRDA:59,8,1,0
BRDA:69,9,0,0
BRDA:69,9,1,0
BRDA:82,10,0,0
BRDA:82,10,1,0
BRDA:87,11,0,0
BRDA:118,12,0,0
BRDA:118,12,1,0
BRDA:128,13,0,0
BRDA:137,14,0,0
BRDA:137,14,1,0
BRDA:140,15,0,0
BRDA:140,16,0,0
BRDA:140,16,1,0
BRDA:151,17,0,0
BRDA:151,17,1,0
BRDA:151,17,2,0
BRDA:151,17,3,0
BRDA:154,18,0,0
BRDA:154,19,0,0
BRDA:154,19,1,0
BRDA:163,20,0,0
BRDA:163,20,1,0
BRDA:164,21,0,0
BRDA:164,21,1,0
BRDA:186,22,0,0
BRDA:211,23,0,0
BRDA:211,23,1,0
BRF:43
BRH:0
end_of_record
TN:
SF:src\app\api\storage\info\route.ts
FN:12,GET
FN:75,POST
FN:118,OPTIONS
FNF:3
FNH:0
FNDA:0,GET
FNDA:0,POST
FNDA:0,OPTIONS
DA:1,0
DA:2,0
DA:3,0
DA:5,0
DA:6,0
DA:12,0
DA:13,0
DA:14,0
DA:17,0
DA:25,0
DA:51,0
DA:58,0
DA:60,0
DA:75,0
DA:76,0
DA:77,0
DA:78,0
DA:80,0
DA:82,0
DA:84,0
DA:94,0
DA:99,0
DA:105,0
DA:107,0
DA:118,0
DA:119,0
LF:26
LH:0
BRDA:19,0,0,0
BRDA:19,0,1,0
BRDA:42,1,0,0
BRDA:42,1,1,0
BRDA:43,2,0,0
BRDA:43,2,1,0
BRDA:44,3,0,0
BRDA:44,3,1,0
BRDA:64,4,0,0
BRDA:64,4,1,0
BRDA:80,5,0,0
BRDA:88,6,0,0
BRDA:88,6,1,0
BRDA:95,7,0,0
BRDA:95,7,1,0
BRDA:110,8,0,0
BRDA:110,8,1,0
BRF:17
BRH:0
end_of_record
TN:
SF:src\app\api\upload\route.ts
FN:13,POST
FN:51,(anonymous_7)
FN:118,(anonymous_8)
FN:179,processFileAsync
FN:238,OPTIONS
FNF:5
FNH:0
FNDA:0,POST
FNDA:0,(anonymous_7)
FNDA:0,(anonymous_8)
FNDA:0,processFileAsync
FNDA:0,OPTIONS
DA:1,0
DA:2,0
DA:3,0
DA:4,0
DA:5,0
DA:7,0
DA:8,0
DA:11,0
DA:13,0
DA:14,0
DA:16,0
DA:17,0
DA:18,0
DA:19,0
DA:20,0
DA:21,0
DA:24,0
DA:25,0
DA:31,0
DA:32,0
DA:39,0
DA:40,0
DA:51,0
DA:52,0
DA:53,0
DA:54,0
DA:56,0
DA:59,0
DA:60,0
DA:71,0
DA:72,0
DA:73,0
DA:74,0
DA:76,0
DA:78,0
DA:79,0
DA:82,0
DA:85,0
DA:103,0
DA:106,0
DA:111,0
DA:112,0
DA:113,0
DA:117,0
DA:119,0
DA:123,0
DA:135,0
DA:138,0
DA:139,0
DA:149,0
DA:152,0
DA:153,0
DA:154,0
DA:160,0
DA:161,0
DA:168,0
DA:185,0
DA:186,0
DA:189,0
DA:192,0
DA:203,0
DA:207,0
DA:208,0
DA:214,0
DA:218,0
DA:221,0
DA:222,0
DA:232,0
DA:238,0
DA:239,0
LF:70
LH:0
BRDA:24,0,0,0
BRDA:31,1,0,0
BRDA:39,2,0,0
BRDA:52,3,0,0
BRDA:59,4,0,0
BRDA:71,5,0,0
BRDA:71,5,1,0
BRDA:87,6,0,0
BRDA:87,6,1,0
BRDA:88,7,0,0
BRDA:88,7,1,0
BRDA:98,8,0,0
BRDA:98,8,1,0
BRDA:111,9,0,0
BRDA:152,10,0,0
BRDA:153,11,0,0
BRDA:160,12,0,0
BRDA:194,13,0,0
BRDA:194,13,1,0
BRDA:207,14,0,0
BRDA:207,14,1,0
BRDA:227,15,0,0
BRDA:227,15,1,0
BRF:23
BRH:0
end_of_record
TN:
SF:src\app\chat\[sessionId]\page.tsx
FN:10,ChatSessionPage
FNF:1
FNH:0
FNDA:0,ChatSessionPage
DA:3,0
DA:4,0
DA:10,0
DA:11,0
LF:4
LH:0
BRF:0
BRH:0
end_of_record
TN:
SF:src\app\chat\new\page.tsx
FN:6,NewChatPage
FN:9,(anonymous_2)
FNF:2
FNH:0
FNDA:0,NewChatPage
FNDA:0,(anonymous_2)
DA:3,0
DA:4,0
DA:6,0
DA:7,0
DA:9,0
DA:11,0
DA:12,0
LF:7
LH:0
BRF:0
BRH:0
end_of_record
TN:
SF:src\app\library\page.tsx
FN:6,LibraryPage
FNF:1
FNH:0
FNDA:0,LibraryPage
DA:3,0
DA:4,0
DA:6,0
DA:7,0
DA:8,0
LF:5
LH:0
BRF:0
BRH:0
end_of_record
TN:
SF:src\components\MonitoringDashboard.tsx
FN:35,MonitoringDashboard
FN:42,(anonymous_2)
FN:47,(anonymous_3)
FN:51,(anonymous_4)
FN:75,(anonymous_5)
FN:84,(anonymous_6)
FN:134,(anonymous_7)
FNF:7
FNH:0
FNDA:0,MonitoringDashboard
FNDA:0,(anonymous_2)
FNDA:0,(anonymous_3)
FNDA:0,(anonymous_4)
FNDA:0,(anonymous_5)
FNDA:0,(anonymous_6)
FNDA:0,(anonymous_7)
DA:3,0
DA:35,0
DA:36,0
DA:37,0
DA:38,0
DA:39,0
DA:40,0
DA:42,0
DA:43,0
DA:45,0
DA:46,0
DA:47,0
DA:51,0
DA:52,0
DA:53,0
DA:58,0
DA:59,0
DA:60,0
DA:62,0
DA:63,0
DA:64,0
DA:66,0
DA:69,0
DA:71,0
DA:75,0
DA:76,0
DA:77,0
DA:78,0
DA:79,0
DA:80,0
DA:84,0
DA:85,0
DA:86,0
DA:87,0
DA:89,0
DA:90,0
DA:91,0
DA:94,0
DA:105,0
DA:134,0
LF:40
LH:0
BRDA:45,0,0,0
BRDA:58,1,0,0
BRDA:58,1,1,0
BRDA:58,2,0,0
BRDA:58,2,1,0
BRDA:69,3,0,0
BRDA:69,3,1,0
BRDA:76,4,0,0
BRDA:76,4,1,0
BRDA:76,4,2,0
BRDA:76,4,3,0
BRDA:89,5,0,0
BRDA:90,6,0,0
BRDA:94,7,0,0
BRDA:105,8,0,0
BRDA:148,9,0,0
BRDA:148,9,1,0
BRDA:153,10,0,0
BRDA:172,11,0,0
BRDA:172,11,1,0
BRDA:180,12,0,0
BRDA:206,13,0,0
BRDA:206,13,1,0
BRDA:216,14,0,0
BRDA:247,15,0,0
BRDA:247,15,1,0
BRDA:248,16,0,0
BRDA:248,16,1,0
BRDA:249,17,0,0
BRDA:249,17,1,0
BRDA:263,18,0,0
BRDA:263,18,1,0
BRDA:264,19,0,0
BRDA:264,19,1,0
BRDA:265,20,0,0
BRDA:265,20,1,0
BRF:36
BRH:0
end_of_record
TN:
SF:src\components\PWASetup.tsx
FN:5,PWASetup
FN:6,(anonymous_2)
FN:10,(anonymous_3)
FN:13,(anonymous_4)
FNF:4
FNH:0
FNDA:0,PWASetup
FNDA:0,(anonymous_2)
FNDA:0,(anonymous_3)
FNDA:0,(anonymous_4)
DA:3,0
DA:5,0
DA:6,0
DA:7,0
DA:8,0
DA:11,0
DA:14,0
LF:7
LH:0
BRDA:7,0,0,0
BRF:1
BRH:0
end_of_record
TN:
SF:src\components\WebVitalsReporter.tsx
FN:6,WebVitalsReporter
FN:7,(anonymous_5)
FN:12,(anonymous_6)
FN:12,(anonymous_7)
FN:18,(anonymous_8)
FNF:5
FNH:0
FNDA:0,WebVitalsReporter
FNDA:0,(anonymous_5)
FNDA:0,(anonymous_6)
FNDA:0,(anonymous_7)
FNDA:0,(anonymous_8)
DA:3,0
DA:4,0
DA:6,0
DA:7,0
DA:9,0
DA:12,0
DA:13,0
DA:14,0
DA:15,0
DA:16,0
DA:17,0
DA:19,0
LF:12
LH:0
BRF:0
BRH:0
end_of_record
TN:
SF:src\components\chat\ChatContainer.tsx
FN:30,ChatContainer
FN:41,(anonymous_3)
FN:43,(anonymous_4)
FN:54,(anonymous_5)
FN:59,(anonymous_6)
FN:60,(anonymous_7)
FN:67,(anonymous_8)
FN:84,(anonymous_9)
FN:90,(anonymous_10)
FN:108,(anonymous_11)
FN:148,(anonymous_12)
FN:274,(anonymous_13)
FN:288,(anonymous_14)
FN:334,(anonymous_15)
FNF:14
FNH:0
FNDA:0,ChatContainer
FNDA:0,(anonymous_3)
FNDA:0,(anonymous_4)
FNDA:0,(anonymous_5)
FNDA:0,(anonymous_6)
FNDA:0,(anonymous_7)
FNDA:0,(anonymous_8)
FNDA:0,(anonymous_9)
FNDA:0,(anonymous_10)
FNDA:0,(anonymous_11)
FNDA:0,(anonymous_12)
FNDA:0,(anonymous_13)
FNDA:0,(anonymous_14)
FNDA:0,(anonymous_15)
DA:3,0
DA:4,0
DA:5,0
DA:13,0
DA:16,0
DA:18,0
DA:30,0
DA:31,0
DA:32,0
DA:33,0
DA:34,0
DA:35,0
DA:36,0
DA:37,0
DA:38,0
DA:41,0
DA:42,0
DA:43,0
DA:49,0
DA:50,0
DA:51,0
DA:54,0
DA:55,0
DA:59,0
DA:60,0
DA:61,0
DA:62,0
DA:63,0
DA:66,0
DA:70,0
DA:77,0
DA:80,0
DA:84,0
DA:85,0
DA:90,0
DA:91,0
DA:93,0
DA:94,0
DA:95,0
DA:97,0
DA:99,0
DA:100,0
DA:101,0
DA:102,0
DA:106,0
DA:107,0
DA:108,0
DA:109,0
DA:110,0
DA:111,0
DA:112,0
DA:114,0
DA:119,0
DA:120,0
DA:123,0
DA:124,0
DA:127,0
DA:131,0
DA:138,0
DA:141,0
DA:142,0
DA:143,0
DA:146,0
DA:149,0
DA:152,0
DA:153,0
DA:154,0
DA:157,0
DA:164,0
DA:165,0
DA:168,0
DA:178,0
DA:179,0
DA:182,0
DA:183,0
DA:187,0
DA:188,0
DA:189,0
DA:191,0
DA:192,0
DA:194,0
DA:196,0
DA:197,0
DA:199,0
DA:200,0
DA:201,0
DA:202,0
DA:204,0
DA:205,0
DA:206,0
DA:207,0
DA:209,0
DA:210,0
DA:211,0
DA:215,0
DA:222,0
DA:223,0
DA:227,0
DA:228,0
DA:236,0
DA:244,0
DA:245,0
DA:248,0
DA:251,0
DA:252,0
DA:253,0
DA:254,0
DA:255,0
DA:256,0
DA:257,0
DA:259,0
DA:262,0
DA:265,0
DA:266,0
DA:268,0
DA:269,0
DA:274,0
DA:275,0
DA:276,0
DA:278,0
DA:287,0
DA:288,0
DA:289,0
DA:293,0
DA:335,0
LF:125
LH:0
BRDA:51,0,0,0
BRDA:51,0,1,0
BRDA:61,1,0,0
BRDA:85,2,0,0
BRDA:85,3,0,0
BRDA:85,3,1,0
BRDA:85,3,2,0
BRDA:91,4,0,0
BRDA:99,5,0,0
BRDA:99,6,0,0
BRDA:99,6,1,0
BRDA:100,7,0,0
BRDA:100,7,1,0
BRDA:107,8,0,0
BRDA:107,9,0,0
BRDA:107,9,1,0
BRDA:119,10,0,0
BRDA:132,11,0,0
BRDA:132,11,1,0
BRDA:132,12,0,0
BRDA:132,12,1,0
BRDA:141,13,0,0
BRDA:141,13,1,0
BRDA:152,14,0,0
BRDA:152,15,0,0
BRDA:152,15,1,0
BRDA:178,16,0,0
BRDA:182,17,0,0
BRDA:194,18,0,0
BRDA:200,19,0,0
BRDA:204,20,0,0
BRDA:204,20,1,0
BRDA:204,21,0,0
BRDA:204,21,1,0
BRDA:207,22,0,0
BRDA:207,22,1,0
BRDA:210,23,0,0
BRDA:211,24,0,0
BRDA:211,24,1,0
BRDA:222,25,0,0
BRDA:251,26,0,0
BRDA:251,26,1,0
BRDA:253,27,0,0
BRDA:253,27,1,0
BRDA:254,28,0,0
BRDA:254,28,1,0
BRDA:256,29,0,0
BRDA:256,29,1,0
BRDA:288,30,0,0
BRDA:305,31,0,0
BRDA:316,32,0,0
BRDA:320,33,0,0
BRDA:319,34,0,0
BRDA:319,34,1,0
BRDA:342,35,0,0
BRDA:342,35,1,0
BRDA:346,36,0,0
BRDA:346,36,1,0
BRDA:360,37,0,0
BRDA:360,37,1,0
BRDA:376,38,0,0
BRF:61
BRH:0
end_of_record
TN:
SF:src\components\chat\ChatInput.tsx
FN:12,ChatInput
FN:18,(anonymous_3)
FN:28,(anonymous_4)
FN:35,(anonymous_5)
FN:36,(anonymous_6)
FN:39,(anonymous_7)
FN:42,(anonymous_8)
FN:44,(anonymous_9)
FN:44,(anonymous_10)
FN:48,(anonymous_11)
FN:48,(anonymous_12)
FN:63,(anonymous_13)
FN:97,(anonymous_14)
FN:116,(anonymous_15)
FN:136,(anonymous_16)
FNF:15
FNH:0
FNDA:0,ChatInput
FNDA:0,(anonymous_3)
FNDA:0,(anonymous_4)
FNDA:0,(anonymous_5)
FNDA:0,(anonymous_6)
FNDA:0,(anonymous_7)
FNDA:0,(anonymous_8)
FNDA:0,(anonymous_9)
FNDA:0,(anonymous_10)
FNDA:0,(anonymous_11)
FNDA:0,(anonymous_12)
FNDA:0,(anonymous_13)
FNDA:0,(anonymous_14)
FNDA:0,(anonymous_15)
FNDA:0,(anonymous_16)
DA:3,0
DA:4,0
DA:12,0
DA:13,0
DA:14,0
DA:15,0
DA:16,0
DA:18,0
DA:19,0
DA:21,0
DA:22,0
DA:23,0
DA:24,0
DA:25,0
DA:28,0
DA:29,0
DA:30,0
DA:31,0
DA:35,0
DA:36,0
DA:39,0
DA:41,0
DA:42,0
DA:43,0
DA:44,0
DA:48,0
DA:52,0
DA:53,0
DA:63,0
DA:98,0
DA:99,0
DA:116,0
DA:136,0
LF:33
LH:0
BRDA:12,0,0,0
BRDA:19,1,0,0
BRDA:19,2,0,0
BRDA:19,2,1,0
BRDA:19,2,2,0
BRDA:21,3,0,0
BRDA:21,3,1,0
BRDA:29,4,0,0
BRDA:29,5,0,0
BRDA:29,5,1,0
BRDA:41,6,0,0
BRDA:41,6,1,0
BRDA:43,7,0,0
BRDA:52,8,0,0
BRDA:52,8,1,0
BRDA:58,9,0,0
BRDA:85,10,0,0
BRDA:93,11,0,0
BRDA:93,11,1,0
BRDA:119,12,0,0
BRDA:119,12,1,0
BRDA:121,13,0,0
BRDA:121,13,1,0
BRDA:138,14,0,0
BRDA:138,14,1,0
BRDA:140,15,0,0
BRDA:140,15,1,0
BRDA:152,16,0,0
BRDA:152,16,1,0
BRDA:154,17,0,0
BRDA:154,17,1,0
BRDA:154,18,0,0
BRDA:154,18,1,0
BRDA:160,19,0,0
BRDA:181,20,0,0
BRDA:181,20,1,0
BRF:36
BRH:0
end_of_record
TN:
SF:src\components\chat\ChatMessage.tsx
FN:13,ChatMessage
FN:24,(anonymous_2)
FN:53,(anonymous_3)
FN:60,(anonymous_4)
FN:67,(anonymous_5)
FN:79,(anonymous_6)
FN:83,(anonymous_7)
FN:99,(anonymous_8)
FN:107,(anonymous_9)
FNF:9
FNH:0
FNDA:0,ChatMessage
FNDA:0,(anonymous_2)
FNDA:0,(anonymous_3)
FNDA:0,(anonymous_4)
FNDA:0,(anonymous_5)
FNDA:0,(anonymous_6)
FNDA:0,(anonymous_7)
FNDA:0,(anonymous_8)
FNDA:0,(anonymous_9)
DA:1,0
DA:13,0
DA:14,0
DA:15,0
DA:16,0
DA:18,0
DA:24,0
DA:25,0
DA:31,0
DA:37,0
DA:53,0
DA:54,0
DA:55,0
DA:56,0
DA:60,0
DA:61,0
DA:62,0
DA:67,0
DA:68,0
DA:69,0
DA:70,0
DA:71,0
DA:75,0
DA:76,0
DA:79,0
DA:80,0
DA:83,0
DA:100,0
DA:107,0
LF:29
LH:0
BRDA:13,0,0,0
BRDA:13,1,0,0
BRDA:24,2,0,0
BRDA:25,3,0,0
BRDA:25,3,1,0
BRDA:31,4,0,0
BRDA:31,4,1,0
BRDA:37,5,0,0
BRDA:37,5,1,0
BRDA:37,6,0,0
BRDA:37,6,1,0
BRDA:54,7,0,0
BRDA:55,8,0,0
BRDA:61,9,0,0
BRDA:68,10,0,0
BRDA:68,11,0,0
BRDA:68,11,1,0
BRDA:87,12,0,0
BRDA:87,12,1,0
BRDA:91,13,0,0
BRDA:91,13,1,0
BRDA:97,14,0,0
BRDA:103,15,0,0
BRDA:103,15,1,0
BRDA:110,16,0,0
BRDA:110,16,1,0
BRDA:123,17,0,0
BRDA:123,17,1,0
BRDA:128,18,0,0
BRDA:128,18,1,0
BRDA:131,19,0,0
BRDA:135,20,0,0
BRDA:135,20,1,0
BRDA:136,21,0,0
BRDA:136,21,1,0
BRDA:148,22,0,0
BRDA:148,22,1,0
BRDA:162,23,0,0
BRDA:165,24,0,0
BRDA:165,24,1,0
BRDA:173,25,0,0
BRDA:173,25,1,0
BRDA:175,26,0,0
BRDA:177,27,0,0
BRDA:177,27,1,0
BRF:45
BRH:0
end_of_record
TN:
SF:src\components\chat\ChatSidebar.tsx
FN:12,ChatSidebar
FN:18,(anonymous_2)
FN:31,(anonymous_3)
FN:38,(anonymous_4)
FN:82,(anonymous_5)
FN:99,(anonymous_6)
FN:102,(anonymous_7)
FNF:7
FNH:0
FNDA:0,ChatSidebar
FNDA:0,(anonymous_2)
FNDA:0,(anonymous_3)
FNDA:0,(anonymous_4)
FNDA:0,(anonymous_5)
FNDA:0,(anonymous_6)
FNDA:0,(anonymous_7)
DA:3,0
DA:4,0
DA:12,0
DA:13,0
DA:14,0
DA:16,0
DA:18,0
DA:19,0
DA:20,0
DA:21,0
DA:22,0
DA:24,0
DA:27,0
DA:31,0
DA:32,0
DA:33,0
DA:35,0
DA:38,0
DA:39,0
DA:40,0
DA:41,0
DA:43,0
DA:44,0
DA:45,0
DA:46,0
DA:47,0
DA:48,0
DA:50,0
DA:83,0
DA:100,0
DA:102,0
LF:31
LH:0
BRDA:16,0,0,0
BRDA:16,0,1,0
BRDA:32,1,0,0
BRDA:32,2,0,0
BRDA:32,2,1,0
BRDA:33,3,0,0
BRDA:33,3,1,0
BRDA:43,4,0,0
BRDA:43,4,1,0
BRDA:45,5,0,0
BRDA:45,5,1,0
BRDA:47,6,0,0
BRDA:47,6,1,0
BRDA:67,7,0,0
BRDA:80,8,0,0
BRDA:88,9,0,0
BRDA:104,10,0,0
BRDA:104,10,1,0
BRDA:114,11,0,0
BRDA:114,11,1,0
BRF:20
BRH:0
end_of_record
TN:
SF:src\components\chat\FileUpload.tsx
FN:23,FileUploadComponent
FN:35,(anonymous_2)
FN:42,(anonymous_3)
FN:57,(anonymous_4)
FN:58,(anonymous_5)
FN:61,(anonymous_6)
FN:62,(anonymous_7)
FN:71,(anonymous_8)
FN:104,(anonymous_9)
FN:112,(anonymous_10)
FN:120,(anonymous_11)
FN:134,(anonymous_12)
FN:139,(anonymous_13)
FN:150,(anonymous_14)
FN:157,(anonymous_15)
FN:158,(anonymous_16)
FN:158,(anonymous_17)
FN:162,(anonymous_18)
FN:193,(anonymous_19)
FN:245,(anonymous_20)
FN:253,(anonymous_21)
FN:281,(anonymous_22)
FN:294,(anonymous_23)
FN:333,(anonymous_24)
FNF:24
FNH:0
FNDA:0,FileUploadComponent
FNDA:0,(anonymous_2)
FNDA:0,(anonymous_3)
FNDA:0,(anonymous_4)
FNDA:0,(anonymous_5)
FNDA:0,(anonymous_6)
FNDA:0,(anonymous_7)
FNDA:0,(anonymous_8)
FNDA:0,(anonymous_9)
FNDA:0,(anonymous_10)
FNDA:0,(anonymous_11)
FNDA:0,(anonymous_12)
FNDA:0,(anonymous_13)
FNDA:0,(anonymous_14)
FNDA:0,(anonymous_15)
FNDA:0,(anonymous_16)
FNDA:0,(anonymous_17)
FNDA:0,(anonymous_18)
FNDA:0,(anonymous_19)
FNDA:0,(anonymous_20)
FNDA:0,(anonymous_21)
FNDA:0,(anonymous_22)
FNDA:0,(anonymous_23)
FNDA:0,(anonymous_24)
DA:3,0
DA:4,0
DA:23,0
DA:30,0
DA:31,0
DA:32,0
DA:35,0
DA:37,0
DA:38,0
DA:42,0
DA:43,0
DA:44,0
DA:46,0
DA:49,0
DA:50,0
DA:53,0
DA:57,0
DA:58,0
DA:59,0
DA:60,0
DA:61,0
DA:62,0
DA:63,0
DA:65,0
DA:71,0
DA:72,0
DA:74,0
DA:75,0
DA:77,0
DA:78,0
DA:79,0
DA:82,0
DA:83,0
DA:85,0
DA:86,0
DA:87,0
DA:89,0
DA:97,0
DA:99,0
DA:100,0
DA:104,0
DA:106,0
DA:107,0
DA:112,0
DA:113,0
DA:114,0
DA:115,0
DA:116,0
DA:120,0
DA:121,0
DA:122,0
DA:125,0
DA:126,0
DA:127,0
DA:129,0
DA:130,0
DA:134,0
DA:135,0
DA:136,0
DA:139,0
DA:140,0
DA:141,0
DA:142,0
DA:144,0
DA:145,0
DA:150,0
DA:151,0
DA:152,0
DA:157,0
DA:158,0
DA:162,0
DA:163,0
DA:165,0
DA:171,0
DA:177,0
DA:193,0
DA:194,0
DA:195,0
DA:196,0
DA:199,0
DA:200,0
DA:245,0
DA:254,0
DA:281,0
DA:295,0
DA:333,0
LF:86
LH:0
BRDA:26,0,0,0
BRDA:27,1,0,0
BRDA:28,2,0,0
BRDA:37,3,0,0
BRDA:43,4,0,0
BRDA:49,5,0,0
BRDA:59,6,0,0
BRDA:59,6,1,0
BRDA:72,7,0,0
BRDA:72,8,0,0
BRDA:72,8,1,0
BRDA:77,9,0,0
BRDA:99,10,0,0
BRDA:106,11,0,0
BRDA:115,12,0,0
BRDA:129,13,0,0
BRDA:129,14,0,0
BRDA:129,14,1,0
BRDA:129,14,2,0
BRDA:129,14,3,0
BRDA:144,15,0,0
BRDA:151,16,0,0
BRDA:163,17,0,0
BRDA:163,17,1,0
BRDA:165,18,0,0
BRDA:165,18,1,0
BRDA:171,19,0,0
BRDA:171,19,1,0
BRDA:177,20,0,0
BRDA:177,20,1,0
BRDA:177,21,0,0
BRDA:177,21,1,0
BRDA:194,22,0,0
BRDA:195,23,0,0
BRDA:200,24,0,0
BRDA:200,24,1,0
BRDA:205,25,0,0
BRDA:208,26,0,0
BRDA:208,26,1,0
BRDA:210,27,0,0
BRDA:210,27,1,0
BRDA:230,28,0,0
BRDA:250,29,0,0
BRDA:250,29,1,0
BRDA:256,30,0,0
BRDA:256,30,1,0
BRDA:296,31,0,0
BRDA:296,31,1,0
BRDA:299,32,0,0
BRDA:299,32,1,0
BRDA:316,33,0,0
BRDA:322,34,0,0
BRDA:324,35,0,0
BRDA:348,36,0,0
BRF:54
BRH:0
end_of_record
TN:
SF:src\components\dev\MetricsDashboard.tsx
FN:13,MetricsDashboard
FN:20,(anonymous_7)
FN:29,(anonymous_8)
FN:40,(anonymous_9)
FN:166,(anonymous_10)
FN:201,(anonymous_11)
FN:230,(anonymous_12)
FN:251,useMetricsDashboard
FN:257,(anonymous_14)
FN:261,(anonymous_15)
FNF:10
FNH:0
FNDA:0,MetricsDashboard
FNDA:0,(anonymous_7)
FNDA:0,(anonymous_8)
FNDA:0,(anonymous_9)
FNDA:0,(anonymous_10)
FNDA:0,(anonymous_11)
FNDA:0,(anonymous_12)
FNDA:0,useMetricsDashboard
FNDA:0,(anonymous_14)
FNDA:0,(anonymous_15)
DA:3,0
DA:4,0
DA:5,0
DA:6,0
DA:13,0
DA:14,0
DA:15,0
DA:16,0
DA:17,0
DA:18,0
DA:20,0
DA:21,0
DA:23,0
DA:26,0
DA:27,0
DA:29,0
DA:30,0
DA:33,0
DA:34,0
DA:35,0
DA:40,0
DA:41,0
DA:42,0
DA:49,0
DA:50,0
DA:51,0
DA:52,0
DA:54,0
DA:58,0
DA:167,0
DA:202,0
DA:231,0
DA:232,0
DA:233,0
DA:251,0
DA:252,0
DA:255,0
DA:257,0
DA:259,0
LF:39
LH:0
BRDA:21,0,0,0
BRDA:21,0,1,0
BRDA:30,1,0,0
BRDA:33,2,0,0
BRDA:58,3,0,0
BRDA:87,4,0,0
BRDA:87,4,1,0
BRDA:92,5,0,0
BRDA:92,5,1,0
BRDA:93,6,0,0
BRDA:96,7,0,0
BRDA:103,8,0,0
BRDA:115,9,0,0
BRDA:119,10,0,0
BRDA:126,11,0,0
BRDA:136,12,0,0
BRDA:140,13,0,0
BRDA:147,14,0,0
BRDA:147,14,1,0
BRDA:149,15,0,0
BRDA:149,15,1,0
BRDA:156,16,0,0
BRDA:160,17,0,0
BRDA:163,18,0,0
BRDA:179,19,0,0
BRDA:183,20,0,0
BRDA:186,21,0,0
BRDA:197,22,0,0
BRDA:204,23,0,0
BRDA:204,23,1,0
BRDA:205,24,0,0
BRDA:205,24,1,0
BRDA:206,25,0,0
BRDA:206,25,1,0
BRDA:260,26,0,0
BRDA:260,26,1,0
BRDA:261,27,0,0
BRDA:261,27,1,0
BRDA:262,28,0,0
BRDA:262,28,1,0
BRF:40
BRH:0
end_of_record
TN:
SF:src\components\layout\AppLayout.tsx
FN:9,AppLayout
FNF:1
FNH:0
FNDA:0,AppLayout
DA:3,0
DA:9,0
LF:2
LH:0
BRF:0
BRH:0
end_of_record
TN:
SF:src\components\navigation\BottomNavigation.tsx
FN:14,BottomNavigation
FN:18,(anonymous_2)
FN:61,(anonymous_3)
FN:69,(anonymous_4)
FN:85,(anonymous_5)
FN:91,(anonymous_6)
FNF:6
FNH:0
FNDA:0,BottomNavigation
FNDA:0,(anonymous_2)
FNDA:0,(anonymous_3)
FNDA:0,(anonymous_4)
FNDA:0,(anonymous_5)
FNDA:0,(anonymous_6)
DA:3,0
DA:4,0
DA:14,0
DA:15,0
DA:16,0
DA:18,0
DA:20,0
DA:21,0
DA:24,0
DA:61,0
DA:62,0
DA:63,0
DA:65,0
DA:69,0
DA:70,0
DA:71,0
DA:73,0
DA:74,0
DA:76,0
DA:77,0
DA:79,0
DA:86,0
DA:88,0
DA:91,0
LF:24
LH:0
BRDA:62,0,0,0
BRDA:62,0,1,0
BRDA:70,1,0,0
BRDA:73,2,0,0
BRDA:76,3,0,0
BRDA:95,4,0,0
BRDA:95,4,1,0
BRDA:103,5,0,0
BRDA:103,5,1,0
BRDA:104,6,0,0
BRDA:104,6,1,0
BRDA:110,7,0,0
BRDA:110,7,1,0
BRF:13
BRH:0
end_of_record
TN:
SF:src\lib\ai.ts
FN:32,validateEnvironment
FN:46,getOpenAIClient
FN:65,(anonymous_4)
FN:87,(anonymous_5)
FN:98,(anonymous_6)
FN:123,(anonymous_7)
FN:184,(anonymous_8)
FN:185,(anonymous_9)
FN:189,(anonymous_10)
FN:225,(anonymous_11)
FN:233,(anonymous_12)
FN:238,(anonymous_13)
FN:239,(anonymous_14)
FN:245,(anonymous_15)
FN:271,(anonymous_16)
FN:287,(anonymous_17)
FN:324,(anonymous_18)
FN:329,(anonymous_19)
FN:339,(anonymous_20)
FNF:19
FNH:0
FNDA:0,validateEnvironment
FNDA:0,getOpenAIClient
FNDA:0,(anonymous_4)
FNDA:0,(anonymous_5)
FNDA:0,(anonymous_6)
FNDA:0,(anonymous_7)
FNDA:0,(anonymous_8)
FNDA:0,(anonymous_9)
FNDA:0,(anonymous_10)
FNDA:0,(anonymous_11)
FNDA:0,(anonymous_12)
FNDA:0,(anonymous_13)
FNDA:0,(anonymous_14)
FNDA:0,(anonymous_15)
FNDA:0,(anonymous_16)
FNDA:0,(anonymous_17)
FNDA:0,(anonymous_18)
FNDA:0,(anonymous_19)
FNDA:0,(anonymous_20)
DA:1,0
DA:23,0
DA:29,0
DA:33,0
DA:34,0
DA:35,0
DA:37,0
DA:38,0
DA:40,0
DA:44,0
DA:47,0
DA:48,0
DA:49,0
DA:50,0
DA:56,0
DA:57,0
DA:60,0
DA:63,0
DA:66,0
DA:67,0
DA:69,0
DA:71,0
DA:75,0
DA:78,0
DA:82,0
DA:83,0
DA:88,0
DA:89,0
DA:90,0
DA:92,0
DA:93,0
DA:99,0
DA:125,0
DA:126,0
DA:130,0
DA:131,0
DA:133,0
DA:134,0
DA:135,0
DA:136,0
DA:138,0
DA:147,0
DA:148,0
DA:149,0
DA:152,0
DA:154,0
DA:155,0
DA:158,0
DA:159,0
DA:160,0
DA:162,0
DA:164,0
DA:165,0
DA:166,0
DA:168,0
DA:173,0
DA:174,0
DA:180,0
DA:185,0
DA:191,0
DA:192,0
DA:195,0
DA:196,0
DA:197,0
DA:199,0
DA:209,0
DA:211,0
DA:212,0
DA:213,0
DA:215,0
DA:216,0
DA:220,0
DA:226,0
DA:233,0
DA:234,0
DA:239,0
DA:241,0
DA:242,0
DA:245,0
DA:246,0
DA:247,0
DA:257,0
DA:263,0
DA:281,0
DA:282,0
DA:285,0
DA:287,0
DA:288,0
DA:290,0
DA:297,0
DA:299,0
DA:306,0
DA:307,0
DA:308,0
DA:311,0
DA:317,0
DA:325,0
DA:326,0
DA:330,0
DA:340,0
DA:341,0
DA:343,0
DA:344,0
DA:350,0
LF:104
LH:0
BRDA:34,0,0,0
BRDA:34,1,0,0
BRDA:34,1,1,0
BRDA:37,2,0,0
BRDA:47,3,0,0
BRDA:65,4,0,0
BRDA:69,5,0,0
BRDA:69,6,0,0
BRDA:69,6,1,0
BRDA:78,7,0,0
BRDA:125,8,0,0
BRDA:139,9,0,0
BRDA:139,9,1,0
BRDA:148,10,0,0
BRDA:158,11,0,0
BRDA:159,12,0,0
BRDA:159,13,0,0
BRDA:159,13,1,0
BRDA:162,14,0,0
BRDA:164,15,0,0
BRDA:173,16,0,0
BRDA:180,17,0,0
BRDA:180,17,1,0
BRDA:191,18,0,0
BRDA:200,19,0,0
BRDA:200,19,1,0
BRDA:211,20,0,0
BRDA:212,21,0,0
BRDA:212,22,0,0
BRDA:212,22,1,0
BRDA:215,23,0,0
BRDA:241,24,0,0
BRDA:241,25,0,0
BRDA:241,25,1,0
BRDA:241,25,2,0
BRDA:246,26,0,0
BRDA:246,27,0,0
BRDA:246,27,1,0
BRDA:281,28,0,0
BRDA:281,29,0,0
BRDA:281,29,1,0
BRDA:281,29,2,0
BRDA:288,30,0,0
BRDA:288,30,1,0
BRDA:288,31,0,0
BRDA:288,31,1,0
BRDA:297,32,0,0
BRDA:306,33,0,0
BRDA:325,34,0,0
BRDA:330,35,0,0
BRDA:330,35,1,0
BRDA:330,35,2,0
BRDA:330,35,3,0
BRDA:330,35,4,0
BRDA:339,36,0,0
BRDA:343,37,0,0
BRDA:343,38,0,0
BRDA:343,38,1,0
BRF:58
BRH:0
end_of_record
TN:
SF:src\lib\api-contracts.ts
FN:492,(anonymous_5)
FN:496,(anonymous_6)
FN:500,(anonymous_7)
FNF:3
FNH:0
FNDA:0,(anonymous_5)
FNDA:0,(anonymous_6)
FNDA:0,(anonymous_7)
DA:492,0
DA:493,0
DA:496,0
DA:497,0
DA:500,0
DA:501,0
DA:514,0
LF:7
LH:0
BRDA:493,0,0,0
BRDA:493,0,1,0
BRDA:493,0,2,0
BRDA:497,1,0,0
BRDA:497,1,1,0
BRDA:497,1,2,0
BRDA:501,2,0,0
BRDA:501,2,1,0
BRDA:501,2,2,0
BRDA:501,2,3,0
BRDA:515,3,0,0
BRDA:515,3,1,0
BRF:12
BRH:0
end_of_record
TN:
SF:src\lib\cache.ts
FN:17,(anonymous_6)
FN:25,(anonymous_7)
FN:38,(anonymous_8)
FN:40,(anonymous_9)
FN:47,(anonymous_10)
FN:52,(anonymous_11)
FN:57,(anonymous_12)
FN:76,(anonymous_13)
FN:77,(anonymous_14)
FN:86,(anonymous_16)
FN:90,(anonymous_17)
FN:95,(anonymous_18)
FN:99,(anonymous_19)
FN:104,(anonymous_20)
FN:108,(anonymous_21)
FN:113,(anonymous_22)
FN:117,(anonymous_23)
FN:122,(anonymous_24)
FN:126,(anonymous_25)
FN:131,(anonymous_26)
FN:138,(anonymous_27)
FN:143,(anonymous_28)
FN:149,withCache
FN:153,(anonymous_30)
FN:160,(anonymous_31)
FN:182,(anonymous_32)
FN:184,(anonymous_33)
FN:185,(anonymous_34)
FN:205,(anonymous_35)
FN:215,(anonymous_36)
FN:216,(anonymous_37)
FN:220,(anonymous_38)
FN:232,(anonymous_39)
FN:237,(anonymous_40)
FN:244,(anonymous_41)
FN:261,(anonymous_42)
FNF:36
FNH:0
FNDA:0,(anonymous_6)
FNDA:0,(anonymous_7)
FNDA:0,(anonymous_8)
FNDA:0,(anonymous_9)
FNDA:0,(anonymous_10)
FNDA:0,(anonymous_11)
FNDA:0,(anonymous_12)
FNDA:0,(anonymous_13)
FNDA:0,(anonymous_14)
FNDA:0,(anonymous_16)
FNDA:0,(anonymous_17)
FNDA:0,(anonymous_18)
FNDA:0,(anonymous_19)
FNDA:0,(anonymous_20)
FNDA:0,(anonymous_21)
FNDA:0,(anonymous_22)
FNDA:0,(anonymous_23)
FNDA:0,(anonymous_24)
FNDA:0,(anonymous_25)
FNDA:0,(anonymous_26)
FNDA:0,(anonymous_27)
FNDA:0,(anonymous_28)
FNDA:0,withCache
FNDA:0,(anonymous_30)
FNDA:0,(anonymous_31)
FNDA:0,(anonymous_32)
FNDA:0,(anonymous_33)
FNDA:0,(anonymous_34)
FNDA:0,(anonymous_35)
FNDA:0,(anonymous_36)
FNDA:0,(anonymous_37)
FNDA:0,(anonymous_38)
FNDA:0,(anonymous_39)
FNDA:0,(anonymous_40)
FNDA:0,(anonymous_41)
FNDA:0,(anonymous_42)
DA:14,0
DA:15,0
DA:18,0
DA:26,0
DA:27,0
DA:29,0
DA:30,0
DA:31,0
DA:32,0
DA:35,0
DA:39,0
DA:40,0
DA:41,0
DA:42,0
DA:48,0
DA:53,0
DA:54,0
DA:55,0
DA:57,0
DA:58,0
DA:59,0
DA:61,0
DA:65,0
DA:73,0
DA:74,0
DA:76,0
DA:77,0
DA:81,0
DA:84,0
DA:87,0
DA:91,0
DA:96,0
DA:100,0
DA:105,0
DA:109,0
DA:114,0
DA:118,0
DA:123,0
DA:127,0
DA:134,0
DA:139,0
DA:144,0
DA:149,0
DA:153,0
DA:158,0
DA:160,0
DA:161,0
DA:162,0
DA:164,0
DA:165,0
DA:168,0
DA:169,0
DA:170,0
DA:176,0
DA:177,0
DA:178,0
DA:179,0
DA:183,0
DA:184,0
DA:185,0
DA:186,0
DA:187,0
DA:189,0
DA:195,0
DA:196,0
DA:197,0
DA:198,0
DA:200,0
DA:201,0
DA:206,0
DA:207,0
DA:208,0
DA:209,0
DA:216,0
DA:221,0
DA:230,0
DA:234,0
DA:237,0
DA:238,0
DA:241,0
DA:246,0
DA:247,0
DA:250,0
DA:256,0
DA:257,0
DA:263,0
DA:268,0
LF:87
LH:0
BRDA:17,0,0,0
BRDA:27,1,0,0
BRDA:30,2,0,0
BRDA:41,3,0,0
BRDA:58,4,0,0
BRDA:58,4,1,0
BRDA:69,5,0,0
BRDA:69,5,1,0
BRDA:151,6,0,0
BRDA:164,7,0,0
BRDA:183,8,0,0
BRDA:206,9,0,0
BRDA:206,10,0,0
BRDA:206,10,1,0
BRDA:208,11,0,0
BRDA:247,12,0,0
BRF:16
BRH:0
end_of_record
TN:
SF:src\lib\core-web-vitals.ts
FN:31,reportWebVital
FN:41,(anonymous_5)
FN:50,sendMetrics
FN:75,(anonymous_7)
FN:120,initPerformanceMonitoring
FN:127,(anonymous_9)
FN:145,(anonymous_10)
FN:146,(anonymous_11)
FN:169,(anonymous_12)
FN:194,(anonymous_13)
FN:201,(anonymous_14)
FN:209,analyzePerformance
FNF:12
FNH:0
FNDA:0,reportWebVital
FNDA:0,(anonymous_5)
FNDA:0,sendMetrics
FNDA:0,(anonymous_7)
FNDA:0,initPerformanceMonitoring
FNDA:0,(anonymous_9)
FNDA:0,(anonymous_10)
FNDA:0,(anonymous_11)
FNDA:0,(anonymous_12)
FNDA:0,(anonymous_13)
FNDA:0,(anonymous_14)
FNDA:0,analyzePerformance
DA:28,0
DA:29,0
DA:31,0
DA:33,0
DA:36,0
DA:37,0
DA:41,0
DA:42,0
DA:45,0
DA:46,0
DA:51,0
DA:53,0
DA:55,0
DA:62,0
DA:63,0
DA:64,0
DA:72,0
DA:73,0
DA:75,0
DA:76,0
DA:78,0
DA:79,0
DA:81,0
DA:82,0
DA:84,0
DA:85,0
DA:87,0
DA:88,0
DA:90,0
DA:91,0
DA:96,0
DA:108,0
DA:110,0
DA:113,0
DA:115,0
DA:120,0
DA:121,0
DA:124,0
DA:125,0
DA:127,0
DA:128,0
DA:129,0
DA:130,0
DA:133,0
DA:142,0
DA:145,0
DA:146,0
DA:147,0
DA:154,0
DA:155,0
DA:159,0
DA:162,0
DA:167,0
DA:168,0
DA:169,0
DA:170,0
DA:171,0
DA:177,0
DA:178,0
DA:187,0
DA:189,0
DA:194,0
DA:195,0
DA:196,0
DA:201,0
DA:202,0
DA:203,0
DA:209,0
DA:214,0
DA:215,0
DA:216,0
DA:217,0
DA:220,0
DA:221,0
DA:222,0
DA:223,0
DA:224,0
DA:225,0
DA:226,0
DA:227,0
DA:228,0
DA:233,0
DA:234,0
DA:235,0
DA:236,0
DA:237,0
DA:238,0
DA:239,0
DA:240,0
DA:241,0
DA:246,0
DA:247,0
DA:248,0
DA:249,0
DA:250,0
DA:251,0
DA:252,0
DA:253,0
DA:254,0
DA:259,0
DA:260,0
DA:261,0
DA:262,0
DA:263,0
DA:264,0
DA:265,0
DA:266,0
DA:272,0
DA:273,0
DA:274,0
DA:275,0
DA:277,0
DA:280,0
LF:113
LH:0
BRDA:36,0,0,0
BRDA:45,1,0,0
BRDA:51,2,0,0
BRDA:62,3,0,0
BRDA:76,4,0,0
BRDA:76,4,1,0
BRDA:76,4,2,0
BRDA:76,4,3,0
BRDA:76,4,4,0
BRDA:121,5,0,0
BRDA:124,6,0,0
BRDA:129,7,0,0
BRDA:147,8,0,0
BRDA:147,8,1,0
BRDA:147,8,2,0
BRDA:147,8,3,0
BRDA:147,8,4,0
BRDA:154,9,0,0
BRDA:167,10,0,0
BRDA:177,11,0,0
BRDA:195,12,0,0
BRDA:202,13,0,0
BRDA:220,14,0,0
BRDA:221,15,0,0
BRDA:221,15,1,0
BRDA:225,16,0,0
BRDA:233,17,0,0
BRDA:234,18,0,0
BRDA:234,18,1,0
BRDA:238,19,0,0
BRDA:246,20,0,0
BRDA:247,21,0,0
BRDA:247,21,1,0
BRDA:251,22,0,0
BRDA:259,23,0,0
BRDA:260,24,0,0
BRDA:260,24,1,0
BRDA:264,25,0,0
BRDA:272,26,0,0
BRDA:272,26,1,0
BRDA:274,27,0,0
BRDA:274,27,1,0
BRF:42
BRH:0
end_of_record
TN:
SF:src\lib\data-flow-architecture.ts
FN:409,(anonymous_5)
FN:423,(anonymous_6)
FN:537,(anonymous_7)
FN:542,(anonymous_8)
FNF:4
FNH:0
FNDA:0,(anonymous_5)
FNDA:0,(anonymous_6)
FNDA:0,(anonymous_7)
FNDA:0,(anonymous_8)
DA:217,0
DA:402,0
DA:416,0
DA:417,0
DA:418,0
DA:419,0
DA:420,0
DA:427,0
DA:429,0
DA:430,0
DA:431,0
DA:441,0
DA:444,0
DA:449,0
DA:450,0
DA:456,0
DA:462,0
DA:465,0
DA:468,0
DA:487,0
DA:490,0
DA:491,0
DA:494,0
DA:499,0
DA:515,0
DA:517,0
DA:518,0
DA:519,0
DA:521,0
DA:525,0
DA:539,0
DA:544,0
DA:552,0
DA:575,0
LF:34
LH:0
BRDA:430,0,0,0
BRDA:449,1,0,0
BRDA:484,2,0,0
BRDA:484,2,1,0
BRDA:517,3,0,0
BRDA:519,4,0,0
BRDA:521,5,0,0
BRDA:521,5,1,0
BRF:8
BRH:0
end_of_record
TN:
SF:src\lib\database.ts
FN:9,(anonymous_30)
FN:22,(anonymous_31)
FN:65,(anonymous_32)
FN:116,(anonymous_33)
FN:141,(anonymous_34)
FN:159,(anonymous_35)
FN:173,(anonymous_36)
FN:202,(anonymous_37)
FN:240,(anonymous_38)
FN:258,(anonymous_39)
FN:277,(anonymous_40)
FN:282,(anonymous_41)
FN:304,(anonymous_42)
FN:326,(anonymous_43)
FN:330,(anonymous_44)
FN:351,(anonymous_45)
FN:375,(anonymous_46)
FN:381,(anonymous_47)
FN:383,(anonymous_48)
FN:390,(anonymous_49)
FN:391,(anonymous_50)
FN:394,(anonymous_51)
FN:395,(anonymous_52)
FN:399,(anonymous_53)
FN:407,(anonymous_54)
FN:417,(anonymous_55)
FN:434,(anonymous_56)
FN:453,(anonymous_57)
FN:471,(anonymous_58)
FN:476,(anonymous_59)
FN:477,(anonymous_60)
FN:481,(anonymous_61)
FN:502,(anonymous_62)
FN:521,(anonymous_63)
FN:529,(anonymous_64)
FN:530,(anonymous_65)
FN:531,(anonymous_66)
FN:533,(anonymous_67)
FN:534,(anonymous_68)
FN:536,(anonymous_69)
FN:540,(anonymous_70)
FN:541,(anonymous_71)
FN:566,(anonymous_72)
FN:585,(anonymous_73)
FN:593,(anonymous_74)
FN:596,(anonymous_75)
FN:609,(anonymous_76)
FN:629,trackQueryPerformance
FN:638,(anonymous_78)
FN:664,(anonymous_79)
FN:677,(anonymous_80)
FNF:51
FNH:0
FNDA:0,(anonymous_30)
FNDA:0,(anonymous_31)
FNDA:0,(anonymous_32)
FNDA:0,(anonymous_33)
FNDA:0,(anonymous_34)
FNDA:0,(anonymous_35)
FNDA:0,(anonymous_36)
FNDA:0,(anonymous_37)
FNDA:0,(anonymous_38)
FNDA:0,(anonymous_39)
FNDA:0,(anonymous_40)
FNDA:0,(anonymous_41)
FNDA:0,(anonymous_42)
FNDA:0,(anonymous_43)
FNDA:0,(anonymous_44)
FNDA:0,(anonymous_45)
FNDA:0,(anonymous_46)
FNDA:0,(anonymous_47)
FNDA:0,(anonymous_48)
FNDA:0,(anonymous_49)
FNDA:0,(anonymous_50)
FNDA:0,(anonymous_51)
FNDA:0,(anonymous_52)
FNDA:0,(anonymous_53)
FNDA:0,(anonymous_54)
FNDA:0,(anonymous_55)
FNDA:0,(anonymous_56)
FNDA:0,(anonymous_57)
FNDA:0,(anonymous_58)
FNDA:0,(anonymous_59)
FNDA:0,(anonymous_60)
FNDA:0,(anonymous_61)
FNDA:0,(anonymous_62)
FNDA:0,(anonymous_63)
FNDA:0,(anonymous_64)
FNDA:0,(anonymous_65)
FNDA:0,(anonymous_66)
FNDA:0,(anonymous_67)
FNDA:0,(anonymous_68)
FNDA:0,(anonymous_69)
FNDA:0,(anonymous_70)
FNDA:0,(anonymous_71)
FNDA:0,(anonymous_72)
FNDA:0,(anonymous_73)
FNDA:0,(anonymous_74)
FNDA:0,(anonymous_75)
FNDA:0,(anonymous_76)
FNDA:0,trackQueryPerformance
FNDA:0,(anonymous_78)
FNDA:0,(anonymous_79)
FNDA:0,(anonymous_80)
DA:3,0
DA:4,0
DA:9,0
DA:14,0
DA:15,0
DA:16,0
DA:18,0
DA:20,0
DA:22,0
DA:23,0
DA:25,0
DA:40,0
DA:56,0
DA:57,0
DA:59,0
DA:60,0
DA:65,0
DA:76,0
DA:77,0
DA:78,0
DA:79,0
DA:80,0
DA:82,0
DA:83,0
DA:87,0
DA:88,0
DA:91,0
DA:92,0
DA:95,0
DA:108,0
DA:110,0
DA:111,0
DA:116,0
DA:117,0
DA:119,0
DA:120,0
DA:123,0
DA:133,0
DA:135,0
DA:136,0
DA:141,0
DA:153,0
DA:154,0
DA:159,0
DA:160,0
DA:165,0
DA:167,0
DA:168,0
DA:173,0
DA:178,0
DA:179,0
DA:194,0
DA:196,0
DA:197,0
DA:202,0
DA:215,0
DA:216,0
DA:218,0
DA:220,0
DA:221,0
DA:232,0
DA:233,0
DA:234,0
DA:237,0
DA:240,0
DA:241,0
DA:258,0
DA:259,0
DA:268,0
DA:269,0
DA:271,0
DA:272,0
DA:277,0
DA:278,0
DA:282,0
DA:293,0
DA:304,0
DA:305,0
DA:306,0
DA:309,0
DA:326,0
DA:327,0
DA:330,0
DA:331,0
DA:332,0
DA:336,0
DA:351,0
DA:352,0
DA:353,0
DA:356,0
DA:375,0
DA:376,0
DA:381,0
DA:383,0
DA:384,0
DA:385,0
DA:390,0
DA:391,0
DA:394,0
DA:395,0
DA:399,0
DA:400,0
DA:404,0
DA:408,0
DA:409,0
DA:410,0
DA:417,0
DA:425,0
DA:426,0
DA:429,0
DA:434,0
DA:435,0
DA:438,0
DA:439,0
DA:440,0
DA:441,0
DA:442,0
DA:445,0
DA:446,0
DA:449,0
DA:453,0
DA:463,0
DA:464,0
DA:469,0
DA:470,0
DA:471,0
DA:472,0
DA:476,0
DA:477,0
DA:478,0
DA:480,0
DA:481,0
DA:482,0
DA:483,0
DA:486,0
DA:494,0
DA:495,0
DA:502,0
DA:506,0
DA:508,0
DA:509,0
DA:512,0
DA:513,0
DA:515,0
DA:516,0
DA:521,0
DA:529,0
DA:530,0
DA:531,0
DA:532,0
DA:533,0
DA:534,0
DA:535,0
DA:536,0
DA:539,0
DA:540,0
DA:541,0
DA:542,0
DA:544,0
DA:566,0
DA:573,0
DA:574,0
DA:575,0
DA:577,0
DA:579,0
DA:580,0
DA:584,0
DA:585,0
DA:589,0
DA:593,0
DA:594,0
DA:596,0
DA:597,0
DA:599,0
DA:601,0
DA:603,0
DA:604,0
DA:609,0
DA:614,0
DA:615,0
DA:616,0
DA:618,0
DA:619,0
DA:620,0
DA:621,0
DA:625,0
DA:631,0
DA:633,0
DA:638,0
DA:643,0
DA:644,0
DA:647,0
DA:664,0
DA:665,0
DA:677,0
DA:678,0
LF:196
LH:0
BRDA:12,0,0,0
BRDA:14,1,0,0
BRDA:14,1,1,0
BRDA:16,2,0,0
BRDA:16,2,1,0
BRDA:20,3,0,0
BRDA:20,3,1,0
BRDA:23,4,0,0
BRDA:23,4,1,0
BRDA:76,5,0,0
BRDA:76,5,1,0
BRDA:77,6,0,0
BRDA:77,6,1,0
BRDA:78,7,0,0
BRDA:78,7,1,0
BRDA:79,8,0,0
BRDA:79,8,1,0
BRDA:80,9,0,0
BRDA:80,9,1,0
BRDA:87,10,0,0
BRDA:91,11,0,0
BRDA:108,12,0,0
BRDA:108,12,1,0
BRDA:119,13,0,0
BRDA:133,14,0,0
BRDA:133,14,1,0
BRDA:175,15,0,0
BRDA:176,16,0,0
BRDA:194,17,0,0
BRDA:194,17,1,0
BRDA:215,18,0,0
BRDA:215,18,1,0
BRDA:220,19,0,0
BRDA:233,20,0,0
BRDA:237,21,0,0
BRDA:237,21,1,0
BRDA:248,22,0,0
BRDA:248,22,1,0
BRDA:263,23,0,0
BRDA:263,23,1,0
BRDA:304,24,0,0
BRDA:305,25,0,0
BRDA:326,26,0,0
BRDA:330,27,0,0
BRDA:331,28,0,0
BRDA:352,29,0,0
BRDA:383,30,0,0
BRDA:385,31,0,0
BRDA:385,31,1,0
BRDA:395,32,0,0
BRDA:395,32,1,0
BRDA:395,33,0,0
BRDA:395,33,1,0
BRDA:438,34,0,0
BRDA:445,35,0,0
BRDA:449,36,0,0
BRDA:449,36,1,0
BRDA:449,37,0,0
BRDA:449,37,1,0
BRDA:470,38,0,0
BRDA:472,39,0,0
BRDA:472,39,1,0
BRDA:477,40,0,0
BRDA:477,40,1,0
BRDA:478,41,0,0
BRDA:478,41,1,0
BRDA:482,42,0,0
BRDA:482,42,1,0
BRDA:483,43,0,0
BRDA:483,43,1,0
BRDA:508,44,0,0
BRDA:531,45,0,0
BRDA:531,45,1,0
BRDA:535,46,0,0
BRDA:535,46,1,0
BRDA:540,47,0,0
BRDA:540,47,1,0
BRDA:568,48,0,0
BRDA:569,49,0,0
BRDA:577,50,0,0
BRDA:577,50,1,0
BRDA:579,51,0,0
BRDA:614,52,0,0
BRDA:615,53,0,0
BRDA:615,53,1,0
BRDA:615,54,0,0
BRDA:615,54,1,0
BRDA:619,55,0,0
BRDA:631,56,0,0
BRDA:633,57,0,0
BRDA:633,57,1,0
BRDA:640,58,0,0
BRDA:641,59,0,0
BRDA:643,60,0,0
BRF:94
BRH:0
end_of_record
TN:
SF:src\lib\file-processing.ts
FN:19,processFile
FN:105,processPDF
FN:151,processWordDocument
FN:168,(anonymous_10)
FN:168,(anonymous_11)
FN:169,(anonymous_12)
FN:169,(anonymous_13)
FN:201,processTextFile
FN:220,(anonymous_15)
FN:234,isFileTypeSupported
FN:254,getEstimatedProcessingTime
FN:276,cleanExtractedText
FN:293,extractEducationalMetadata
FN:306,(anonymous_20)
FN:324,(anonymous_21)
FN:339,(anonymous_22)
FNF:16
FNH:0
FNDA:0,processFile
FNDA:0,processPDF
FNDA:0,processWordDocument
FNDA:0,(anonymous_10)
FNDA:0,(anonymous_11)
FNDA:0,(anonymous_12)
FNDA:0,(anonymous_13)
FNDA:0,processTextFile
FNDA:0,(anonymous_15)
FNDA:0,isFileTypeSupported
FNDA:0,getEstimatedProcessingTime
FNDA:0,cleanExtractedText
FNDA:0,extractEducationalMetadata
FNDA:0,(anonymous_20)
FNDA:0,(anonymous_21)
FNDA:0,(anonymous_22)
DA:3,0
DA:4,0
DA:5,0
DA:19,0
DA:20,0
DA:21,0
DA:24,0
DA:30,0
DA:32,0
DA:33,0
DA:36,0
DA:37,0
DA:38,0
DA:39,0
DA:40,0
DA:41,0
DA:43,0
DA:44,0
DA:45,0
DA:46,0
DA:47,0
DA:48,0
DA:50,0
DA:54,0
DA:55,0
DA:56,0
DA:57,0
DA:59,0
DA:60,0
DA:61,0
DA:62,0
DA:63,0
DA:66,0
DA:70,0
DA:71,0
DA:72,0
DA:73,0
DA:75,0
DA:84,0
DA:85,0
DA:87,0
DA:108,0
DA:111,0
DA:113,0
DA:115,0
DA:116,0
DA:118,0
DA:120,0
DA:121,0
DA:122,0
DA:125,0
DA:126,0
DA:127,0
DA:128,0
DA:129,0
DA:130,0
DA:131,0
DA:132,0
DA:137,0
DA:138,0
DA:141,0
DA:142,0
DA:145,0
DA:155,0
DA:157,0
DA:159,0
DA:160,0
DA:162,0
DA:164,0
DA:165,0
DA:167,0
DA:168,0
DA:169,0
DA:171,0
DA:172,0
DA:175,0
DA:176,0
DA:180,0
DA:183,0
DA:186,0
DA:187,0
DA:188,0
DA:191,0
DA:192,0
DA:195,0
DA:204,0
DA:206,0
DA:208,0
DA:210,0
DA:211,0
DA:213,0
DA:214,0
DA:215,0
DA:218,0
DA:219,0
DA:220,0
DA:221,0
DA:224,0
DA:225,0
DA:228,0
DA:234,0
DA:235,0
DA:248,0
DA:254,0
DA:256,0
DA:259,0
DA:260,0
DA:261,0
DA:262,0
DA:263,0
DA:264,0
DA:268,0
DA:270,0
DA:276,0
DA:277,0
DA:293,0
DA:294,0
DA:296,0
DA:299,0
DA:305,0
DA:306,0
DA:307,0
DA:308,0
DA:309,0
DA:313,0
DA:314,0
DA:318,0
DA:324,0
DA:325,0
DA:328,0
DA:329,0
DA:333,0
DA:339,0
DA:340,0
DA:343,0
DA:344,0
DA:347,0
LF:137
LH:0
BRDA:36,0,0,0
BRDA:36,0,1,0
BRDA:41,1,0,0
BRDA:41,1,1,0
BRDA:43,2,0,0
BRDA:43,2,1,0
BRDA:48,3,0,0
BRDA:48,3,1,0
BRDA:50,4,0,0
BRDA:50,4,1,0
BRDA:51,5,0,0
BRDA:51,5,1,0
BRDA:57,6,0,0
BRDA:57,6,1,0
BRDA:59,7,0,0
BRDA:59,7,1,0
BRDA:63,8,0,0
BRDA:63,8,1,0
BRDA:80,9,0,0
BRDA:80,9,1,0
BRDA:85,10,0,0
BRDA:85,10,1,0
BRDA:121,11,0,0
BRDA:121,11,1,0
BRDA:122,12,0,0
BRDA:122,12,1,0
BRDA:125,13,0,0
BRDA:142,14,0,0
BRDA:142,14,1,0
BRDA:162,15,0,0
BRDA:162,15,1,0
BRDA:167,16,0,0
BRDA:167,17,0,0
BRDA:167,17,1,0
BRDA:171,18,0,0
BRDA:175,19,0,0
BRDA:180,20,0,0
BRDA:186,21,0,0
BRDA:186,21,1,0
BRDA:187,22,0,0
BRDA:187,22,1,0
BRDA:188,23,0,0
BRDA:188,23,1,0
BRDA:192,24,0,0
BRDA:192,24,1,0
BRDA:225,25,0,0
BRDA:225,25,1,0
BRDA:248,26,0,0
BRDA:248,26,1,0
BRDA:259,27,0,0
BRDA:259,27,1,0
BRDA:261,28,0,0
BRDA:261,28,1,0
BRDA:263,29,0,0
BRDA:277,30,0,0
BRDA:294,31,0,0
BRDA:308,32,0,0
BRDA:313,33,0,0
BRDA:328,34,0,0
BRDA:343,35,0,0
BRF:60
BRH:0
end_of_record
TN:
SF:src\lib\file-storage.ts
FN:24,saveFileToStorage
FN:67,deleteFileFromStorage
FN:95,getFileInfo
FN:119,generateSecureFilename
FN:133,validateFileForStorage
FN:142,(anonymous_25)
FN:175,calculateTeacherStorageUsage
FN:200,cleanupExpiredFiles
FN:231,createThumbnailPath
FN:240,saveThumbnailToStorage
FN:283,getFileServingHeaders
FN:322,createStorageAdapter
FN:379,saveFileToCloudStorage
FN:394,deleteFileFromCloudStorage
FN:409,saveThumbnailToCloudStorage
FN:429,getStorageInfo
FN:516,(anonymous_36)
FN:550,(anonymous_37)
FN:615,(anonymous_38)
FN:653,(anonymous_39)
FN:690,(anonymous_40)
FN:713,(anonymous_41)
FN:744,(anonymous_42)
FN:780,(anonymous_43)
FN:789,(anonymous_44)
FN:800,(anonymous_45)
FNF:26
FNH:0
FNDA:0,saveFileToStorage
FNDA:0,deleteFileFromStorage
FNDA:0,getFileInfo
FNDA:0,generateSecureFilename
FNDA:0,validateFileForStorage
FNDA:0,(anonymous_25)
FNDA:0,calculateTeacherStorageUsage
FNDA:0,cleanupExpiredFiles
FNDA:0,createThumbnailPath
FNDA:0,saveThumbnailToStorage
FNDA:0,getFileServingHeaders
FNDA:0,createStorageAdapter
FNDA:0,saveFileToCloudStorage
FNDA:0,deleteFileFromCloudStorage
FNDA:0,saveThumbnailToCloudStorage
FNDA:0,getStorageInfo
FNDA:0,(anonymous_36)
FNDA:0,(anonymous_37)
FNDA:0,(anonymous_38)
FNDA:0,(anonymous_39)
FNDA:0,(anonymous_40)
FNDA:0,(anonymous_41)
FNDA:0,(anonymous_42)
FNDA:0,(anonymous_43)
FNDA:0,(anonymous_44)
FNDA:0,(anonymous_45)
DA:1,0
DA:2,0
DA:3,0
DA:4,0
DA:5,0
DA:8,0
DA:24,0
DA:25,0
DA:27,0
DA:29,0
DA:30,0
DA:34,0
DA:35,0
DA:36,0
DA:38,0
DA:39,0
DA:43,0
DA:46,0
DA:47,0
DA:50,0
DA:53,0
DA:55,0
DA:56,0
DA:59,0
DA:60,0
DA:67,0
DA:68,0
DA:70,0
DA:71,0
DA:74,0
DA:75,0
DA:77,0
DA:78,0
DA:82,0
DA:83,0
DA:84,0
DA:87,0
DA:88,0
DA:95,0
DA:96,0
DA:97,0
DA:98,0
DA:100,0
DA:102,0
DA:111,0
DA:112,0
DA:119,0
DA:120,0
DA:121,0
DA:122,0
DA:125,0
DA:127,0
DA:133,0
DA:134,0
DA:137,0
DA:138,0
DA:142,0
DA:143,0
DA:144,0
DA:145,0
DA:147,0
DA:150,0
DA:151,0
DA:155,0
DA:156,0
DA:160,0
DA:161,0
DA:162,0
DA:163,0
DA:166,0
DA:175,0
DA:180,0
DA:182,0
DA:189,0
DA:192,0
DA:193,0
DA:200,0
DA:201,0
DA:203,0
DA:210,0
DA:218,0
DA:219,0
DA:222,0
DA:223,0
DA:224,0
DA:231,0
DA:232,0
DA:233,0
DA:234,0
DA:240,0
DA:244,0
DA:245,0
DA:248,0
DA:250,0
DA:251,0
DA:255,0
DA:256,0
DA:257,0
DA:259,0
DA:260,0
DA:263,0
DA:266,0
DA:269,0
DA:271,0
DA:272,0
DA:275,0
DA:276,0
DA:283,0
DA:284,0
DA:287,0
DA:292,0
DA:293,0
DA:297,0
DA:298,0
DA:299,0
DA:300,0
DA:301,0
DA:302,0
DA:303,0
DA:306,0
DA:308,0
DA:312,0
DA:313,0
DA:315,0
DA:322,0
DA:323,0
DA:326,0
DA:327,0
DA:328,0
DA:330,0
DA:331,0
DA:332,0
DA:334,0
DA:338,0
DA:339,0
DA:341,0
DA:342,0
DA:343,0
DA:345,0
DA:349,0
DA:350,0
DA:351,0
DA:356,0
DA:357,0
DA:359,0
DA:360,0
DA:361,0
DA:364,0
DA:366,0
DA:367,0
DA:368,0
DA:372,0
DA:373,0
DA:379,0
DA:380,0
DA:382,0
DA:384,0
DA:387,0
DA:394,0
DA:395,0
DA:397,0
DA:399,0
DA:402,0
DA:409,0
DA:413,0
DA:415,0
DA:417,0
DA:418,0
DA:421,0
DA:422,0
DA:429,0
DA:430,0
DA:432,0
DA:433,0
DA:434,0
DA:440,0
DA:488,0
DA:505,0
DA:506,0
DA:512,0
DA:518,0
DA:519,0
DA:522,0
DA:523,0
DA:527,0
DA:535,0
DA:538,0
DA:539,0
DA:551,0
DA:552,0
DA:555,0
DA:558,0
DA:559,0
DA:562,0
DA:580,0
DA:581,0
DA:584,0
DA:587,0
DA:588,0
DA:590,0
DA:593,0
DA:596,0
DA:597,0
DA:598,0
DA:600,0
DA:601,0
DA:603,0
DA:604,0
DA:608,0
DA:616,0
DA:617,0
DA:619,0
DA:624,0
DA:625,0
DA:627,0
DA:628,0
DA:631,0
DA:634,0
DA:635,0
DA:636,0
DA:637,0
DA:639,0
DA:640,0
DA:645,0
DA:646,0
DA:654,0
DA:655,0
DA:657,0
DA:662,0
DA:663,0
DA:665,0
DA:666,0
DA:669,0
DA:678,0
DA:679,0
DA:682,0
DA:683,0
DA:691,0
DA:692,0
DA:694,0
DA:699,0
DA:700,0
DA:702,0
DA:705,0
DA:706,0
DA:714,0
DA:715,0
DA:717,0
DA:723,0
DA:724,0
DA:727,0
DA:729,0
DA:736,0
DA:737,0
DA:745,0
DA:746,0
DA:747,0
DA:749,0
DA:763,0
DA:764,0
DA:766,0
DA:767,0
DA:769,0
DA:772,0
DA:773,0
DA:781,0
DA:782,0
DA:783,0
DA:790,0
DA:801,0
LF:270
LH:0
BRDA:12,0,0,0
BRDA:12,0,1,0
BRDA:29,1,0,0
BRDA:38,2,0,0
BRDA:125,3,0,0
BRDA:125,3,1,0
BRDA:137,4,0,0
BRDA:143,5,0,0
BRDA:150,6,0,0
BRDA:155,7,0,0
BRDA:162,8,0,0
BRDA:168,9,0,0
BRDA:168,9,1,0
BRDA:223,10,0,0
BRDA:223,10,1,0
BRDA:250,11,0,0
BRDA:259,12,0,0
BRDA:292,13,0,0
BRDA:297,14,0,0
BRDA:297,14,1,0
BRDA:298,15,0,0
BRDA:298,15,1,0
BRDA:299,16,0,0
BRDA:299,16,1,0
BRDA:302,17,0,0
BRDA:302,17,1,0
BRDA:303,18,0,0
BRDA:303,18,1,0
BRDA:323,19,0,0
BRDA:323,19,1,0
BRDA:326,20,0,0
BRDA:330,21,0,0
BRDA:330,21,1,0
BRDA:338,22,0,0
BRDA:341,23,0,0
BRDA:341,23,1,0
BRDA:349,24,0,0
BRDA:359,25,0,0
BRDA:366,26,0,0
BRDA:382,27,0,0
BRDA:382,27,1,0
BRDA:397,28,0,0
BRDA:397,28,1,0
BRDA:415,29,0,0
BRDA:415,29,1,0
BRDA:415,30,0,0
BRDA:415,30,1,0
BRDA:432,31,0,0
BRDA:432,31,1,0
BRDA:489,32,0,0
BRDA:489,32,1,0
BRDA:490,33,0,0
BRDA:490,33,1,0
BRDA:518,34,0,0
BRDA:518,35,0,0
BRDA:518,35,1,0
BRDA:522,36,0,0
BRDA:530,37,0,0
BRDA:530,37,1,0
BRDA:531,38,0,0
BRDA:531,38,1,0
BRDA:538,39,0,0
BRDA:542,40,0,0
BRDA:542,40,1,0
BRDA:596,41,0,0
BRDA:597,42,0,0
BRDA:600,43,0,0
BRDA:603,44,0,0
BRDA:608,45,0,0
BRDA:608,45,1,0
BRDA:634,46,0,0
BRDA:635,47,0,0
BRDA:639,48,0,0
BRDA:665,49,0,0
BRDA:665,50,0,0
BRDA:665,50,1,0
BRDA:678,51,0,0
BRDA:678,52,0,0
BRDA:678,52,1,0
BRDA:690,53,0,0
BRDA:706,54,0,0
BRDA:706,54,1,0
BRDA:713,55,0,0
BRDA:737,56,0,0
BRDA:737,56,1,0
BRDA:773,57,0,0
BRDA:773,57,1,0
BRDA:791,58,0,0
BRDA:791,58,1,0
BRDA:791,58,2,0
BRF:90
BRH:0
end_of_record
TN:
SF:src\lib\instant-server.ts
FN:222,(anonymous_10)
FN:311,(anonymous_11)
FN:330,(anonymous_12)
FN:338,(anonymous_13)
FN:339,(anonymous_14)
FN:345,(anonymous_15)
FN:346,(anonymous_16)
FN:353,(anonymous_17)
FN:357,(anonymous_18)
FN:362,(anonymous_19)
FN:377,(anonymous_20)
FN:388,(anonymous_21)
FN:442,(anonymous_22)
FN:454,(anonymous_24)
FN:455,(anonymous_25)
FN:457,(anonymous_26)
FN:458,(anonymous_27)
FN:460,(anonymous_28)
FN:461,(anonymous_29)
FN:463,(anonymous_30)
FN:464,(anonymous_31)
FN:466,(anonymous_32)
FN:467,(anonymous_33)
FN:470,(anonymous_34)
FN:471,(anonymous_35)
FN:473,(anonymous_36)
FN:479,(anonymous_37)
FN:483,(anonymous_38)
FNF:28
FNH:0
FNDA:0,(anonymous_10)
FNDA:0,(anonymous_11)
FNDA:0,(anonymous_12)
FNDA:0,(anonymous_13)
FNDA:0,(anonymous_14)
FNDA:0,(anonymous_15)
FNDA:0,(anonymous_16)
FNDA:0,(anonymous_17)
FNDA:0,(anonymous_18)
FNDA:0,(anonymous_19)
FNDA:0,(anonymous_20)
FNDA:0,(anonymous_21)
FNDA:0,(anonymous_22)
FNDA:0,(anonymous_24)
FNDA:0,(anonymous_25)
FNDA:0,(anonymous_26)
FNDA:0,(anonymous_27)
FNDA:0,(anonymous_28)
FNDA:0,(anonymous_29)
FNDA:0,(anonymous_30)
FNDA:0,(anonymous_31)
FNDA:0,(anonymous_32)
FNDA:0,(anonymous_33)
FNDA:0,(anonymous_34)
FNDA:0,(anonymous_35)
FNDA:0,(anonymous_36)
FNDA:0,(anonymous_37)
FNDA:0,(anonymous_38)
DA:3,0
DA:6,0
DA:9,0
DA:10,0
DA:14,0
DA:15,0
DA:19,0
DA:31,0
DA:40,0
DA:49,0
DA:215,0
DA:222,0
DA:307,0
DA:308,0
DA:318,0
DA:319,0
DA:320,0
DA:322,0
DA:324,0
DA:325,0
DA:329,0
DA:330,0
DA:334,0
DA:339,0
DA:340,0
DA:346,0
DA:347,0
DA:354,0
DA:358,0
DA:363,0
DA:373,0
DA:378,0
DA:379,0
DA:380,0
DA:382,0
DA:383,0
DA:401,0
DA:402,0
DA:405,0
DA:406,0
DA:407,0
DA:410,0
DA:413,0
DA:429,0
DA:437,0
DA:438,0
DA:443,0
DA:450,0
DA:453,0
DA:454,0
DA:455,0
DA:457,0
DA:458,0
DA:460,0
DA:461,0
DA:463,0
DA:464,0
DA:466,0
DA:467,0
DA:470,0
DA:472,0
DA:478,0
DA:479,0
DA:483,0
DA:484,0
DA:486,0
DA:487,0
DA:489,0
DA:490,0
LF:69
LH:0
BRDA:6,0,0,0
BRDA:6,0,1,0
BRDA:9,1,0,0
BRDA:14,2,0,0
BRDA:313,3,0,0
BRDA:314,4,0,0
BRDA:322,5,0,0
BRDA:322,5,1,0
BRDA:324,6,0,0
BRDA:373,7,0,0
BRDA:373,7,1,0
BRDA:406,8,0,0
BRDA:410,9,0,0
BRDA:410,9,1,0
BRDA:420,10,0,0
BRDA:420,10,1,0
BRDA:433,11,0,0
BRDA:433,11,1,0
BRF:18
BRH:0
end_of_record
TN:
SF:src\lib\instant.ts
FN:32,(anonymous_5)
FN:247,(anonymous_6)
FN:248,(anonymous_7)
FN:249,(anonymous_8)
FNF:4
FNH:0
FNDA:0,(anonymous_5)
FNDA:0,(anonymous_6)
FNDA:0,(anonymous_7)
FNDA:0,(anonymous_8)
DA:2,0
DA:7,0
DA:8,0
DA:9,0
DA:10,0
DA:14,0
DA:17,0
DA:18,0
DA:22,0
DA:23,0
DA:26,0
DA:32,0
DA:33,0
DA:34,0
DA:38,0
DA:42,0
DA:54,0
DA:63,0
DA:71,0
DA:237,0
DA:239,0
DA:240,0
DA:246,0
DA:247,0
DA:248,0
DA:249,0
LF:26
LH:0
BRDA:7,0,0,0
BRDA:14,1,0,0
BRDA:14,1,1,0
BRDA:17,2,0,0
BRDA:22,3,0,0
BRDA:33,4,0,0
BRDA:239,5,0,0
BRDA:239,5,1,0
BRDA:239,6,0,0
BRDA:239,6,1,0
BRDA:239,6,2,0
BRF:11
BRH:0
end_of_record
TN:
SF:src\lib\memory.ts
FN:13,(anonymous_12)
FN:48,(anonymous_13)
FN:78,(anonymous_14)
FN:113,(anonymous_15)
FN:118,(anonymous_16)
FN:125,(anonymous_17)
FN:138,(anonymous_18)
FN:177,(anonymous_19)
FN:187,(anonymous_20)
FN:203,(anonymous_21)
FN:222,(anonymous_22)
FN:261,(anonymous_23)
FN:283,(anonymous_24)
FN:301,(anonymous_25)
FN:339,(anonymous_26)
FN:365,(anonymous_27)
FN:368,(anonymous_28)
FN:374,(anonymous_29)
FN:377,(anonymous_30)
FN:383,(anonymous_31)
FN:386,(anonymous_32)
FN:432,(anonymous_33)
FN:435,(anonymous_34)
FN:439,(anonymous_35)
FN:451,(anonymous_36)
FN:463,(anonymous_37)
FN:469,(anonymous_38)
FN:477,(anonymous_39)
FN:482,(anonymous_40)
FN:505,(anonymous_41)
FN:524,(anonymous_42)
FN:566,(anonymous_43)
FNF:32
FNH:0
FNDA:0,(anonymous_12)
FNDA:0,(anonymous_13)
FNDA:0,(anonymous_14)
FNDA:0,(anonymous_15)
FNDA:0,(anonymous_16)
FNDA:0,(anonymous_17)
FNDA:0,(anonymous_18)
FNDA:0,(anonymous_19)
FNDA:0,(anonymous_20)
FNDA:0,(anonymous_21)
FNDA:0,(anonymous_22)
FNDA:0,(anonymous_23)
FNDA:0,(anonymous_24)
FNDA:0,(anonymous_25)
FNDA:0,(anonymous_26)
FNDA:0,(anonymous_27)
FNDA:0,(anonymous_28)
FNDA:0,(anonymous_29)
FNDA:0,(anonymous_30)
FNDA:0,(anonymous_31)
FNDA:0,(anonymous_32)
FNDA:0,(anonymous_33)
FNDA:0,(anonymous_34)
FNDA:0,(anonymous_35)
FNDA:0,(anonymous_36)
FNDA:0,(anonymous_37)
FNDA:0,(anonymous_38)
FNDA:0,(anonymous_39)
FNDA:0,(anonymous_40)
FNDA:0,(anonymous_41)
FNDA:0,(anonymous_42)
FNDA:0,(anonymous_43)
DA:4,0
DA:5,0
DA:6,0
DA:13,0
DA:25,0
DA:27,0
DA:29,0
DA:31,0
DA:41,0
DA:42,0
DA:45,0
DA:46,0
DA:48,0
DA:49,0
DA:66,0
DA:67,0
DA:70,0
DA:71,0
DA:78,0
DA:87,0
DA:88,0
DA:92,0
DA:93,0
DA:96,0
DA:108,0
DA:109,0
DA:112,0
DA:113,0
DA:117,0
DA:118,0
DA:119,0
DA:124,0
DA:125,0
DA:128,0
DA:130,0
DA:131,0
DA:138,0
DA:143,0
DA:144,0
DA:156,0
DA:159,0
DA:160,0
DA:163,0
DA:164,0
DA:167,0
DA:169,0
DA:170,0
DA:177,0
DA:181,0
DA:182,0
DA:187,0
DA:188,0
DA:193,0
DA:195,0
DA:196,0
DA:203,0
DA:204,0
DA:206,0
DA:210,0
DA:212,0
DA:213,0
DA:222,0
DA:234,0
DA:240,0
DA:243,0
DA:246,0
DA:247,0
DA:248,0
DA:249,0
DA:259,0
DA:260,0
DA:261,0
DA:262,0
DA:263,0
DA:266,0
DA:267,0
DA:277,0
DA:283,0
DA:284,0
DA:285,0
DA:294,0
DA:300,0
DA:301,0
DA:302,0
DA:308,0
DA:313,0
DA:314,0
DA:315,0
DA:323,0
DA:328,0
DA:329,0
DA:339,0
DA:347,0
DA:349,0
DA:353,0
DA:354,0
DA:362,0
DA:365,0
DA:366,0
DA:367,0
DA:368,0
DA:370,0
DA:374,0
DA:375,0
DA:376,0
DA:377,0
DA:379,0
DA:383,0
DA:384,0
DA:385,0
DA:386,0
DA:388,0
DA:391,0
DA:396,0
DA:397,0
DA:398,0
DA:408,0
DA:411,0
DA:417,0
DA:419,0
DA:432,0
DA:433,0
DA:434,0
DA:435,0
DA:436,0
DA:439,0
DA:440,0
DA:444,0
DA:451,0
DA:455,0
DA:456,0
DA:457,0
DA:463,0
DA:464,0
DA:468,0
DA:469,0
DA:470,0
DA:477,0
DA:478,0
DA:481,0
DA:482,0
DA:483,0
DA:487,0
DA:489,0
DA:494,0
DA:495,0
DA:505,0
DA:512,0
DA:513,0
DA:518,0
DA:519,0
DA:520,0
DA:521,0
DA:522,0
DA:524,0
DA:526,0
DA:529,0
DA:532,0
DA:535,0
DA:538,0
DA:542,0
DA:550,0
DA:551,0
DA:566,0
DA:570,0
DA:571,0
DA:574,0
DA:578,0
DA:579,0
DA:582,0
DA:600,0
LF:171
LH:0
BRDA:29,0,0,0
BRDA:29,0,1,0
BRDA:55,1,0,0
BRDA:55,1,1,0
BRDA:61,2,0,0
BRDA:61,2,1,0
BRDA:92,3,0,0
BRDA:103,4,0,0
BRDA:103,4,1,0
BRDA:108,5,0,0
BRDA:108,5,1,0
BRDA:112,6,0,0
BRDA:113,7,0,0
BRDA:113,7,1,0
BRDA:117,8,0,0
BRDA:119,9,0,0
BRDA:119,9,1,0
BRDA:124,10,0,0
BRDA:156,11,0,0
BRDA:156,11,1,0
BRDA:159,12,0,0
BRDA:159,13,0,0
BRDA:159,13,1,0
BRDA:159,13,2,0
BRDA:163,14,0,0
BRDA:246,15,0,0
BRDA:246,16,0,0
BRDA:246,16,1,0
BRDA:248,17,0,0
BRDA:260,18,0,0
BRDA:263,19,0,0
BRDA:263,19,1,0
BRDA:266,20,0,0
BRDA:284,21,0,0
BRDA:301,22,0,0
BRDA:314,23,0,0
BRDA:353,24,0,0
BRDA:366,25,0,0
BRDA:375,26,0,0
BRDA:383,27,0,0
BRDA:383,27,1,0
BRDA:384,28,0,0
BRDA:391,29,0,0
BRDA:391,29,1,0
BRDA:397,30,0,0
BRDA:400,31,0,0
BRDA:400,31,1,0
BRDA:464,32,0,0
BRDA:464,32,1,0
BRDA:470,33,0,0
BRDA:470,33,1,0
BRDA:470,33,2,0
BRDA:470,33,3,0
BRDA:470,33,4,0
BRDA:471,34,0,0
BRDA:471,34,1,0
BRDA:481,35,0,0
BRDA:526,36,0,0
BRDA:526,36,1,0
BRDA:529,37,0,0
BRDA:529,37,1,0
BRDA:532,38,0,0
BRDA:535,39,0,0
BRDA:535,40,0,0
BRDA:535,40,1,0
BRDA:538,41,0,0
BRDA:538,41,1,0
BRDA:570,42,0,0
BRDA:578,43,0,0
BRF:69
BRH:0
end_of_record
TN:
SF:src\lib\metrics.ts
FN:43,(anonymous_6)
FN:64,(anonymous_7)
FN:67,(anonymous_8)
FN:73,(anonymous_9)
FN:74,(anonymous_10)
FN:80,(anonymous_11)
FN:89,(anonymous_12)
FN:100,(anonymous_13)
FN:108,(anonymous_14)
FN:118,(anonymous_16)
FN:143,(anonymous_17)
FN:166,(anonymous_18)
FN:176,(anonymous_19)
FN:190,(anonymous_20)
FN:205,(anonymous_21)
FN:229,(anonymous_22)
FN:238,(anonymous_23)
FN:246,(anonymous_24)
FN:255,(anonymous_25)
FN:265,(anonymous_26)
FN:286,(anonymous_27)
FN:292,(anonymous_28)
FN:302,(anonymous_29)
FN:312,(anonymous_30)
FN:322,(anonymous_31)
FN:341,(anonymous_32)
FN:343,(anonymous_33)
FN:346,(anonymous_34)
FN:354,startMetricsCollection
FN:359,(anonymous_36)
FN:365,stopMetricsCollection
FN:373,withMetrics
FN:377,(anonymous_39)
FNF:33
FNH:0
FNDA:0,(anonymous_6)
FNDA:0,(anonymous_7)
FNDA:0,(anonymous_8)
FNDA:0,(anonymous_9)
FNDA:0,(anonymous_10)
FNDA:0,(anonymous_11)
FNDA:0,(anonymous_12)
FNDA:0,(anonymous_13)
FNDA:0,(anonymous_14)
FNDA:0,(anonymous_16)
FNDA:0,(anonymous_17)
FNDA:0,(anonymous_18)
FNDA:0,(anonymous_19)
FNDA:0,(anonymous_20)
FNDA:0,(anonymous_21)
FNDA:0,(anonymous_22)
FNDA:0,(anonymous_23)
FNDA:0,(anonymous_24)
FNDA:0,(anonymous_25)
FNDA:0,(anonymous_26)
FNDA:0,(anonymous_27)
FNDA:0,(anonymous_28)
FNDA:0,(anonymous_29)
FNDA:0,(anonymous_30)
FNDA:0,(anonymous_31)
FNDA:0,(anonymous_32)
FNDA:0,(anonymous_33)
FNDA:0,(anonymous_34)
FNDA:0,startMetricsCollection
FNDA:0,(anonymous_36)
FNDA:0,stopMetricsCollection
FNDA:0,withMetrics
FNDA:0,(anonymous_39)
DA:39,0
DA:40,0
DA:44,0
DA:50,0
DA:51,0
DA:54,0
DA:55,0
DA:58,0
DA:59,0
DA:65,0
DA:66,0
DA:67,0
DA:69,0
DA:70,0
DA:73,0
DA:74,0
DA:76,0
DA:80,0
DA:90,0
DA:91,0
DA:95,0
DA:96,0
DA:97,0
DA:98,0
DA:99,0
DA:100,0
DA:102,0
DA:105,0
DA:109,0
DA:114,0
DA:116,0
DA:119,0
DA:125,0
DA:130,0
DA:131,0
DA:137,0
DA:138,0
DA:144,0
DA:150,0
DA:157,0
DA:158,0
DA:167,0
DA:171,0
DA:176,0
DA:177,0
DA:182,0
DA:183,0
DA:192,0
DA:193,0
DA:194,0
DA:195,0
DA:196,0
DA:200,0
DA:201,0
DA:206,0
DA:231,0
DA:239,0
DA:240,0
DA:242,0
DA:243,0
DA:247,0
DA:256,0
DA:266,0
DA:271,0
DA:272,0
DA:279,0
DA:287,0
DA:288,0
DA:289,0
DA:293,0
DA:294,0
DA:295,0
DA:303,0
DA:304,0
DA:305,0
DA:313,0
DA:314,0
DA:315,0
DA:323,0
DA:331,0
DA:332,0
DA:336,0
DA:337,0
DA:342,0
DA:343,0
DA:347,0
DA:352,0
DA:354,0
DA:355,0
DA:356,0
DA:359,0
DA:360,0
DA:361,0
DA:365,0
DA:366,0
DA:367,0
DA:368,0
DA:373,0
DA:377,0
DA:378,0
DA:379,0
DA:381,0
DA:382,0
DA:383,0
DA:384,0
DA:386,0
DA:387,0
LF:107
LH:0
BRDA:50,0,0,0
BRDA:58,1,0,0
BRDA:64,2,0,0
BRDA:65,3,0,0
BRDA:65,3,1,0
BRDA:69,4,0,0
BRDA:89,5,0,0
BRDA:90,6,0,0
BRDA:98,7,0,0
BRDA:99,8,0,0
BRDA:99,8,1,0
BRDA:122,9,0,0
BRDA:122,9,1,0
BRDA:130,10,0,0
BRDA:137,11,0,0
BRDA:157,12,0,0
BRDA:182,13,0,0
BRDA:192,14,0,0
BRDA:192,15,0,0
BRDA:192,15,1,0
BRDA:242,16,0,0
BRDA:242,17,0,0
BRDA:242,17,1,0
BRDA:265,18,0,0
BRDA:294,19,0,0
BRDA:294,20,0,0
BRDA:294,20,1,0
BRDA:304,21,0,0
BRDA:314,22,0,0
BRDA:314,23,0,0
BRDA:314,23,1,0
BRDA:331,24,0,0
BRDA:336,25,0,0
BRDA:336,26,0,0
BRDA:336,26,1,0
BRDA:354,27,0,0
BRDA:355,28,0,0
BRDA:366,29,0,0
BRF:38
BRH:0
end_of_record
TN:
SF:src\lib\migration-strategy.ts
FN:111,(anonymous_8)
FN:151,(anonymous_9)
FN:189,(anonymous_10)
FN:207,(anonymous_11)
FN:213,(anonymous_12)
FN:218,(anonymous_13)
FN:223,(anonymous_14)
FN:247,(anonymous_15)
FN:274,(anonymous_17)
FN:341,(anonymous_18)
FN:354,(anonymous_19)
FN:438,(anonymous_20)
FN:451,(anonymous_21)
FN:552,(anonymous_22)
FN:570,(anonymous_23)
FN:657,(anonymous_24)
FN:675,(anonymous_25)
FN:750,(anonymous_26)
FN:769,(anonymous_27)
FN:773,(anonymous_28)
FN:781,(anonymous_29)
FN:785,(anonymous_30)
FN:793,(anonymous_31)
FN:797,(anonymous_32)
FN:805,(anonymous_33)
FN:809,(anonymous_34)
FN:817,(anonymous_35)
FN:821,(anonymous_36)
FN:830,(anonymous_37)
FN:834,(anonymous_38)
FN:839,(anonymous_39)
FN:844,(anonymous_40)
FN:857,(anonymous_41)
FN:869,(anonymous_42)
FNF:34
FNH:0
FNDA:0,(anonymous_8)
FNDA:0,(anonymous_9)
FNDA:0,(anonymous_10)
FNDA:0,(anonymous_11)
FNDA:0,(anonymous_12)
FNDA:0,(anonymous_13)
FNDA:0,(anonymous_14)
FNDA:0,(anonymous_15)
FNDA:0,(anonymous_17)
FNDA:0,(anonymous_18)
FNDA:0,(anonymous_19)
FNDA:0,(anonymous_20)
FNDA:0,(anonymous_21)
FNDA:0,(anonymous_22)
FNDA:0,(anonymous_23)
FNDA:0,(anonymous_24)
FNDA:0,(anonymous_25)
FNDA:0,(anonymous_26)
FNDA:0,(anonymous_27)
FNDA:0,(anonymous_28)
FNDA:0,(anonymous_29)
FNDA:0,(anonymous_30)
FNDA:0,(anonymous_31)
FNDA:0,(anonymous_32)
FNDA:0,(anonymous_33)
FNDA:0,(anonymous_34)
FNDA:0,(anonymous_35)
FNDA:0,(anonymous_36)
FNDA:0,(anonymous_37)
FNDA:0,(anonymous_38)
FNDA:0,(anonymous_39)
FNDA:0,(anonymous_40)
FNDA:0,(anonymous_41)
FNDA:0,(anonymous_42)
DA:6,0
DA:107,0
DA:108,0
DA:109,0
DA:112,0
DA:114,0
DA:124,0
DA:126,0
DA:128,0
DA:131,0
DA:132,0
DA:135,0
DA:136,0
DA:138,0
DA:139,0
DA:142,0
DA:143,0
DA:146,0
DA:147,0
DA:152,0
DA:154,0
DA:156,0
DA:159,0
DA:160,0
DA:161,0
DA:166,0
DA:167,0
DA:168,0
DA:170,0
DA:171,0
DA:175,0
DA:178,0
DA:179,0
DA:181,0
DA:184,0
DA:185,0
DA:190,0
DA:191,0
DA:193,0
DA:194,0
DA:196,0
DA:197,0
DA:199,0
DA:200,0
DA:202,0
DA:209,0
DA:214,0
DA:219,0
DA:224,0
DA:226,0
DA:228,0
DA:230,0
DA:232,0
DA:234,0
DA:235,0
DA:236,0
DA:240,0
DA:242,0
DA:248,0
DA:256,0
DA:275,0
DA:276,0
DA:277,0
DA:278,0
DA:279,0
DA:281,0
DA:283,0
DA:287,0
DA:290,0
DA:291,0
DA:292,0
DA:293,0
DA:299,0
DA:300,0
DA:301,0
DA:302,0
DA:312,0
DA:315,0
DA:316,0
DA:319,0
DA:330,0
DA:331,0
DA:342,0
DA:343,0
DA:355,0
DA:356,0
DA:357,0
DA:358,0
DA:359,0
DA:361,0
DA:363,0
DA:367,0
DA:368,0
DA:369,0
DA:379,0
DA:380,0
DA:382,0
DA:383,0
DA:384,0
DA:385,0
DA:388,0
DA:390,0
DA:405,0
DA:407,0
DA:408,0
DA:412,0
DA:413,0
DA:416,0
DA:427,0
DA:428,0
DA:439,0
DA:440,0
DA:452,0
DA:453,0
DA:454,0
DA:455,0
DA:456,0
DA:458,0
DA:460,0
DA:461,0
DA:462,0
DA:465,0
DA:468,0
DA:472,0
DA:473,0
DA:474,0
DA:485,0
DA:486,0
DA:487,0
DA:488,0
DA:491,0
DA:492,0
DA:494,0
DA:495,0
DA:496,0
DA:497,0
DA:498,0
DA:499,0
DA:500,0
DA:504,0
DA:505,0
DA:519,0
DA:521,0
DA:522,0
DA:526,0
DA:527,0
DA:531,0
DA:541,0
DA:542,0
DA:553,0
DA:558,0
DA:571,0
DA:572,0
DA:573,0
DA:574,0
DA:575,0
DA:577,0
DA:578,0
DA:579,0
DA:581,0
DA:585,0
DA:586,0
DA:587,0
DA:597,0
DA:599,0
DA:600,0
DA:601,0
DA:602,0
DA:603,0
DA:604,0
DA:605,0
DA:608,0
DA:609,0
DA:625,0
DA:627,0
DA:628,0
DA:632,0
DA:633,0
DA:636,0
DA:646,0
DA:647,0
DA:658,0
DA:663,0
DA:676,0
DA:677,0
DA:678,0
DA:679,0
DA:680,0
DA:682,0
DA:683,0
DA:687,0
DA:688,0
DA:689,0
DA:699,0
DA:701,0
DA:702,0
DA:703,0
DA:704,0
DA:718,0
DA:720,0
DA:721,0
DA:725,0
DA:726,0
DA:729,0
DA:739,0
DA:740,0
DA:751,0
DA:756,0
DA:771,0
DA:773,0
DA:783,0
DA:785,0
DA:795,0
DA:797,0
DA:807,0
DA:809,0
DA:819,0
DA:821,0
DA:830,0
DA:831,0
DA:834,0
DA:835,0
DA:836,0
DA:839,0
DA:840,0
DA:844,0
DA:849,0
DA:850,0
DA:852,0
DA:854,0
DA:855,0
DA:857,0
DA:859,0
DA:860,0
DA:861,0
DA:862,0
DA:868,0
DA:869,0
DA:871,0
DA:872,0
DA:873,0
DA:874,0
DA:880,0
DA:881,0
DA:883,0
DA:884,0
DA:887,0
DA:894,0
DA:895,0
DA:903,0
LF:250
LH:0
BRDA:154,0,0,0
BRDA:160,1,0,0
BRDA:170,2,0,0
BRDA:184,3,0,0
BRDA:191,4,0,0
BRDA:191,4,1,0
BRDA:191,4,2,0
BRDA:191,4,3,0
BRDA:226,5,0,0
BRDA:235,6,0,0
BRDA:290,7,0,0
BRDA:292,8,0,0
BRDA:315,9,0,0
BRDA:343,10,0,0
BRDA:343,10,1,0
BRDA:367,11,0,0
BRDA:367,12,0,0
BRDA:367,12,1,0
BRDA:388,13,0,0
BRDA:388,13,1,0
BRDA:393,14,0,0
BRDA:393,14,1,0
BRDA:394,15,0,0
BRDA:394,15,1,0
BRDA:395,16,0,0
BRDA:395,16,1,0
BRDA:398,17,0,0
BRDA:398,17,1,0
BRDA:399,18,0,0
BRDA:399,18,1,0
BRDA:401,19,0,0
BRDA:401,19,1,0
BRDA:412,20,0,0
BRDA:440,21,0,0
BRDA:440,21,1,0
BRDA:461,22,0,0
BRDA:472,23,0,0
BRDA:472,24,0,0
BRDA:472,24,1,0
BRDA:497,25,0,0
BRDA:508,26,0,0
BRDA:508,26,1,0
BRDA:512,27,0,0
BRDA:512,27,1,0
BRDA:526,28,0,0
BRDA:558,29,0,0
BRDA:558,29,1,0
BRDA:558,29,2,0
BRDA:585,30,0,0
BRDA:585,31,0,0
BRDA:585,31,1,0
BRDA:602,32,0,0
BRDA:613,33,0,0
BRDA:613,33,1,0
BRDA:632,34,0,0
BRDA:663,35,0,0
BRDA:663,35,1,0
BRDA:663,35,2,0
BRDA:687,36,0,0
BRDA:707,37,0,0
BRDA:707,37,1,0
BRDA:708,38,0,0
BRDA:708,38,1,0
BRDA:712,39,0,0
BRDA:712,39,1,0
BRDA:725,40,0,0
BRDA:756,41,0,0
BRDA:756,41,1,0
BRDA:857,42,0,0
BRDA:857,42,1,0
BRDA:859,43,0,0
BRDA:861,44,0,0
BRDA:869,45,0,0
BRDA:869,45,1,0
BRDA:871,46,0,0
BRDA:873,47,0,0
BRDA:880,48,0,0
BRDA:880,48,1,0
BRF:78
BRH:0
end_of_record
TN:
SF:src\lib\modern-image-processing.ts
FN:17,processImageModern
FN:74,processWithOffscreenCanvas
FN:132,(anonymous_10)
FN:133,(anonymous_11)
FN:134,(anonymous_12)
FN:158,extractBasicImageMetadata
FN:198,isModernImageProcessingAvailable
FN:205,getImageProcessingCapabilities
FN:236,validateImageFile
FN:264,createPlaceholderThumbnail
FN:296,(anonymous_18)
FN:303,(anonymous_19)
FN:320,(anonymous_20)
FN:324,(anonymous_21)
FNF:14
FNH:0
FNDA:0,processImageModern
FNDA:0,processWithOffscreenCanvas
FNDA:0,(anonymous_10)
FNDA:0,(anonymous_11)
FNDA:0,(anonymous_12)
FNDA:0,extractBasicImageMetadata
FNDA:0,isModernImageProcessingAvailable
FNDA:0,getImageProcessingCapabilities
FNDA:0,validateImageFile
FNDA:0,createPlaceholderThumbnail
FNDA:0,(anonymous_18)
FNDA:0,(anonymous_19)
FNDA:0,(anonymous_20)
FNDA:0,(anonymous_21)
DA:3,0
DA:4,0
DA:17,0
DA:22,0
DA:24,0
DA:26,0
DA:28,0
DA:31,0
DA:32,0
DA:33,0
DA:34,0
DA:35,0
DA:36,0
DA:38,0
DA:40,0
DA:41,0
DA:42,0
DA:46,0
DA:47,0
DA:48,0
DA:49,0
DA:52,0
DA:60,0
DA:61,0
DA:63,0
DA:78,0
DA:80,0
DA:82,0
DA:84,0
DA:86,0
DA:87,0
DA:88,0
DA:91,0
DA:93,0
DA:94,0
DA:96,0
DA:97,0
DA:99,0
DA:103,0
DA:104,0
DA:106,0
DA:107,0
DA:111,0
DA:114,0
DA:119,0
DA:121,0
DA:124,0
DA:126,0
DA:127,0
DA:130,0
DA:131,0
DA:132,0
DA:133,0
DA:134,0
DA:135,0
DA:140,0
DA:141,0
DA:142,0
DA:145,0
DA:148,0
DA:149,0
DA:152,0
DA:161,0
DA:163,0
DA:165,0
DA:166,0
DA:167,0
DA:168,0
DA:169,0
DA:170,0
DA:171,0
DA:172,0
DA:174,0
DA:175,0
DA:178,0
DA:182,0
DA:183,0
DA:184,0
DA:185,0
DA:188,0
DA:189,0
DA:192,0
DA:198,0
DA:199,0
DA:205,0
DA:210,0
DA:216,0
DA:217,0
DA:218,0
DA:221,0
DA:222,0
DA:223,0
DA:226,0
DA:227,0
DA:230,0
DA:236,0
DA:237,0
DA:240,0
DA:241,0
DA:245,0
DA:246,0
DA:250,0
DA:251,0
DA:252,0
DA:255,0
DA:264,0
DA:269,0
DA:272,0
DA:287,0
DA:293,0
DA:297,0
DA:298,0
DA:300,0
DA:305,0
DA:306,0
DA:307,0
DA:314,0
DA:317,0
DA:321,0
DA:325,0
DA:330,0
LF:121
LH:0
BRDA:31,0,0,0
BRDA:31,0,1,0
BRDA:36,1,0,0
BRDA:36,1,1,0
BRDA:56,2,0,0
BRDA:56,2,1,0
BRDA:61,3,0,0
BRDA:61,3,1,0
BRDA:96,4,0,0
BRDA:96,4,1,0
BRDA:106,5,0,0
BRDA:130,6,0,0
BRDA:165,7,0,0
BRDA:165,7,1,0
BRDA:199,8,0,0
BRDA:199,8,1,0
BRDA:216,9,0,0
BRDA:221,10,0,0
BRDA:226,11,0,0
BRDA:240,12,0,0
BRDA:245,13,0,0
BRDA:251,14,0,0
BRDA:282,15,0,0
BRDA:282,15,1,0
BRDA:297,16,0,0
BRDA:306,17,0,0
BRF:26
BRH:0
end_of_record
TN:
SF:src\lib\r2-storage.ts
FN:32,(anonymous_3)
FN:75,(anonymous_4)
FN:140,(anonymous_5)
FN:178,(anonymous_6)
FN:216,(anonymous_7)
FN:239,(anonymous_8)
FN:270,(anonymous_9)
FN:306,(anonymous_10)
FN:315,(anonymous_11)
FN:327,(anonymous_12)
FN:339,(anonymous_13)
FN:347,(anonymous_14)
FNF:12
FNH:0
FNDA:0,(anonymous_3)
FNDA:0,(anonymous_4)
FNDA:0,(anonymous_5)
FNDA:0,(anonymous_6)
FNDA:0,(anonymous_7)
FNDA:0,(anonymous_8)
FNDA:0,(anonymous_9)
FNDA:0,(anonymous_10)
FNDA:0,(anonymous_11)
FNDA:0,(anonymous_12)
FNDA:0,(anonymous_13)
FNDA:0,(anonymous_14)
DA:1,0
DA:2,0
DA:3,0
DA:6,0
DA:27,0
DA:34,0
DA:35,0
DA:38,0
DA:39,0
DA:42,0
DA:43,0
DA:46,0
DA:47,0
DA:50,0
DA:62,0
DA:63,0
DA:76,0
DA:77,0
DA:80,0
DA:83,0
DA:84,0
DA:87,0
DA:105,0
DA:106,0
DA:109,0
DA:112,0
DA:113,0
DA:115,0
DA:118,0
DA:121,0
DA:122,0
DA:123,0
DA:125,0
DA:126,0
DA:128,0
DA:129,0
DA:133,0
DA:141,0
DA:142,0
DA:144,0
DA:149,0
DA:150,0
DA:152,0
DA:153,0
DA:156,0
DA:159,0
DA:160,0
DA:161,0
DA:162,0
DA:164,0
DA:165,0
DA:170,0
DA:171,0
DA:179,0
DA:180,0
DA:182,0
DA:187,0
DA:188,0
DA:190,0
DA:191,0
DA:194,0
DA:203,0
DA:204,0
DA:207,0
DA:208,0
DA:217,0
DA:218,0
DA:220,0
DA:225,0
DA:226,0
DA:228,0
DA:231,0
DA:232,0
DA:240,0
DA:241,0
DA:243,0
DA:249,0
DA:250,0
DA:253,0
DA:255,0
DA:262,0
DA:263,0
DA:271,0
DA:272,0
DA:273,0
DA:275,0
DA:289,0
DA:290,0
DA:292,0
DA:293,0
DA:295,0
DA:298,0
DA:299,0
DA:307,0
DA:308,0
DA:309,0
DA:316,0
DA:328,0
DA:340,0
DA:341,0
DA:348,0
DA:350,0
DA:357,0
DA:362,0
DA:364,0
DA:365,0
DA:366,0
DA:373,0
DA:374,0
DA:380,0
DA:384,0
DA:385,0
LF:112
LH:0
BRDA:10,0,0,0
BRDA:10,0,1,0
BRDA:34,1,0,0
BRDA:34,2,0,0
BRDA:34,2,1,0
BRDA:38,3,0,0
BRDA:42,4,0,0
BRDA:46,5,0,0
BRDA:46,5,1,0
BRDA:52,6,0,0
BRDA:52,6,1,0
BRDA:54,7,0,0
BRDA:54,7,1,0
BRDA:55,8,0,0
BRDA:55,8,1,0
BRDA:62,9,0,0
BRDA:67,10,0,0
BRDA:67,10,1,0
BRDA:121,11,0,0
BRDA:122,12,0,0
BRDA:122,13,0,0
BRDA:122,13,1,0
BRDA:125,14,0,0
BRDA:128,15,0,0
BRDA:128,16,0,0
BRDA:128,16,1,0
BRDA:133,17,0,0
BRDA:133,17,1,0
BRDA:159,18,0,0
BRDA:160,19,0,0
BRDA:164,20,0,0
BRDA:164,21,0,0
BRDA:164,21,1,0
BRDA:190,22,0,0
BRDA:190,23,0,0
BRDA:190,23,1,0
BRDA:203,24,0,0
BRDA:203,25,0,0
BRDA:203,25,1,0
BRDA:203,25,2,0
BRDA:216,26,0,0
BRDA:232,27,0,0
BRDA:232,27,1,0
BRDA:239,28,0,0
BRDA:263,29,0,0
BRDA:263,29,1,0
BRDA:299,30,0,0
BRDA:299,30,1,0
BRDA:317,31,0,0
BRDA:317,31,1,0
BRDA:317,31,2,0
BRDA:317,31,3,0
BRDA:331,32,0,0
BRDA:331,32,1,0
BRDA:373,33,0,0
BRDA:373,34,0,0
BRDA:373,34,1,0
BRDA:387,35,0,0
BRDA:387,35,1,0
BRF:59
BRH:0
end_of_record
TN:
SF:src\lib\security-privacy.ts
FN:277,(anonymous_5)
FN:282,(anonymous_6)
FN:283,(anonymous_7)
FN:288,(anonymous_8)
FN:289,(anonymous_9)
FN:297,(anonymous_10)
FN:335,(anonymous_11)
FN:361,(anonymous_12)
FN:367,(anonymous_13)
FN:375,(anonymous_14)
FN:380,(anonymous_15)
FN:385,(anonymous_16)
FN:390,(anonymous_17)
FN:395,(anonymous_18)
FN:409,(anonymous_19)
FN:416,(anonymous_20)
FN:436,(anonymous_21)
FN:453,(anonymous_22)
FN:457,(anonymous_23)
FN:458,(anonymous_24)
FN:471,(anonymous_25)
FN:487,(anonymous_26)
FN:512,(anonymous_27)
FN:516,(anonymous_28)
FN:522,(anonymous_29)
FN:527,(anonymous_30)
FN:541,(anonymous_31)
FN:562,(anonymous_32)
FN:581,(anonymous_33)
FN:611,(anonymous_34)
FN:621,(anonymous_35)
FN:626,(anonymous_36)
FN:631,(anonymous_37)
FN:637,(anonymous_38)
FN:638,(anonymous_39)
FN:639,(anonymous_40)
FN:640,(anonymous_41)
FN:641,(anonymous_42)
FN:642,(anonymous_43)
FN:643,(anonymous_44)
FN:644,(anonymous_45)
FN:646,(anonymous_46)
FN:652,(anonymous_47)
FN:653,(anonymous_48)
FN:654,(anonymous_49)
FN:655,(anonymous_50)
FN:656,(anonymous_51)
FN:657,(anonymous_52)
FN:658,(anonymous_53)
FN:660,(anonymous_54)
FNF:50
FNH:0
FNDA:0,(anonymous_5)
FNDA:0,(anonymous_6)
FNDA:0,(anonymous_7)
FNDA:0,(anonymous_8)
FNDA:0,(anonymous_9)
FNDA:0,(anonymous_10)
FNDA:0,(anonymous_11)
FNDA:0,(anonymous_12)
FNDA:0,(anonymous_13)
FNDA:0,(anonymous_14)
FNDA:0,(anonymous_15)
FNDA:0,(anonymous_16)
FNDA:0,(anonymous_17)
FNDA:0,(anonymous_18)
FNDA:0,(anonymous_19)
FNDA:0,(anonymous_20)
FNDA:0,(anonymous_21)
FNDA:0,(anonymous_22)
FNDA:0,(anonymous_23)
FNDA:0,(anonymous_24)
FNDA:0,(anonymous_25)
FNDA:0,(anonymous_26)
FNDA:0,(anonymous_27)
FNDA:0,(anonymous_28)
FNDA:0,(anonymous_29)
FNDA:0,(anonymous_30)
FNDA:0,(anonymous_31)
FNDA:0,(anonymous_32)
FNDA:0,(anonymous_33)
FNDA:0,(anonymous_34)
FNDA:0,(anonymous_35)
FNDA:0,(anonymous_36)
FNDA:0,(anonymous_37)
FNDA:0,(anonymous_38)
FNDA:0,(anonymous_39)
FNDA:0,(anonymous_40)
FNDA:0,(anonymous_41)
FNDA:0,(anonymous_42)
FNDA:0,(anonymous_43)
FNDA:0,(anonymous_44)
FNDA:0,(anonymous_45)
FNDA:0,(anonymous_46)
FNDA:0,(anonymous_47)
FNDA:0,(anonymous_48)
FNDA:0,(anonymous_49)
FNDA:0,(anonymous_50)
FNDA:0,(anonymous_51)
FNDA:0,(anonymous_52)
FNDA:0,(anonymous_53)
FNDA:0,(anonymous_54)
DA:274,0
DA:275,0
DA:278,0
DA:279,0
DA:283,0
DA:284,0
DA:289,0
DA:290,0
DA:303,0
DA:305,0
DA:308,0
DA:309,0
DA:310,0
DA:312,0
DA:313,0
DA:314,0
DA:316,0
DA:318,0
DA:319,0
DA:325,0
DA:327,0
DA:340,0
DA:341,0
DA:343,0
DA:345,0
DA:347,0
DA:349,0
DA:351,0
DA:353,0
DA:356,0
DA:357,0
DA:364,0
DA:368,0
DA:372,0
DA:377,0
DA:382,0
DA:387,0
DA:392,0
DA:397,0
DA:407,0
DA:410,0
DA:417,0
DA:418,0
DA:419,0
DA:421,0
DA:422,0
DA:424,0
DA:426,0
DA:437,0
DA:438,0
DA:439,0
DA:441,0
DA:442,0
DA:444,0
DA:445,0
DA:447,0
DA:454,0
DA:455,0
DA:457,0
DA:458,0
DA:459,0
DA:460,0
DA:472,0
DA:473,0
DA:482,0
DA:488,0
DA:490,0
DA:491,0
DA:495,0
DA:496,0
DA:498,0
DA:501,0
DA:504,0
DA:505,0
DA:513,0
DA:514,0
DA:516,0
DA:523,0
DA:524,0
DA:527,0
DA:528,0
DA:532,0
DA:535,0
DA:542,0
DA:544,0
DA:545,0
DA:546,0
DA:547,0
DA:548,0
DA:549,0
DA:551,0
DA:562,0
DA:571,0
DA:573,0
DA:574,0
DA:582,0
DA:583,0
DA:593,0
DA:594,0
DA:595,0
DA:596,0
DA:597,0
DA:598,0
DA:599,0
DA:602,0
DA:604,0
DA:606,0
DA:607,0
DA:612,0
DA:623,0
DA:628,0
DA:637,0
DA:638,0
DA:639,0
DA:640,0
DA:641,0
DA:642,0
DA:643,0
DA:644,0
DA:648,0
DA:661,0
DA:831,0
DA:1220,0
DA:1221,0
DA:1222,0
DA:1223,0
LF:126
LH:0
BRDA:310,0,0,0
BRDA:314,1,0,0
BRDA:316,2,0,0
BRDA:316,3,0,0
BRDA:316,3,1,0
BRDA:318,4,0,0
BRDA:341,5,0,0
BRDA:341,5,1,0
BRDA:341,5,2,0
BRDA:341,5,3,0
BRDA:341,5,4,0
BRDA:341,5,5,0
BRDA:368,6,0,0
BRDA:455,7,0,0
BRDA:455,7,1,0
BRDA:459,8,0,0
BRDA:459,8,1,0
BRDA:490,9,0,0
BRDA:514,10,0,0
BRDA:516,11,0,0
BRDA:516,11,1,0
BRDA:524,12,0,0
BRDA:528,13,0,0
BRDA:528,13,1,0
BRDA:613,14,0,0
BRDA:613,14,1,0
BRDA:613,14,2,0
BRDA:613,14,3,0
BRDA:613,14,4,0
BRF:29
BRH:0
end_of_record
TN:
SF:src\lib\session-context.ts
FN:52,(anonymous_8)
FN:67,(anonymous_9)
FN:69,(anonymous_10)
FN:70,(anonymous_11)
FN:72,(anonymous_12)
FN:77,(anonymous_13)
FN:78,(anonymous_14)
FN:84,(anonymous_15)
FN:106,(anonymous_16)
FN:125,(anonymous_17)
FN:126,(anonymous_18)
FN:143,(anonymous_19)
FN:144,(anonymous_20)
FN:152,(anonymous_21)
FN:210,(anonymous_22)
FN:272,(anonymous_23)
FN:276,(anonymous_24)
FN:332,(anonymous_25)
FN:371,(anonymous_26)
FN:393,(anonymous_27)
FN:428,(anonymous_28)
FN:434,(anonymous_29)
FN:442,(anonymous_30)
FN:449,(anonymous_31)
FN:471,(anonymous_32)
FN:498,(anonymous_33)
FN:509,(anonymous_34)
FN:556,(anonymous_35)
FN:563,(anonymous_36)
FNF:29
FNH:0
FNDA:0,(anonymous_8)
FNDA:0,(anonymous_9)
FNDA:0,(anonymous_10)
FNDA:0,(anonymous_11)
FNDA:0,(anonymous_12)
FNDA:0,(anonymous_13)
FNDA:0,(anonymous_14)
FNDA:0,(anonymous_15)
FNDA:0,(anonymous_16)
FNDA:0,(anonymous_17)
FNDA:0,(anonymous_18)
FNDA:0,(anonymous_19)
FNDA:0,(anonymous_20)
FNDA:0,(anonymous_21)
FNDA:0,(anonymous_22)
FNDA:0,(anonymous_23)
FNDA:0,(anonymous_24)
FNDA:0,(anonymous_25)
FNDA:0,(anonymous_26)
FNDA:0,(anonymous_27)
FNDA:0,(anonymous_28)
FNDA:0,(anonymous_29)
FNDA:0,(anonymous_30)
FNDA:0,(anonymous_31)
FNDA:0,(anonymous_32)
FNDA:0,(anonymous_33)
FNDA:0,(anonymous_34)
FNDA:0,(anonymous_35)
FNDA:0,(anonymous_36)
DA:12,0
DA:13,0
DA:14,0
DA:15,0
DA:52,0
DA:53,0
DA:55,0
DA:56,0
DA:57,0
DA:61,0
DA:64,0
DA:67,0
DA:68,0
DA:69,0
DA:70,0
DA:71,0
DA:72,0
DA:76,0
DA:77,0
DA:78,0
DA:79,0
DA:82,0
DA:84,0
DA:87,0
DA:98,0
DA:99,0
DA:106,0
DA:114,0
DA:115,0
DA:116,0
DA:117,0
DA:120,0
DA:121,0
DA:122,0
DA:125,0
DA:126,0
DA:129,0
DA:130,0
DA:131,0
DA:135,0
DA:136,0
DA:138,0
DA:143,0
DA:144,0
DA:145,0
DA:149,0
DA:152,0
DA:157,0
DA:158,0
DA:159,0
DA:160,0
DA:162,0
DA:164,0
DA:165,0
DA:166,0
DA:169,0
DA:170,0
DA:173,0
DA:174,0
DA:178,0
DA:179,0
DA:183,0
DA:194,0
DA:198,0
DA:199,0
DA:202,0
DA:203,0
DA:210,0
DA:220,0
DA:221,0
DA:222,0
DA:223,0
DA:224,0
DA:227,0
DA:228,0
DA:229,0
DA:238,0
DA:239,0
DA:240,0
DA:249,0
DA:250,0
DA:258,0
DA:259,0
DA:260,0
DA:262,0
DA:264,0
DA:265,0
DA:269,0
DA:270,0
DA:272,0
DA:274,0
DA:275,0
DA:276,0
DA:277,0
DA:278,0
DA:279,0
DA:281,0
DA:286,0
DA:287,0
DA:293,0
DA:294,0
DA:297,0
DA:299,0
DA:307,0
DA:308,0
DA:317,0
DA:318,0
DA:332,0
DA:348,0
DA:349,0
DA:350,0
DA:351,0
DA:353,0
DA:354,0
DA:355,0
DA:359,0
DA:363,0
DA:364,0
DA:365,0
DA:366,0
DA:370,0
DA:371,0
DA:374,0
DA:385,0
DA:386,0
DA:393,0
DA:404,0
DA:405,0
DA:406,0
DA:407,0
DA:409,0
DA:412,0
DA:427,0
DA:428,0
DA:429,0
DA:433,0
DA:434,0
DA:437,0
DA:438,0
DA:442,0
DA:443,0
DA:449,0
DA:450,0
DA:453,0
DA:455,0
DA:460,0
DA:461,0
DA:471,0
DA:481,0
DA:483,0
DA:494,0
DA:497,0
DA:498,0
DA:499,0
DA:504,0
DA:505,0
DA:506,0
DA:507,0
DA:509,0
DA:511,0
DA:512,0
DA:515,0
DA:516,0
DA:519,0
DA:520,0
DA:523,0
DA:524,0
DA:527,0
DA:531,0
DA:540,0
DA:541,0
DA:556,0
DA:559,0
DA:564,0
DA:565,0
DA:567,0
LF:176
LH:0
BRDA:56,0,0,0
BRDA:67,1,0,0
BRDA:67,1,1,0
BRDA:69,2,0,0
BRDA:69,2,1,0
BRDA:71,3,0,0
BRDA:71,3,1,0
BRDA:77,4,0,0
BRDA:77,4,1,0
BRDA:83,5,0,0
BRDA:83,5,1,0
BRDA:116,6,0,0
BRDA:120,7,0,0
BRDA:120,7,1,0
BRDA:130,8,0,0
BRDA:130,9,0,0
BRDA:130,9,1,0
BRDA:136,10,0,0
BRDA:152,11,0,0
BRDA:152,11,1,0
BRDA:158,12,0,0
BRDA:158,13,0,0
BRDA:158,13,1,0
BRDA:160,14,0,0
BRDA:160,14,1,0
BRDA:164,15,0,0
BRDA:166,16,0,0
BRDA:166,16,1,0
BRDA:169,17,0,0
BRDA:173,18,0,0
BRDA:178,19,0,0
BRDA:186,20,0,0
BRDA:186,20,1,0
BRDA:224,21,0,0
BRDA:224,21,1,0
BRDA:228,22,0,0
BRDA:239,23,0,0
BRDA:249,24,0,0
BRDA:264,25,0,0
BRDA:264,26,0,0
BRDA:264,26,1,0
BRDA:269,27,0,0
BRDA:269,28,0,0
BRDA:269,28,1,0
BRDA:274,29,0,0
BRDA:277,30,0,0
BRDA:277,30,1,0
BRDA:279,31,0,0
BRDA:279,31,1,0
BRDA:286,32,0,0
BRDA:293,33,0,0
BRDA:303,34,0,0
BRDA:303,34,1,0
BRDA:307,35,0,0
BRDA:307,35,1,0
BRDA:322,36,0,0
BRDA:322,36,1,0
BRDA:350,37,0,0
BRDA:350,37,1,0
BRDA:354,38,0,0
BRDA:363,39,0,0
BRDA:363,40,0,0
BRDA:363,40,1,0
BRDA:370,41,0,0
BRDA:378,42,0,0
BRDA:378,42,1,0
BRDA:405,43,0,0
BRDA:405,43,1,0
BRDA:406,44,0,0
BRDA:406,44,1,0
BRDA:427,45,0,0
BRDA:427,45,1,0
BRDA:429,46,0,0
BRDA:429,46,1,0
BRDA:433,47,0,0
BRDA:437,48,0,0
BRDA:463,49,0,0
BRDA:463,49,1,0
BRDA:494,50,0,0
BRDA:494,50,1,0
BRDA:497,51,0,0
BRDA:499,52,0,0
BRDA:499,52,1,0
BRDA:512,53,0,0
BRDA:512,53,1,0
BRDA:516,54,0,0
BRDA:516,54,1,0
BRDA:519,55,0,0
BRDA:519,55,1,0
BRDA:520,56,0,0
BRDA:520,56,1,0
BRDA:523,57,0,0
BRDA:523,57,1,0
BRDA:527,58,0,0
BRDA:527,58,1,0
BRDA:564,59,0,0
BRF:96
BRH:0
end_of_record
TN:
SF:src\lib\storage-monitoring.ts
FN:60,(anonymous_6)
FN:70,(anonymous_7)
FN:92,(anonymous_8)
FN:110,(anonymous_9)
FN:128,(anonymous_10)
FN:145,(anonymous_11)
FN:160,(anonymous_12)
FN:236,(anonymous_13)
FN:253,(anonymous_14)
FN:256,(anonymous_15)
FN:273,(anonymous_16)
FN:298,(anonymous_17)
FN:358,(anonymous_18)
FN:391,(anonymous_19)
FN:392,(anonymous_20)
FN:402,(anonymous_21)
FN:416,(anonymous_22)
FN:444,(anonymous_23)
FN:446,(anonymous_24)
FN:452,(anonymous_25)
FN:469,(anonymous_26)
FN:473,(anonymous_27)
FN:480,monitorStorageOperation
FN:484,(anonymous_29)
FN:487,(anonymous_30)
FN:523,withStorageMonitoring
FNF:26
FNH:0
FNDA:0,(anonymous_6)
FNDA:0,(anonymous_7)
FNDA:0,(anonymous_8)
FNDA:0,(anonymous_9)
FNDA:0,(anonymous_10)
FNDA:0,(anonymous_11)
FNDA:0,(anonymous_12)
FNDA:0,(anonymous_13)
FNDA:0,(anonymous_14)
FNDA:0,(anonymous_15)
FNDA:0,(anonymous_16)
FNDA:0,(anonymous_17)
FNDA:0,(anonymous_18)
FNDA:0,(anonymous_19)
FNDA:0,(anonymous_20)
FNDA:0,(anonymous_21)
FNDA:0,(anonymous_22)
FNDA:0,(anonymous_23)
FNDA:0,(anonymous_24)
FNDA:0,(anonymous_25)
FNDA:0,(anonymous_26)
FNDA:0,(anonymous_27)
FNDA:0,monitorStorageOperation
FNDA:0,(anonymous_29)
FNDA:0,(anonymous_30)
FNDA:0,withStorageMonitoring
DA:1,0
DA:4,0
DA:56,0
DA:57,0
DA:58,0
DA:61,0
DA:62,0
DA:63,0
DA:71,0
DA:73,0
DA:78,0
DA:81,0
DA:84,0
DA:85,0
DA:101,0
DA:119,0
DA:136,0
DA:151,0
DA:161,0
DA:162,0
DA:165,0
DA:166,0
DA:168,0
DA:170,0
DA:181,0
DA:190,0
DA:191,0
DA:192,0
DA:193,0
DA:194,0
DA:195,0
DA:198,0
DA:199,0
DA:200,0
DA:204,0
DA:205,0
DA:207,0
DA:208,0
DA:209,0
DA:213,0
DA:214,0
DA:216,0
DA:217,0
DA:218,0
DA:220,0
DA:221,0
DA:226,0
DA:228,0
DA:229,0
DA:246,0
DA:247,0
DA:248,0
DA:251,0
DA:252,0
DA:253,0
DA:254,0
DA:255,0
DA:256,0
DA:259,0
DA:260,0
DA:261,0
DA:262,0
DA:266,0
DA:267,0
DA:268,0
DA:269,0
DA:273,0
DA:274,0
DA:277,0
DA:278,0
DA:279,0
DA:280,0
DA:283,0
DA:299,0
DA:301,0
DA:303,0
DA:304,0
DA:317,0
DA:319,0
DA:323,0
DA:324,0
DA:325,0
DA:343,0
DA:344,0
DA:347,0
DA:351,0
DA:360,0
DA:361,0
DA:370,0
DA:374,0
DA:375,0
DA:384,0
DA:392,0
DA:393,0
DA:394,0
DA:403,0
DA:405,0
DA:406,0
DA:408,0
DA:410,0
DA:411,0
DA:414,0
DA:416,0
DA:417,0
DA:418,0
DA:432,0
DA:433,0
DA:435,0
DA:437,0
DA:445,0
DA:446,0
DA:453,0
DA:454,0
DA:455,0
DA:459,0
DA:460,0
DA:466,0
DA:469,0
DA:470,0
DA:473,0
DA:474,0
DA:480,0
DA:484,0
DA:485,0
DA:487,0
DA:488,0
DA:489,0
DA:492,0
DA:493,0
DA:494,0
DA:495,0
DA:497,0
DA:498,0
DA:500,0
DA:502,0
DA:516,0
DA:523,0
DA:529,0
DA:530,0
DA:533,0
DA:534,0
DA:535,0
DA:536,0
DA:538,0
DA:539,0
DA:541,0
DA:543,0
LF:147
LH:0
BRDA:61,0,0,0
BRDA:71,1,0,0
BRDA:84,2,0,0
BRDA:160,3,0,0
BRDA:161,4,0,0
BRDA:190,5,0,0
BRDA:192,6,0,0
BRDA:192,6,1,0
BRDA:193,7,0,0
BRDA:193,7,1,0
BRDA:194,8,0,0
BRDA:194,8,1,0
BRDA:195,9,0,0
BRDA:195,9,1,0
BRDA:198,10,0,0
BRDA:204,11,0,0
BRDA:207,12,0,0
BRDA:213,13,0,0
BRDA:216,14,0,0
BRDA:220,15,0,0
BRDA:254,16,0,0
BRDA:254,16,1,0
BRDA:255,17,0,0
BRDA:255,17,1,0
BRDA:259,18,0,0
BRDA:266,19,0,0
BRDA:269,20,0,0
BRDA:274,21,0,0
BRDA:274,21,1,0
BRDA:277,22,0,0
BRDA:303,23,0,0
BRDA:317,24,0,0
BRDA:323,25,0,0
BRDA:333,26,0,0
BRDA:333,26,1,0
BRDA:343,27,0,0
BRDA:360,28,0,0
BRDA:374,29,0,0
BRDA:374,30,0,0
BRDA:374,30,1,0
BRDA:378,31,0,0
BRDA:378,31,1,0
BRDA:393,32,0,0
BRDA:403,33,0,0
BRDA:408,34,0,0
BRDA:453,35,0,0
BRDA:459,36,0,0
BRDA:497,37,0,0
BRDA:497,37,1,0
BRDA:538,38,0,0
BRDA:538,38,1,0
BRF:51
BRH:0
end_of_record
TN:
SF:src\lib\storage-security.ts
FN:48,generateFileAccessToken
FN:89,verifyFileAccessToken
FN:162,generateSecureFilename
FN:180,validateFileUploadSecurity
FN:223,(anonymous_17)
FN:252,validateCORSOrigin
FN:263,(anonymous_19)
FN:276,getSecurityHeaders
FN:310,getCORSPreflightHeaders
FN:327,sanitizeFilename
FN:341,calculateFileHash
FN:345,(anonymous_24)
FN:356,(anonymous_25)
FN:393,getFileExtension
FN:398,formatBytes
FNF:15
FNH:0
FNDA:0,generateFileAccessToken
FNDA:0,verifyFileAccessToken
FNDA:0,generateSecureFilename
FNDA:0,validateFileUploadSecurity
FNDA:0,(anonymous_17)
FNDA:0,validateCORSOrigin
FNDA:0,(anonymous_19)
FNDA:0,getSecurityHeaders
FNDA:0,getCORSPreflightHeaders
FNDA:0,sanitizeFilename
FNDA:0,calculateFileHash
FNDA:0,(anonymous_24)
FNDA:0,(anonymous_25)
FNDA:0,getFileExtension
FNDA:0,formatBytes
DA:1,0
DA:4,0
DA:5,0
DA:6,0
DA:8,0
DA:12,0
DA:48,0
DA:54,0
DA:63,0
DA:65,0
DA:76,0
DA:77,0
DA:82,0
DA:89,0
DA:95,0
DA:96,0
DA:98,0
DA:107,0
DA:108,0
DA:111,0
DA:119,0
DA:120,0
DA:122,0
DA:123,0
DA:127,0
DA:132,0
DA:133,0
DA:136,0
DA:139,0
DA:140,0
DA:143,0
DA:144,0
DA:147,0
DA:155,0
DA:162,0
DA:163,0
DA:164,0
DA:165,0
DA:166,0
DA:169,0
DA:174,0
DA:180,0
DA:189,0
DA:190,0
DA:193,0
DA:194,0
DA:195,0
DA:199,0
DA:200,0
DA:201,0
DA:205,0
DA:206,0
DA:207,0
DA:208,0
DA:212,0
DA:213,0
DA:217,0
DA:223,0
DA:224,0
DA:225,0
DA:230,0
DA:231,0
DA:233,0
DA:234,0
DA:238,0
DA:239,0
DA:242,0
DA:252,0
DA:253,0
DA:254,0
DA:258,0
DA:259,0
DA:263,0
DA:264,0
DA:265,0
DA:266,0
DA:267,0
DA:269,0
DA:276,0
DA:277,0
DA:304,0
DA:310,0
DA:311,0
DA:313,0
DA:314,0
DA:315,0
DA:316,0
DA:317,0
DA:318,0
DA:321,0
DA:327,0
DA:341,0
DA:342,0
DA:343,0
DA:344,0
DA:345,0
DA:351,0
DA:352,0
DA:353,0
DA:354,0
DA:357,0
DA:358,0
DA:359,0
DA:361,0
DA:363,0
DA:364,0
DA:365,0
DA:372,0
DA:373,0
DA:381,0
DA:382,0
DA:384,0
DA:394,0
DA:395,0
DA:399,0
DA:400,0
DA:401,0
DA:402,0
DA:403,0
LF:119
LH:0
BRDA:14,0,0,0
BRDA:14,0,1,0
BRDA:15,1,0,0
BRDA:15,1,1,0
BRDA:20,2,0,0
BRDA:20,2,1,0
BRDA:25,3,0,0
BRDA:25,3,1,0
BRDA:29,4,0,0
BRDA:29,4,1,0
BRDA:34,5,0,0
BRDA:34,5,1,0
BRDA:39,6,0,0
BRDA:39,6,1,0
BRDA:60,7,0,0
BRDA:60,7,1,0
BRDA:63,8,0,0
BRDA:63,8,1,0
BRDA:69,9,0,0
BRDA:69,9,1,0
BRDA:96,10,0,0
BRDA:96,10,1,0
BRDA:107,11,0,0
BRDA:122,12,0,0
BRDA:122,13,0,0
BRDA:122,13,1,0
BRDA:132,14,0,0
BRDA:139,15,0,0
BRDA:139,16,0,0
BRDA:139,16,1,0
BRDA:143,17,0,0
BRDA:155,18,0,0
BRDA:155,18,1,0
BRDA:183,19,0,0
BRDA:194,20,0,0
BRDA:200,21,0,0
BRDA:207,22,0,0
BRDA:212,23,0,0
BRDA:224,24,0,0
BRDA:233,25,0,0
BRDA:238,26,0,0
BRDA:253,27,0,0
BRDA:258,28,0,0
BRDA:264,29,0,0
BRDA:295,30,0,0
BRDA:295,30,1,0
BRDA:298,31,0,0
BRDA:298,31,1,0
BRDA:313,32,0,0
BRDA:313,33,0,0
BRDA:313,33,1,0
BRDA:361,34,0,0
BRDA:361,35,0,0
BRDA:361,35,1,0
BRDA:372,36,0,0
BRDA:395,37,0,0
BRDA:395,37,1,0
BRDA:399,38,0,0
BRF:58
BRH:0
end_of_record
TN:
SF:src\lib\test-db-connection.ts
FN:4,(anonymous_3)
FN:38,(anonymous_4)
FNF:2
FNH:0
FNDA:0,(anonymous_3)
FNDA:0,(anonymous_4)
DA:2,0
DA:4,0
DA:9,0
DA:11,0
DA:13,0
DA:15,0
DA:16,0
DA:23,0
DA:29,0
DA:38,0
DA:39,0
DA:41,0
LF:12
LH:0
BRDA:9,0,0,0
BRDA:9,0,1,0
BRDA:15,1,0,0
BRDA:31,2,0,0
BRDA:31,2,1,0
BRDA:39,3,0,0
BRDA:39,3,1,0
BRDA:43,4,0,0
BRDA:43,4,1,0
BRDA:44,5,0,0
BRDA:44,5,1,0
BRF:11
BRH:0
end_of_record
TN:
SF:src\lib\utils.ts
FN:4,cn
FNF:1
FNH:1
FNDA:5,cn
DA:1,1
DA:2,1
DA:4,5
DA:5,5
LF:4
LH:4
BRF:0
BRH:0
end_of_record
